2023-03-25 00:28:28.7357|0|DEBUG|Program|init main |url: |action: |Program.<Main>$
2023-03-25 00:28:31.4107|14|INFO|Microsoft.Hosting.Lifetime|Now listening on: https://localhost:7293 |url: |action: |Microsoft.AspNetCore.Hosting.GenericWebHostService.StartAsync
2023-03-25 00:28:31.4107|14|INFO|Microsoft.Hosting.Lifetime|Now listening on: http://localhost:5167 |url: |action: |Microsoft.AspNetCore.Hosting.GenericWebHostService.StartAsync
2023-03-25 00:28:31.4206|0|INFO|Microsoft.Hosting.Lifetime|Application started. Press Ctrl+C to shut down. |url: |action: |Microsoft.Extensions.Hosting.Internal.ConsoleLifetime.OnApplicationStarted
2023-03-25 00:28:31.4206|0|INFO|Microsoft.Hosting.Lifetime|Hosting environment: Development |url: |action: |Microsoft.Extensions.Hosting.Internal.ConsoleLifetime.OnApplicationStarted
2023-03-25 00:28:31.4206|0|INFO|Microsoft.Hosting.Lifetime|Content root path: C:\Users\NHTV\Desktop\PhatTrienUngDungWebNangCao\Lab\Lab01\TipsAndTricks\TatBlog.WebApp |url: |action: |Microsoft.Extensions.Hosting.Internal.ApplicationLifetime.NotifyStarted
2023-03-25 00:28:31.8591|0|INFO|TatBlog.WebApp.Middlewares.UserActivityMiddleware|2023-03-25 00:28:31 - IP: ::1 - Path: / |url: https://localhost/|action: Index|TatBlog.WebApp.Middlewares.UserActivityMiddleware.Invoke
2023-03-25 00:28:33.8428|0|INFO|TatBlog.WebApp.Middlewares.UserActivityMiddleware|2023-03-25 00:28:33 - IP: ::1 - Path: /css/main.cs |url: https://localhost/css/main.cs|action: |TatBlog.WebApp.Middlewares.UserActivityMiddleware.Invoke
2023-03-25 00:28:34.4989|0|INFO|TatBlog.WebApp.Middlewares.UserActivityMiddleware|2023-03-25 00:28:34 - IP: ::1 - Path: /admin |url: https://localhost/admin|action: Index|TatBlog.WebApp.Middlewares.UserActivityMiddleware.Invoke
2023-03-25 00:28:34.5995|0|INFO|TatBlog.WebApp.Middlewares.UserActivityMiddleware|2023-03-25 00:28:34 - IP: ::1 - Path: /css/main.cs |url: https://localhost/css/main.cs|action: |TatBlog.WebApp.Middlewares.UserActivityMiddleware.Invoke
2023-03-25 00:28:35.8148|0|INFO|TatBlog.WebApp.Middlewares.UserActivityMiddleware|2023-03-25 00:28:35 - IP: ::1 - Path: /admin/Tags |url: https://localhost/admin/Tags|action: Index|TatBlog.WebApp.Middlewares.UserActivityMiddleware.Invoke
2023-03-25 00:28:36.1513|0|INFO|TatBlog.WebApp.Middlewares.UserActivityMiddleware|2023-03-25 00:28:36 - IP: ::1 - Path: /css/main.cs |url: https://localhost/css/main.cs|action: |TatBlog.WebApp.Middlewares.UserActivityMiddleware.Invoke
2023-03-25 00:28:53.9693|0|INFO|TatBlog.WebApp.Middlewares.UserActivityMiddleware|2023-03-25 00:28:53 - IP: ::1 - Path: /admin/Tags |url: https://localhost/admin/Tags|action: Index|TatBlog.WebApp.Middlewares.UserActivityMiddleware.Invoke
2023-03-25 00:28:54.1112|0|INFO|TatBlog.WebApp.Middlewares.UserActivityMiddleware|2023-03-25 00:28:54 - IP: ::1 - Path: /css/main.cs |url: https://localhost/css/main.cs|action: |TatBlog.WebApp.Middlewares.UserActivityMiddleware.Invoke
2023-03-25 00:29:02.8760|0|INFO|TatBlog.WebApp.Middlewares.UserActivityMiddleware|2023-03-25 00:29:02 - IP: ::1 - Path: /admin/Tags |url: https://localhost/admin/Tags|action: Index|TatBlog.WebApp.Middlewares.UserActivityMiddleware.Invoke
2023-03-25 00:29:02.9331|0|INFO|TatBlog.WebApp.Middlewares.UserActivityMiddleware|2023-03-25 00:29:02 - IP: ::1 - Path: /css/main.cs |url: https://localhost/css/main.cs|action: |TatBlog.WebApp.Middlewares.UserActivityMiddleware.Invoke
2023-03-25 00:29:58.8544|0|DEBUG|Program|init main |url: |action: |Program.<Main>$
2023-03-25 00:30:00.5354|14|INFO|Microsoft.Hosting.Lifetime|Now listening on: https://localhost:7293 |url: |action: |Microsoft.AspNetCore.Hosting.GenericWebHostService.StartAsync
2023-03-25 00:30:00.5354|14|INFO|Microsoft.Hosting.Lifetime|Now listening on: http://localhost:5167 |url: |action: |Microsoft.AspNetCore.Hosting.GenericWebHostService.StartAsync
2023-03-25 00:30:00.5354|0|INFO|Microsoft.Hosting.Lifetime|Application started. Press Ctrl+C to shut down. |url: |action: |Microsoft.Extensions.Hosting.Internal.ConsoleLifetime.OnApplicationStarted
2023-03-25 00:30:00.5354|0|INFO|Microsoft.Hosting.Lifetime|Hosting environment: Development |url: |action: |Microsoft.Extensions.Hosting.Internal.ConsoleLifetime.OnApplicationStarted
2023-03-25 00:30:00.5354|0|INFO|Microsoft.Hosting.Lifetime|Content root path: C:\Users\NHTV\Desktop\PhatTrienUngDungWebNangCao\Lab\Lab01\TipsAndTricks\TatBlog.WebApp |url: |action: |Microsoft.Extensions.Hosting.Internal.ApplicationLifetime.NotifyStarted
2023-03-25 00:30:01.2363|0|INFO|TatBlog.WebApp.Middlewares.UserActivityMiddleware|2023-03-25 00:30:01 - IP: ::1 - Path: /css/main.cs |url: https://localhost/css/main.cs|action: |TatBlog.WebApp.Middlewares.UserActivityMiddleware.Invoke
2023-03-25 00:30:01.2363|0|INFO|TatBlog.WebApp.Middlewares.UserActivityMiddleware|2023-03-25 00:30:01 - IP: ::1 - Path: / |url: https://localhost/|action: Index|TatBlog.WebApp.Middlewares.UserActivityMiddleware.Invoke
2023-03-25 00:30:01.5165|0|INFO|TatBlog.WebApp.Middlewares.UserActivityMiddleware|2023-03-25 00:30:01 - IP: ::1 - Path: /favicon.ico |url: https://localhost/favicon.ico|action: |TatBlog.WebApp.Middlewares.UserActivityMiddleware.Invoke
2023-03-25 00:30:02.8576|0|INFO|TatBlog.WebApp.Middlewares.UserActivityMiddleware|2023-03-25 00:30:02 - IP: ::1 - Path: /css/main.cs |url: https://localhost/css/main.cs|action: |TatBlog.WebApp.Middlewares.UserActivityMiddleware.Invoke
2023-03-25 00:30:07.2050|0|INFO|TatBlog.WebApp.Middlewares.UserActivityMiddleware|2023-03-25 00:30:07 - IP: ::1 - Path: /admin |url: https://localhost/admin|action: Index|TatBlog.WebApp.Middlewares.UserActivityMiddleware.Invoke
2023-03-25 00:30:07.2906|0|INFO|TatBlog.WebApp.Middlewares.UserActivityMiddleware|2023-03-25 00:30:07 - IP: ::1 - Path: /css/main.cs |url: https://localhost/css/main.cs|action: |TatBlog.WebApp.Middlewares.UserActivityMiddleware.Invoke
2023-03-25 00:30:08.8465|0|INFO|TatBlog.WebApp.Middlewares.UserActivityMiddleware|2023-03-25 00:30:08 - IP: ::1 - Path: /admin/Tags |url: https://localhost/admin/Tags|action: Index|TatBlog.WebApp.Middlewares.UserActivityMiddleware.Invoke
2023-03-25 00:30:09.1200|0|INFO|TatBlog.WebApp.Middlewares.UserActivityMiddleware|2023-03-25 00:30:09 - IP: ::1 - Path: /css/main.cs |url: https://localhost/css/main.cs|action: |TatBlog.WebApp.Middlewares.UserActivityMiddleware.Invoke
2023-03-25 00:30:10.5315|0|INFO|TatBlog.WebApp.Middlewares.UserActivityMiddleware|2023-03-25 00:30:10 - IP: ::1 - Path: /admin/Tags |url: https://localhost/admin/Tags|action: Index|TatBlog.WebApp.Middlewares.UserActivityMiddleware.Invoke
2023-03-25 00:30:10.6047|0|INFO|TatBlog.WebApp.Middlewares.UserActivityMiddleware|2023-03-25 00:30:10 - IP: ::1 - Path: /css/main.cs |url: https://localhost/css/main.cs|action: |TatBlog.WebApp.Middlewares.UserActivityMiddleware.Invoke
2023-03-25 00:30:11.5741|0|INFO|TatBlog.WebApp.Middlewares.UserActivityMiddleware|2023-03-25 00:30:11 - IP: ::1 - Path: /admin/Tags |url: https://localhost/admin/Tags|action: Index|TatBlog.WebApp.Middlewares.UserActivityMiddleware.Invoke
2023-03-25 00:30:11.6363|0|INFO|TatBlog.WebApp.Middlewares.UserActivityMiddleware|2023-03-25 00:30:11 - IP: ::1 - Path: /css/main.cs |url: https://localhost/css/main.cs|action: |TatBlog.WebApp.Middlewares.UserActivityMiddleware.Invoke
2023-03-25 00:30:21.5805|0|INFO|TatBlog.WebApp.Middlewares.UserActivityMiddleware|2023-03-25 00:30:21 - IP: ::1 - Path: /admin/Tags |url: https://localhost/admin/Tags|action: Index|TatBlog.WebApp.Middlewares.UserActivityMiddleware.Invoke
2023-03-25 00:30:21.6434|0|INFO|TatBlog.WebApp.Middlewares.UserActivityMiddleware|2023-03-25 00:30:21 - IP: ::1 - Path: /css/main.cs |url: https://localhost/css/main.cs|action: |TatBlog.WebApp.Middlewares.UserActivityMiddleware.Invoke
2023-03-25 00:30:25.0773|0|INFO|TatBlog.WebApp.Middlewares.UserActivityMiddleware|2023-03-25 00:30:25 - IP: ::1 - Path: /admin/Tags |url: https://localhost/admin/Tags|action: Index|TatBlog.WebApp.Middlewares.UserActivityMiddleware.Invoke
2023-03-25 00:30:25.1414|0|INFO|TatBlog.WebApp.Middlewares.UserActivityMiddleware|2023-03-25 00:30:25 - IP: ::1 - Path: /css/main.cs |url: https://localhost/css/main.cs|action: |TatBlog.WebApp.Middlewares.UserActivityMiddleware.Invoke
2023-03-25 00:30:27.8346|0|INFO|Microsoft.Hosting.Lifetime|Application is shutting down... |url: |action: |Microsoft.Extensions.Hosting.Internal.ApplicationLifetime.StopApplication
2023-03-25 11:08:22.0758|0|DEBUG|Program|init main |url: |action: |Program.<Main>$
2023-03-25 11:08:24.5068|14|INFO|Microsoft.Hosting.Lifetime|Now listening on: https://localhost:7293 |url: |action: |Microsoft.AspNetCore.Hosting.GenericWebHostService.StartAsync
2023-03-25 11:08:24.5068|14|INFO|Microsoft.Hosting.Lifetime|Now listening on: http://localhost:5167 |url: |action: |Microsoft.AspNetCore.Hosting.GenericWebHostService.StartAsync
2023-03-25 11:08:24.5068|0|INFO|Microsoft.Hosting.Lifetime|Application started. Press Ctrl+C to shut down. |url: |action: |Microsoft.Extensions.Hosting.Internal.ConsoleLifetime.OnApplicationStarted
2023-03-25 11:08:24.5143|0|INFO|Microsoft.Hosting.Lifetime|Hosting environment: Development |url: |action: |Microsoft.Extensions.Hosting.Internal.ConsoleLifetime.OnApplicationStarted
2023-03-25 11:08:24.5143|0|INFO|Microsoft.Hosting.Lifetime|Content root path: C:\Users\NHTV\Desktop\PhatTrienUngDungWebNangCao\Lab\Lab01\TipsAndTricks\TatBlog.WebApp |url: |action: |Microsoft.Extensions.Hosting.Internal.ApplicationLifetime.NotifyStarted
2023-03-25 11:08:26.4226|0|INFO|TatBlog.WebApp.Middlewares.UserActivityMiddleware|2023-03-25 11:08:26 - IP: ::1 - Path: / |url: https://localhost/|action: Index|TatBlog.WebApp.Middlewares.UserActivityMiddleware.Invoke
2023-03-25 11:08:30.0449|0|INFO|TatBlog.WebApp.Middlewares.UserActivityMiddleware|2023-03-25 11:08:30 - IP: ::1 - Path: /css/main.cs |url: https://localhost/css/main.cs|action: |TatBlog.WebApp.Middlewares.UserActivityMiddleware.Invoke
2023-03-25 11:08:30.3307|0|INFO|TatBlog.WebApp.Middlewares.UserActivityMiddleware|2023-03-25 11:08:30 - IP: ::1 - Path: /admin |url: https://localhost/admin|action: Index|TatBlog.WebApp.Middlewares.UserActivityMiddleware.Invoke
2023-03-25 11:08:30.4203|0|INFO|TatBlog.WebApp.Middlewares.UserActivityMiddleware|2023-03-25 11:08:30 - IP: ::1 - Path: /favicon.ico |url: https://localhost/favicon.ico|action: |TatBlog.WebApp.Middlewares.UserActivityMiddleware.Invoke
2023-03-25 11:08:30.5302|0|INFO|TatBlog.WebApp.Middlewares.UserActivityMiddleware|2023-03-25 11:08:30 - IP: ::1 - Path: /css/main.cs |url: https://localhost/css/main.cs|action: |TatBlog.WebApp.Middlewares.UserActivityMiddleware.Invoke
2023-03-25 11:08:31.7971|0|INFO|TatBlog.WebApp.Middlewares.UserActivityMiddleware|2023-03-25 11:08:31 - IP: ::1 - Path: /admin/Tags |url: https://localhost/admin/Tags|action: Index|TatBlog.WebApp.Middlewares.UserActivityMiddleware.Invoke
2023-03-25 11:08:32.9583|0|INFO|TatBlog.WebApp.Middlewares.UserActivityMiddleware|2023-03-25 11:08:32 - IP: ::1 - Path: /css/main.cs |url: https://localhost/css/main.cs|action: |TatBlog.WebApp.Middlewares.UserActivityMiddleware.Invoke
2023-03-25 11:08:34.2362|0|INFO|TatBlog.WebApp.Middlewares.UserActivityMiddleware|2023-03-25 11:08:34 - IP: ::1 - Path: /admin/Tags/Edit/7 |url: https://localhost/admin/Tags/Edit/7|action: Edit|TatBlog.WebApp.Middlewares.UserActivityMiddleware.Invoke
2023-03-25 11:08:34.2794|1|ERROR|Microsoft.AspNetCore.Diagnostics.DeveloperExceptionPageMiddleware|An unhandled exception has occurred while executing the request. System.InvalidOperationException: The model item passed into the ViewDataDictionary is of type 'TatBlog.WebApp.Areas.Admin.Models.TagEditModel', but this ViewDataDictionary instance requires a model item of type 'TatBlog.WebApp.Areas.Admin.Models.CategoryEditModel'.
   at Microsoft.AspNetCore.Mvc.ViewFeatures.ViewDataDictionary.EnsureCompatible(Object value)
   at lambda_method348(Closure, ViewDataDictionary)
   at Microsoft.AspNetCore.Mvc.Razor.RazorPagePropertyActivator.Activate(Object page, ViewContext context)
   at Microsoft.AspNetCore.Mvc.Razor.RazorView.RenderPageCoreAsync(IRazorPage page, ViewContext context)
   at Microsoft.AspNetCore.Mvc.Razor.RazorView.RenderPageAsync(IRazorPage page, ViewContext context, Boolean invokeViewStarts)
   at Microsoft.AspNetCore.Mvc.Razor.RazorView.RenderAsync(ViewContext context)
   at Microsoft.AspNetCore.Mvc.ViewFeatures.ViewExecutor.ExecuteAsync(ViewContext viewContext, String contentType, Nullable`1 statusCode)
   at Microsoft.AspNetCore.Mvc.ViewFeatures.ViewExecutor.ExecuteAsync(ViewContext viewContext, String contentType, Nullable`1 statusCode)
   at Microsoft.AspNetCore.Mvc.ViewFeatures.ViewExecutor.ExecuteAsync(ActionContext actionContext, IView view, ViewDataDictionary viewData, ITempDataDictionary tempData, String contentType, Nullable`1 statusCode)
   at Microsoft.AspNetCore.Mvc.ViewFeatures.ViewResultExecutor.ExecuteAsync(ActionContext context, ViewResult result)
   at Microsoft.AspNetCore.Mvc.ViewResult.ExecuteResultAsync(ActionContext context)
   at Microsoft.AspNetCore.Mvc.Infrastructure.ResourceInvoker.<InvokeResultAsync>g__Logged|22_0(ResourceInvoker invoker, IActionResult result)
   at Microsoft.AspNetCore.Mvc.Infrastructure.ResourceInvoker.<InvokeNextResultFilterAsync>g__Awaited|30_0[TFilter,TFilterAsync](ResourceInvoker invoker, Task lastTask, State next, Scope scope, Object state, Boolean isCompleted)
   at Microsoft.AspNetCore.Mvc.Infrastructure.ResourceInvoker.Rethrow(ResultExecutedContextSealed context)
   at Microsoft.AspNetCore.Mvc.Infrastructure.ResourceInvoker.ResultNext[TFilter,TFilterAsync](State& next, Scope& scope, Object& state, Boolean& isCompleted)
   at Microsoft.AspNetCore.Mvc.Infrastructure.ResourceInvoker.InvokeResultFilters()
--- End of stack trace from previous location ---
   at Microsoft.AspNetCore.Mvc.Infrastructure.ResourceInvoker.<InvokeNextResourceFilter>g__Awaited|25_0(ResourceInvoker invoker, Task lastTask, State next, Scope scope, Object state, Boolean isCompleted)
   at Microsoft.AspNetCore.Mvc.Infrastructure.ResourceInvoker.Rethrow(ResourceExecutedContextSealed context)
   at Microsoft.AspNetCore.Mvc.Infrastructure.ResourceInvoker.Next(State& next, Scope& scope, Object& state, Boolean& isCompleted)
   at Microsoft.AspNetCore.Mvc.Infrastructure.ResourceInvoker.<InvokeFilterPipelineAsync>g__Awaited|20_0(ResourceInvoker invoker, Task lastTask, State next, Scope scope, Object state, Boolean isCompleted)
   at Microsoft.AspNetCore.Mvc.Infrastructure.ResourceInvoker.<InvokeAsync>g__Logged|17_1(ResourceInvoker invoker)
   at Microsoft.AspNetCore.Mvc.Infrastructure.ResourceInvoker.<InvokeAsync>g__Logged|17_1(ResourceInvoker invoker)
   at Microsoft.AspNetCore.Routing.EndpointMiddleware.<Invoke>g__AwaitRequestTask|6_0(Endpoint endpoint, Task requestTask, ILogger logger)
   at TatBlog.WebApp.Middlewares.UserActivityMiddleware.Invoke(HttpContext context) in C:\Users\NHTV\Desktop\PhatTrienUngDungWebNangCao\Lab\Lab01\TipsAndTricks\TatBlog.WebApp\Middlewares\UserActivityMiddleware.cs:line 22
   at Microsoft.AspNetCore.ResponseCompression.ResponseCompressionMiddleware.InvokeCore(HttpContext context)
   at Microsoft.AspNetCore.Diagnostics.DeveloperExceptionPageMiddlewareImpl.Invoke(HttpContext context)|url: https://localhost/admin/Tags/Edit/7|action: Edit|Microsoft.AspNetCore.Diagnostics.DeveloperExceptionPageMiddlewareImpl.Invoke
2023-03-25 11:10:28.8308|0|DEBUG|Program|init main |url: |action: |Program.<Main>$
2023-03-25 11:10:30.5313|14|INFO|Microsoft.Hosting.Lifetime|Now listening on: https://localhost:7293 |url: |action: |Microsoft.AspNetCore.Hosting.GenericWebHostService.StartAsync
2023-03-25 11:10:30.5313|14|INFO|Microsoft.Hosting.Lifetime|Now listening on: http://localhost:5167 |url: |action: |Microsoft.AspNetCore.Hosting.GenericWebHostService.StartAsync
2023-03-25 11:10:30.5313|0|INFO|Microsoft.Hosting.Lifetime|Application started. Press Ctrl+C to shut down. |url: |action: |Microsoft.Extensions.Hosting.Internal.ConsoleLifetime.OnApplicationStarted
2023-03-25 11:10:30.5313|0|INFO|Microsoft.Hosting.Lifetime|Hosting environment: Development |url: |action: |Microsoft.Extensions.Hosting.Internal.ConsoleLifetime.OnApplicationStarted
2023-03-25 11:10:30.5313|0|INFO|Microsoft.Hosting.Lifetime|Content root path: C:\Users\NHTV\Desktop\PhatTrienUngDungWebNangCao\Lab\Lab01\TipsAndTricks\TatBlog.WebApp |url: |action: |Microsoft.Extensions.Hosting.Internal.ApplicationLifetime.NotifyStarted
2023-03-25 11:10:31.3221|0|INFO|TatBlog.WebApp.Middlewares.UserActivityMiddleware|2023-03-25 11:10:31 - IP: ::1 - Path: / |url: https://localhost/|action: Index|TatBlog.WebApp.Middlewares.UserActivityMiddleware.Invoke
2023-03-25 11:10:32.7813|0|INFO|TatBlog.WebApp.Middlewares.UserActivityMiddleware|2023-03-25 11:10:32 - IP: ::1 - Path: /css/main.cs |url: https://localhost/css/main.cs|action: |TatBlog.WebApp.Middlewares.UserActivityMiddleware.Invoke
2023-03-25 11:10:34.7023|0|INFO|TatBlog.WebApp.Middlewares.UserActivityMiddleware|2023-03-25 11:10:34 - IP: ::1 - Path: /admin |url: https://localhost/admin|action: Index|TatBlog.WebApp.Middlewares.UserActivityMiddleware.Invoke
2023-03-25 11:10:34.7907|0|INFO|TatBlog.WebApp.Middlewares.UserActivityMiddleware|2023-03-25 11:10:34 - IP: ::1 - Path: /css/main.cs |url: https://localhost/css/main.cs|action: |TatBlog.WebApp.Middlewares.UserActivityMiddleware.Invoke
2023-03-25 11:10:36.4761|0|INFO|TatBlog.WebApp.Middlewares.UserActivityMiddleware|2023-03-25 11:10:36 - IP: ::1 - Path: /admin/Tags |url: https://localhost/admin/Tags|action: Index|TatBlog.WebApp.Middlewares.UserActivityMiddleware.Invoke
2023-03-25 11:10:36.7188|0|INFO|TatBlog.WebApp.Middlewares.UserActivityMiddleware|2023-03-25 11:10:36 - IP: ::1 - Path: /css/main.cs |url: https://localhost/css/main.cs|action: |TatBlog.WebApp.Middlewares.UserActivityMiddleware.Invoke
2023-03-25 11:10:38.1114|0|INFO|TatBlog.WebApp.Middlewares.UserActivityMiddleware|2023-03-25 11:10:38 - IP: ::1 - Path: /admin/Tags/Edit/7 |url: https://localhost/admin/Tags/Edit/7|action: Edit|TatBlog.WebApp.Middlewares.UserActivityMiddleware.Invoke
2023-03-25 11:10:38.2408|0|INFO|TatBlog.WebApp.Middlewares.UserActivityMiddleware|2023-03-25 11:10:38 - IP: ::1 - Path: /css/main.cs |url: https://localhost/css/main.cs|action: |TatBlog.WebApp.Middlewares.UserActivityMiddleware.Invoke
2023-03-25 11:10:39.8143|0|INFO|TatBlog.WebApp.Middlewares.UserActivityMiddleware|2023-03-25 11:10:39 - IP: ::1 - Path: /admin/Tags |url: https://localhost/admin/Tags|action: Index|TatBlog.WebApp.Middlewares.UserActivityMiddleware.Invoke
2023-03-25 11:10:39.8848|0|INFO|TatBlog.WebApp.Middlewares.UserActivityMiddleware|2023-03-25 11:10:39 - IP: ::1 - Path: /css/main.cs |url: https://localhost/css/main.cs|action: |TatBlog.WebApp.Middlewares.UserActivityMiddleware.Invoke
2023-03-25 11:10:40.7337|0|INFO|TatBlog.WebApp.Middlewares.UserActivityMiddleware|2023-03-25 11:10:40 - IP: ::1 - Path: /admin/Tags/Edit/9 |url: https://localhost/admin/Tags/Edit/9|action: Edit|TatBlog.WebApp.Middlewares.UserActivityMiddleware.Invoke
2023-03-25 11:10:40.8447|0|INFO|TatBlog.WebApp.Middlewares.UserActivityMiddleware|2023-03-25 11:10:40 - IP: ::1 - Path: /css/main.cs |url: https://localhost/css/main.cs|action: |TatBlog.WebApp.Middlewares.UserActivityMiddleware.Invoke
2023-03-25 11:10:44.9986|0|INFO|TatBlog.WebApp.Middlewares.UserActivityMiddleware|2023-03-25 11:10:44 - IP: ::1 - Path: /admin/Tags |url: https://localhost/admin/Tags|action: Index|TatBlog.WebApp.Middlewares.UserActivityMiddleware.Invoke
2023-03-25 11:10:45.0722|0|INFO|TatBlog.WebApp.Middlewares.UserActivityMiddleware|2023-03-25 11:10:45 - IP: ::1 - Path: /css/main.cs |url: https://localhost/css/main.cs|action: |TatBlog.WebApp.Middlewares.UserActivityMiddleware.Invoke
2023-03-25 11:10:46.0777|0|INFO|TatBlog.WebApp.Middlewares.UserActivityMiddleware|2023-03-25 11:10:46 - IP: ::1 - Path: /admin/Tags/Edit/4 |url: https://localhost/admin/Tags/Edit/4|action: Edit|TatBlog.WebApp.Middlewares.UserActivityMiddleware.Invoke
2023-03-25 11:10:46.1163|0|INFO|TatBlog.WebApp.Middlewares.UserActivityMiddleware|2023-03-25 11:10:46 - IP: ::1 - Path: /css/main.cs |url: https://localhost/css/main.cs|action: |TatBlog.WebApp.Middlewares.UserActivityMiddleware.Invoke
2023-03-25 11:10:46.9241|0|INFO|TatBlog.WebApp.Middlewares.UserActivityMiddleware|2023-03-25 11:10:46 - IP: ::1 - Path: /admin/Tags |url: https://localhost/admin/Tags|action: Index|TatBlog.WebApp.Middlewares.UserActivityMiddleware.Invoke
2023-03-25 11:10:46.9825|0|INFO|TatBlog.WebApp.Middlewares.UserActivityMiddleware|2023-03-25 11:10:46 - IP: ::1 - Path: /css/main.cs |url: https://localhost/css/main.cs|action: |TatBlog.WebApp.Middlewares.UserActivityMiddleware.Invoke
2023-03-25 11:10:47.8267|0|INFO|TatBlog.WebApp.Middlewares.UserActivityMiddleware|2023-03-25 11:10:47 - IP: ::1 - Path: /admin/Authors |url: https://localhost/admin/Authors|action: Index|TatBlog.WebApp.Middlewares.UserActivityMiddleware.Invoke
2023-03-25 11:10:47.9444|0|INFO|TatBlog.WebApp.Middlewares.UserActivityMiddleware|2023-03-25 11:10:47 - IP: ::1 - Path: /css/main.cs |url: https://localhost/css/main.cs|action: |TatBlog.WebApp.Middlewares.UserActivityMiddleware.Invoke
2023-03-25 11:10:48.9326|0|INFO|TatBlog.WebApp.Middlewares.UserActivityMiddleware|2023-03-25 11:10:48 - IP: ::1 - Path: /admin/Authors/Edit/1 |url: https://localhost/admin/Authors/Edit/1|action: Edit|TatBlog.WebApp.Middlewares.UserActivityMiddleware.Invoke
2023-03-25 11:10:49.0238|0|INFO|TatBlog.WebApp.Middlewares.UserActivityMiddleware|2023-03-25 11:10:49 - IP: ::1 - Path: /css/main.cs |url: https://localhost/css/main.cs|action: |TatBlog.WebApp.Middlewares.UserActivityMiddleware.Invoke
2023-03-25 11:11:30.6118|0|INFO|TatBlog.WebApp.Middlewares.UserActivityMiddleware|2023-03-25 11:11:30 - IP: ::1 - Path: /admin/Authors |url: https://localhost/admin/Authors|action: Index|TatBlog.WebApp.Middlewares.UserActivityMiddleware.Invoke
2023-03-25 11:11:30.6725|0|INFO|TatBlog.WebApp.Middlewares.UserActivityMiddleware|2023-03-25 11:11:30 - IP: ::1 - Path: /css/main.cs |url: https://localhost/css/main.cs|action: |TatBlog.WebApp.Middlewares.UserActivityMiddleware.Invoke
2023-03-25 11:11:34.4867|0|INFO|TatBlog.WebApp.Middlewares.UserActivityMiddleware|2023-03-25 11:11:34 - IP: ::1 - Path: /admin/Tags |url: https://localhost/admin/Tags|action: Index|TatBlog.WebApp.Middlewares.UserActivityMiddleware.Invoke
2023-03-25 11:11:34.5526|0|INFO|TatBlog.WebApp.Middlewares.UserActivityMiddleware|2023-03-25 11:11:34 - IP: ::1 - Path: /css/main.cs |url: https://localhost/css/main.cs|action: |TatBlog.WebApp.Middlewares.UserActivityMiddleware.Invoke
2023-03-25 11:11:36.7397|0|INFO|TatBlog.WebApp.Middlewares.UserActivityMiddleware|2023-03-25 11:11:36 - IP: ::1 - Path: /admin/Tags/Edit/7 |url: https://localhost/admin/Tags/Edit/7|action: Edit|TatBlog.WebApp.Middlewares.UserActivityMiddleware.Invoke
2023-03-25 11:11:36.7941|0|INFO|TatBlog.WebApp.Middlewares.UserActivityMiddleware|2023-03-25 11:11:36 - IP: ::1 - Path: /css/main.cs |url: https://localhost/css/main.cs|action: |TatBlog.WebApp.Middlewares.UserActivityMiddleware.Invoke
2023-03-25 11:11:37.7479|0|INFO|TatBlog.WebApp.Middlewares.UserActivityMiddleware|2023-03-25 11:11:37 - IP: ::1 - Path: /admin/Tags |url: https://localhost/admin/Tags|action: Index|TatBlog.WebApp.Middlewares.UserActivityMiddleware.Invoke
2023-03-25 11:11:37.7939|0|INFO|TatBlog.WebApp.Middlewares.UserActivityMiddleware|2023-03-25 11:11:37 - IP: ::1 - Path: /css/main.cs |url: https://localhost/css/main.cs|action: |TatBlog.WebApp.Middlewares.UserActivityMiddleware.Invoke
2023-03-25 11:11:38.6680|0|INFO|TatBlog.WebApp.Middlewares.UserActivityMiddleware|2023-03-25 11:11:38 - IP: ::1 - Path: /admin/Tags/Edit/9 |url: https://localhost/admin/Tags/Edit/9|action: Edit|TatBlog.WebApp.Middlewares.UserActivityMiddleware.Invoke
2023-03-25 11:11:38.7103|0|INFO|TatBlog.WebApp.Middlewares.UserActivityMiddleware|2023-03-25 11:11:38 - IP: ::1 - Path: /css/main.cs |url: https://localhost/css/main.cs|action: |TatBlog.WebApp.Middlewares.UserActivityMiddleware.Invoke
2023-03-25 11:11:39.6119|0|INFO|TatBlog.WebApp.Middlewares.UserActivityMiddleware|2023-03-25 11:11:39 - IP: ::1 - Path: /admin/Tags |url: https://localhost/admin/Tags|action: Index|TatBlog.WebApp.Middlewares.UserActivityMiddleware.Invoke
2023-03-25 11:11:39.6531|0|INFO|TatBlog.WebApp.Middlewares.UserActivityMiddleware|2023-03-25 11:11:39 - IP: ::1 - Path: /css/main.cs |url: https://localhost/css/main.cs|action: |TatBlog.WebApp.Middlewares.UserActivityMiddleware.Invoke
2023-03-25 11:11:40.4680|0|INFO|TatBlog.WebApp.Middlewares.UserActivityMiddleware|2023-03-25 11:11:40 - IP: ::1 - Path: /admin/Tags/Edit/4 |url: https://localhost/admin/Tags/Edit/4|action: Edit|TatBlog.WebApp.Middlewares.UserActivityMiddleware.Invoke
2023-03-25 11:11:40.5156|0|INFO|TatBlog.WebApp.Middlewares.UserActivityMiddleware|2023-03-25 11:11:40 - IP: ::1 - Path: /css/main.cs |url: https://localhost/css/main.cs|action: |TatBlog.WebApp.Middlewares.UserActivityMiddleware.Invoke
2023-03-25 11:11:41.3892|0|INFO|TatBlog.WebApp.Middlewares.UserActivityMiddleware|2023-03-25 11:11:41 - IP: ::1 - Path: /admin/Tags |url: https://localhost/admin/Tags|action: Index|TatBlog.WebApp.Middlewares.UserActivityMiddleware.Invoke
2023-03-25 11:11:41.4437|0|INFO|TatBlog.WebApp.Middlewares.UserActivityMiddleware|2023-03-25 11:11:41 - IP: ::1 - Path: /css/main.cs |url: https://localhost/css/main.cs|action: |TatBlog.WebApp.Middlewares.UserActivityMiddleware.Invoke
2023-03-25 11:11:42.0526|0|INFO|TatBlog.WebApp.Middlewares.UserActivityMiddleware|2023-03-25 11:11:42 - IP: ::1 - Path: /admin/Tags/Edit/5 |url: https://localhost/admin/Tags/Edit/5|action: Edit|TatBlog.WebApp.Middlewares.UserActivityMiddleware.Invoke
2023-03-25 11:11:42.0993|0|INFO|TatBlog.WebApp.Middlewares.UserActivityMiddleware|2023-03-25 11:11:42 - IP: ::1 - Path: /css/main.cs |url: https://localhost/css/main.cs|action: |TatBlog.WebApp.Middlewares.UserActivityMiddleware.Invoke
2023-03-25 11:11:43.0372|0|INFO|TatBlog.WebApp.Middlewares.UserActivityMiddleware|2023-03-25 11:11:43 - IP: ::1 - Path: /admin/Tags |url: https://localhost/admin/Tags|action: Index|TatBlog.WebApp.Middlewares.UserActivityMiddleware.Invoke
2023-03-25 11:11:43.0817|0|INFO|TatBlog.WebApp.Middlewares.UserActivityMiddleware|2023-03-25 11:11:43 - IP: ::1 - Path: /css/main.cs |url: https://localhost/css/main.cs|action: |TatBlog.WebApp.Middlewares.UserActivityMiddleware.Invoke
2023-03-25 11:11:43.9119|0|INFO|TatBlog.WebApp.Middlewares.UserActivityMiddleware|2023-03-25 11:11:43 - IP: ::1 - Path: /admin/Tags |url: https://localhost/admin/Tags|action: Index|TatBlog.WebApp.Middlewares.UserActivityMiddleware.Invoke
2023-03-25 11:11:43.9694|0|INFO|TatBlog.WebApp.Middlewares.UserActivityMiddleware|2023-03-25 11:11:43 - IP: ::1 - Path: /css/main.cs |url: https://localhost/css/main.cs|action: |TatBlog.WebApp.Middlewares.UserActivityMiddleware.Invoke
2023-03-25 11:11:45.6368|0|INFO|TatBlog.WebApp.Middlewares.UserActivityMiddleware|2023-03-25 11:11:45 - IP: ::1 - Path: /admin/Tags |url: https://localhost/admin/Tags|action: Index|TatBlog.WebApp.Middlewares.UserActivityMiddleware.Invoke
2023-03-25 11:11:45.6857|0|INFO|TatBlog.WebApp.Middlewares.UserActivityMiddleware|2023-03-25 11:11:45 - IP: ::1 - Path: /css/main.cs |url: https://localhost/css/main.cs|action: |TatBlog.WebApp.Middlewares.UserActivityMiddleware.Invoke
2023-03-25 11:11:51.0140|0|INFO|TatBlog.WebApp.Middlewares.UserActivityMiddleware|2023-03-25 11:11:51 - IP: ::1 - Path: /admin/Tags/Edit/6 |url: https://localhost/admin/Tags/Edit/6|action: Edit|TatBlog.WebApp.Middlewares.UserActivityMiddleware.Invoke
2023-03-25 11:11:51.0664|0|INFO|TatBlog.WebApp.Middlewares.UserActivityMiddleware|2023-03-25 11:11:51 - IP: ::1 - Path: /css/main.cs |url: https://localhost/css/main.cs|action: |TatBlog.WebApp.Middlewares.UserActivityMiddleware.Invoke
2023-03-25 11:11:52.9719|0|INFO|TatBlog.WebApp.Middlewares.UserActivityMiddleware|2023-03-25 11:11:52 - IP: ::1 - Path: /admin/Tags |url: https://localhost/admin/Tags|action: Index|TatBlog.WebApp.Middlewares.UserActivityMiddleware.Invoke
2023-03-25 11:11:53.0169|0|INFO|TatBlog.WebApp.Middlewares.UserActivityMiddleware|2023-03-25 11:11:53 - IP: ::1 - Path: /css/main.cs |url: https://localhost/css/main.cs|action: |TatBlog.WebApp.Middlewares.UserActivityMiddleware.Invoke
2023-03-25 11:12:00.6707|0|INFO|TatBlog.WebApp.Middlewares.UserActivityMiddleware|2023-03-25 11:12:00 - IP: ::1 - Path: /admin/Tags/Edit |url: https://localhost/admin/Tags/Edit|action: Edit|TatBlog.WebApp.Middlewares.UserActivityMiddleware.Invoke
2023-03-25 11:12:00.7109|0|INFO|TatBlog.WebApp.Middlewares.UserActivityMiddleware|2023-03-25 11:12:00 - IP: ::1 - Path: /css/main.cs |url: https://localhost/css/main.cs|action: |TatBlog.WebApp.Middlewares.UserActivityMiddleware.Invoke
2023-03-25 11:12:01.8516|0|INFO|TatBlog.WebApp.Middlewares.UserActivityMiddleware|2023-03-25 11:12:01 - IP: ::1 - Path: /admin/Tags |url: https://localhost/admin/Tags|action: Index|TatBlog.WebApp.Middlewares.UserActivityMiddleware.Invoke
2023-03-25 11:12:01.8943|0|INFO|TatBlog.WebApp.Middlewares.UserActivityMiddleware|2023-03-25 11:12:01 - IP: ::1 - Path: /css/main.cs |url: https://localhost/css/main.cs|action: |TatBlog.WebApp.Middlewares.UserActivityMiddleware.Invoke
2023-03-25 11:12:03.1076|0|INFO|TatBlog.WebApp.Middlewares.UserActivityMiddleware|2023-03-25 11:12:03 - IP: ::1 - Path: /admin/Tags/Edit |url: https://localhost/admin/Tags/Edit|action: Edit|TatBlog.WebApp.Middlewares.UserActivityMiddleware.Invoke
2023-03-25 11:12:03.1495|0|INFO|TatBlog.WebApp.Middlewares.UserActivityMiddleware|2023-03-25 11:12:03 - IP: ::1 - Path: /css/main.cs |url: https://localhost/css/main.cs|action: |TatBlog.WebApp.Middlewares.UserActivityMiddleware.Invoke
2023-03-25 11:12:18.0215|0|INFO|TatBlog.WebApp.Middlewares.UserActivityMiddleware|2023-03-25 11:12:18 - IP: ::1 - Path: /admin/Tags |url: https://localhost/admin/Tags|action: Index|TatBlog.WebApp.Middlewares.UserActivityMiddleware.Invoke
2023-03-25 11:12:18.0718|0|INFO|TatBlog.WebApp.Middlewares.UserActivityMiddleware|2023-03-25 11:12:18 - IP: ::1 - Path: /css/main.cs |url: https://localhost/css/main.cs|action: |TatBlog.WebApp.Middlewares.UserActivityMiddleware.Invoke
2023-03-25 11:16:34.5009|0|DEBUG|Program|init main |url: |action: |Program.<Main>$
2023-03-25 11:16:36.6313|14|INFO|Microsoft.Hosting.Lifetime|Now listening on: https://localhost:7293 |url: |action: |Microsoft.AspNetCore.Hosting.GenericWebHostService.StartAsync
2023-03-25 11:16:36.6394|14|INFO|Microsoft.Hosting.Lifetime|Now listening on: http://localhost:5167 |url: |action: |Microsoft.AspNetCore.Hosting.GenericWebHostService.StartAsync
2023-03-25 11:16:36.6394|0|INFO|Microsoft.Hosting.Lifetime|Application started. Press Ctrl+C to shut down. |url: |action: |Microsoft.Extensions.Hosting.Internal.ConsoleLifetime.OnApplicationStarted
2023-03-25 11:16:36.6394|0|INFO|Microsoft.Hosting.Lifetime|Hosting environment: Development |url: |action: |Microsoft.Extensions.Hosting.Internal.ConsoleLifetime.OnApplicationStarted
2023-03-25 11:16:36.6394|0|INFO|Microsoft.Hosting.Lifetime|Content root path: C:\Users\NHTV\Desktop\PhatTrienUngDungWebNangCao\Lab\Lab01\TipsAndTricks\TatBlog.WebApp |url: |action: |Microsoft.Extensions.Hosting.Internal.ApplicationLifetime.NotifyStarted
2023-03-25 11:16:36.8228|0|INFO|TatBlog.WebApp.Middlewares.UserActivityMiddleware|2023-03-25 11:16:36 - IP: ::1 - Path: /admin/Tags |url: https://localhost/admin/Tags|action: Index|TatBlog.WebApp.Middlewares.UserActivityMiddleware.Invoke
2023-03-25 11:16:38.3109|0|INFO|TatBlog.WebApp.Middlewares.UserActivityMiddleware|2023-03-25 11:16:38 - IP: ::1 - Path: /css/main.cs |url: https://localhost/css/main.cs|action: |TatBlog.WebApp.Middlewares.UserActivityMiddleware.Invoke
2023-03-25 11:16:53.9380|0|INFO|TatBlog.WebApp.Middlewares.UserActivityMiddleware|2023-03-25 11:16:53 - IP: ::1 - Path: /admin/Tags |url: https://localhost/admin/Tags|action: Index|TatBlog.WebApp.Middlewares.UserActivityMiddleware.Invoke
2023-03-25 11:16:54.0669|0|INFO|TatBlog.WebApp.Middlewares.UserActivityMiddleware|2023-03-25 11:16:54 - IP: ::1 - Path: /css/main.cs |url: https://localhost/css/main.cs|action: |TatBlog.WebApp.Middlewares.UserActivityMiddleware.Invoke
2023-03-25 11:16:55.6077|0|INFO|TatBlog.WebApp.Middlewares.UserActivityMiddleware|2023-03-25 11:16:55 - IP: ::1 - Path: /admin/Tags |url: https://localhost/admin/Tags|action: Index|TatBlog.WebApp.Middlewares.UserActivityMiddleware.Invoke
2023-03-25 11:16:55.6735|0|INFO|TatBlog.WebApp.Middlewares.UserActivityMiddleware|2023-03-25 11:16:55 - IP: ::1 - Path: /css/main.cs |url: https://localhost/css/main.cs|action: |TatBlog.WebApp.Middlewares.UserActivityMiddleware.Invoke
2023-03-25 11:16:58.9206|0|INFO|TatBlog.WebApp.Middlewares.UserActivityMiddleware|2023-03-25 11:16:58 - IP: ::1 - Path: /admin/Tags/Edit/7 |url: https://localhost/admin/Tags/Edit/7|action: Edit|TatBlog.WebApp.Middlewares.UserActivityMiddleware.Invoke
2023-03-25 11:16:59.1108|0|INFO|TatBlog.WebApp.Middlewares.UserActivityMiddleware|2023-03-25 11:16:59 - IP: ::1 - Path: /css/main.cs |url: https://localhost/css/main.cs|action: |TatBlog.WebApp.Middlewares.UserActivityMiddleware.Invoke
2023-03-25 11:17:00.6157|0|INFO|TatBlog.WebApp.Middlewares.UserActivityMiddleware|2023-03-25 11:17:00 - IP: ::1 - Path: /admin/Tags/VerifyAuthorSlug |url: https://localhost/admin/Tags/VerifyAuthorSlug|action: |TatBlog.WebApp.Middlewares.UserActivityMiddleware.Invoke
2023-03-25 11:17:10.6456|0|INFO|TatBlog.WebApp.Middlewares.UserActivityMiddleware|2023-03-25 11:17:10 - IP: ::1 - Path: /admin/Tags/VerifyAuthorSlug |url: https://localhost/admin/Tags/VerifyAuthorSlug|action: |TatBlog.WebApp.Middlewares.UserActivityMiddleware.Invoke
2023-03-25 11:17:10.7311|0|INFO|TatBlog.WebApp.Middlewares.UserActivityMiddleware|2023-03-25 11:17:10 - IP: ::1 - Path: /admin/Tags |url: https://localhost/admin/Tags|action: Index|TatBlog.WebApp.Middlewares.UserActivityMiddleware.Invoke
2023-03-25 11:17:10.7867|0|INFO|TatBlog.WebApp.Middlewares.UserActivityMiddleware|2023-03-25 11:17:10 - IP: ::1 - Path: /css/main.cs |url: https://localhost/css/main.cs|action: |TatBlog.WebApp.Middlewares.UserActivityMiddleware.Invoke
2023-03-25 11:17:12.9988|0|INFO|TatBlog.WebApp.Middlewares.UserActivityMiddleware|2023-03-25 11:17:13 - IP: ::1 - Path: /admin/Tags/Edit/7 |url: https://localhost/admin/Tags/Edit/7|action: Edit|TatBlog.WebApp.Middlewares.UserActivityMiddleware.Invoke
2023-03-25 11:17:13.0621|0|INFO|TatBlog.WebApp.Middlewares.UserActivityMiddleware|2023-03-25 11:17:13 - IP: ::1 - Path: /css/main.cs |url: https://localhost/css/main.cs|action: |TatBlog.WebApp.Middlewares.UserActivityMiddleware.Invoke
2023-03-25 11:17:14.6867|0|INFO|TatBlog.WebApp.Middlewares.UserActivityMiddleware|2023-03-25 11:17:14 - IP: ::1 - Path: /admin/Tags/VerifyAuthorSlug |url: https://localhost/admin/Tags/VerifyAuthorSlug|action: |TatBlog.WebApp.Middlewares.UserActivityMiddleware.Invoke
2023-03-25 11:17:52.4219|0|INFO|TatBlog.WebApp.Middlewares.UserActivityMiddleware|2023-03-25 11:17:52 - IP: ::1 - Path: / |url: https://localhost/|action: Index|TatBlog.WebApp.Middlewares.UserActivityMiddleware.Invoke
2023-03-25 11:17:52.9218|0|INFO|TatBlog.WebApp.Middlewares.UserActivityMiddleware|2023-03-25 11:17:52 - IP: ::1 - Path: /css/main.cs |url: https://localhost/css/main.cs|action: |TatBlog.WebApp.Middlewares.UserActivityMiddleware.Invoke
2023-03-25 11:17:54.5142|0|INFO|TatBlog.WebApp.Middlewares.UserActivityMiddleware|2023-03-25 11:17:54 - IP: ::1 - Path: /admin |url: https://localhost/admin|action: Index|TatBlog.WebApp.Middlewares.UserActivityMiddleware.Invoke
2023-03-25 11:17:54.5743|0|INFO|TatBlog.WebApp.Middlewares.UserActivityMiddleware|2023-03-25 11:17:54 - IP: ::1 - Path: /css/main.cs |url: https://localhost/css/main.cs|action: |TatBlog.WebApp.Middlewares.UserActivityMiddleware.Invoke
2023-03-25 11:17:55.9459|0|INFO|TatBlog.WebApp.Middlewares.UserActivityMiddleware|2023-03-25 11:17:55 - IP: ::1 - Path: /admin/Tags |url: https://localhost/admin/Tags|action: Index|TatBlog.WebApp.Middlewares.UserActivityMiddleware.Invoke
2023-03-25 11:17:56.0116|0|INFO|TatBlog.WebApp.Middlewares.UserActivityMiddleware|2023-03-25 11:17:56 - IP: ::1 - Path: /css/main.cs |url: https://localhost/css/main.cs|action: |TatBlog.WebApp.Middlewares.UserActivityMiddleware.Invoke
2023-03-25 11:17:57.6832|0|INFO|TatBlog.WebApp.Middlewares.UserActivityMiddleware|2023-03-25 11:17:57 - IP: ::1 - Path: /admin/Tags/Edit/7 |url: https://localhost/admin/Tags/Edit/7|action: Edit|TatBlog.WebApp.Middlewares.UserActivityMiddleware.Invoke
2023-03-25 11:17:57.7268|0|INFO|TatBlog.WebApp.Middlewares.UserActivityMiddleware|2023-03-25 11:17:57 - IP: ::1 - Path: /css/main.cs |url: https://localhost/css/main.cs|action: |TatBlog.WebApp.Middlewares.UserActivityMiddleware.Invoke
2023-03-25 11:17:58.9514|0|INFO|TatBlog.WebApp.Middlewares.UserActivityMiddleware|2023-03-25 11:17:58 - IP: ::1 - Path: /admin/Tags/VerifyAuthorSlug |url: https://localhost/admin/Tags/VerifyAuthorSlug|action: |TatBlog.WebApp.Middlewares.UserActivityMiddleware.Invoke
2023-03-25 11:22:01.2149|0|DEBUG|Program|init main |url: |action: |Program.<Main>$
2023-03-25 11:22:06.8226|14|INFO|Microsoft.Hosting.Lifetime|Now listening on: https://localhost:7293 |url: |action: |Microsoft.AspNetCore.Hosting.GenericWebHostService.StartAsync
2023-03-25 11:22:06.8337|14|INFO|Microsoft.Hosting.Lifetime|Now listening on: http://localhost:5167 |url: |action: |Microsoft.AspNetCore.Hosting.GenericWebHostService.StartAsync
2023-03-25 11:22:06.8337|0|INFO|Microsoft.Hosting.Lifetime|Application started. Press Ctrl+C to shut down. |url: |action: |Microsoft.Extensions.Hosting.Internal.ConsoleLifetime.OnApplicationStarted
2023-03-25 11:22:06.8337|0|INFO|Microsoft.Hosting.Lifetime|Hosting environment: Development |url: |action: |Microsoft.Extensions.Hosting.Internal.ConsoleLifetime.OnApplicationStarted
2023-03-25 11:22:06.8337|0|INFO|Microsoft.Hosting.Lifetime|Content root path: C:\Users\NHTV\Desktop\PhatTrienUngDungWebNangCao\Lab\Lab01\TipsAndTricks\TatBlog.WebApp |url: |action: |Microsoft.Extensions.Hosting.Internal.ApplicationLifetime.NotifyStarted
2023-03-25 11:22:08.7067|0|INFO|TatBlog.WebApp.Middlewares.UserActivityMiddleware|2023-03-25 11:22:08 - IP: ::1 - Path: / |url: https://localhost/|action: Index|TatBlog.WebApp.Middlewares.UserActivityMiddleware.Invoke
2023-03-25 11:22:10.4060|0|INFO|TatBlog.WebApp.Middlewares.UserActivityMiddleware|2023-03-25 11:22:10 - IP: ::1 - Path: /admin |url: https://localhost/admin|action: Index|TatBlog.WebApp.Middlewares.UserActivityMiddleware.Invoke
2023-03-25 11:22:10.9201|0|INFO|TatBlog.WebApp.Middlewares.UserActivityMiddleware|2023-03-25 11:22:10 - IP: ::1 - Path: /css/main.cs |url: https://localhost/css/main.cs|action: |TatBlog.WebApp.Middlewares.UserActivityMiddleware.Invoke
2023-03-25 11:22:12.0349|0|INFO|TatBlog.WebApp.Middlewares.UserActivityMiddleware|2023-03-25 11:22:12 - IP: ::1 - Path: /admin/Tags |url: https://localhost/admin/Tags|action: Index|TatBlog.WebApp.Middlewares.UserActivityMiddleware.Invoke
2023-03-25 11:22:12.3862|0|INFO|TatBlog.WebApp.Middlewares.UserActivityMiddleware|2023-03-25 11:22:12 - IP: ::1 - Path: /css/main.cs |url: https://localhost/css/main.cs|action: |TatBlog.WebApp.Middlewares.UserActivityMiddleware.Invoke
2023-03-25 11:22:14.0990|0|INFO|TatBlog.WebApp.Middlewares.UserActivityMiddleware|2023-03-25 11:22:14 - IP: ::1 - Path: /admin/Tags/Edit/7 |url: https://localhost/admin/Tags/Edit/7|action: Edit|TatBlog.WebApp.Middlewares.UserActivityMiddleware.Invoke
2023-03-25 11:22:14.2918|0|INFO|TatBlog.WebApp.Middlewares.UserActivityMiddleware|2023-03-25 11:22:14 - IP: ::1 - Path: /css/main.cs |url: https://localhost/css/main.cs|action: |TatBlog.WebApp.Middlewares.UserActivityMiddleware.Invoke
2023-03-25 11:22:25.3742|0|INFO|TatBlog.WebApp.Middlewares.UserActivityMiddleware|2023-03-25 11:22:25 - IP: ::1 - Path: /admin/Tags/VerifyAuthorSlug |url: https://localhost/admin/Tags/VerifyAuthorSlug|action: |TatBlog.WebApp.Middlewares.UserActivityMiddleware.Invoke
2023-03-25 11:25:27.6665|0|DEBUG|Program|init main |url: |action: |Program.<Main>$
2023-03-25 11:25:31.6458|14|INFO|Microsoft.Hosting.Lifetime|Now listening on: https://localhost:7293 |url: |action: |Microsoft.AspNetCore.Hosting.GenericWebHostService.StartAsync
2023-03-25 11:25:31.6458|14|INFO|Microsoft.Hosting.Lifetime|Now listening on: http://localhost:5167 |url: |action: |Microsoft.AspNetCore.Hosting.GenericWebHostService.StartAsync
2023-03-25 11:25:31.6545|0|INFO|Microsoft.Hosting.Lifetime|Application started. Press Ctrl+C to shut down. |url: |action: |Microsoft.Extensions.Hosting.Internal.ConsoleLifetime.OnApplicationStarted
2023-03-25 11:25:31.6545|0|INFO|Microsoft.Hosting.Lifetime|Hosting environment: Development |url: |action: |Microsoft.Extensions.Hosting.Internal.ConsoleLifetime.OnApplicationStarted
2023-03-25 11:25:31.6545|0|INFO|Microsoft.Hosting.Lifetime|Content root path: C:\Users\NHTV\Desktop\PhatTrienUngDungWebNangCao\Lab\Lab01\TipsAndTricks\TatBlog.WebApp |url: |action: |Microsoft.Extensions.Hosting.Internal.ApplicationLifetime.NotifyStarted
2023-03-25 11:25:32.9209|0|INFO|TatBlog.WebApp.Middlewares.UserActivityMiddleware|2023-03-25 11:25:32 - IP: ::1 - Path: /admin/Tags/Edit/7 |url: https://localhost/admin/Tags/Edit/7|action: Edit|TatBlog.WebApp.Middlewares.UserActivityMiddleware.Invoke
2023-03-25 11:25:32.9209|0|INFO|TatBlog.WebApp.Middlewares.UserActivityMiddleware|2023-03-25 11:25:32 - IP: ::1 - Path: / |url: https://localhost/|action: Index|TatBlog.WebApp.Middlewares.UserActivityMiddleware.Invoke
2023-03-25 11:25:34.9234|0|INFO|TatBlog.WebApp.Middlewares.UserActivityMiddleware|2023-03-25 11:25:34 - IP: ::1 - Path: /css/main.cs |url: https://localhost/css/main.cs|action: |TatBlog.WebApp.Middlewares.UserActivityMiddleware.Invoke
2023-03-25 11:25:35.2175|0|INFO|TatBlog.WebApp.Middlewares.UserActivityMiddleware|2023-03-25 11:25:35 - IP: ::1 - Path: /favicon.ico |url: https://localhost/favicon.ico|action: |TatBlog.WebApp.Middlewares.UserActivityMiddleware.Invoke
2023-03-25 11:25:35.8935|0|INFO|TatBlog.WebApp.Middlewares.UserActivityMiddleware|2023-03-25 11:25:35 - IP: ::1 - Path: /css/main.cs |url: https://localhost/css/main.cs|action: |TatBlog.WebApp.Middlewares.UserActivityMiddleware.Invoke
2023-03-25 11:25:41.1100|0|INFO|TatBlog.WebApp.Middlewares.UserActivityMiddleware|2023-03-25 11:25:41 - IP: ::1 - Path: /css/main.cs |url: https://localhost/css/main.cs|action: |TatBlog.WebApp.Middlewares.UserActivityMiddleware.Invoke
2023-03-25 11:25:44.0928|0|INFO|TatBlog.WebApp.Middlewares.UserActivityMiddleware|2023-03-25 11:25:44 - IP: ::1 - Path: /admin/Tags/Edit/7 |url: https://localhost/admin/Tags/Edit/7|action: Edit|TatBlog.WebApp.Middlewares.UserActivityMiddleware.Invoke
2023-03-25 11:25:44.2436|0|INFO|TatBlog.WebApp.Middlewares.UserActivityMiddleware|2023-03-25 11:25:44 - IP: ::1 - Path: /css/main.cs |url: https://localhost/css/main.cs|action: |TatBlog.WebApp.Middlewares.UserActivityMiddleware.Invoke
2023-03-25 11:26:01.7088|0|DEBUG|Program|init main |url: |action: |Program.<Main>$
2023-03-25 11:26:06.1353|14|INFO|Microsoft.Hosting.Lifetime|Now listening on: https://localhost:7293 |url: |action: |Microsoft.AspNetCore.Hosting.GenericWebHostService.StartAsync
2023-03-25 11:26:06.1423|14|INFO|Microsoft.Hosting.Lifetime|Now listening on: http://localhost:5167 |url: |action: |Microsoft.AspNetCore.Hosting.GenericWebHostService.StartAsync
2023-03-25 11:26:06.1423|0|INFO|Microsoft.Hosting.Lifetime|Application started. Press Ctrl+C to shut down. |url: |action: |Microsoft.Extensions.Hosting.Internal.ConsoleLifetime.OnApplicationStarted
2023-03-25 11:26:06.1423|0|INFO|Microsoft.Hosting.Lifetime|Hosting environment: Development |url: |action: |Microsoft.Extensions.Hosting.Internal.ConsoleLifetime.OnApplicationStarted
2023-03-25 11:26:06.1423|0|INFO|Microsoft.Hosting.Lifetime|Content root path: C:\Users\NHTV\Desktop\PhatTrienUngDungWebNangCao\Lab\Lab01\TipsAndTricks\TatBlog.WebApp |url: |action: |Microsoft.Extensions.Hosting.Internal.ApplicationLifetime.NotifyStarted
2023-03-25 11:26:06.9284|0|INFO|TatBlog.WebApp.Middlewares.UserActivityMiddleware|2023-03-25 11:26:06 - IP: ::1 - Path: / |url: https://localhost/|action: Index|TatBlog.WebApp.Middlewares.UserActivityMiddleware.Invoke
2023-03-25 11:26:09.1387|0|INFO|TatBlog.WebApp.Middlewares.UserActivityMiddleware|2023-03-25 11:26:09 - IP: ::1 - Path: /css/main.cs |url: https://localhost/css/main.cs|action: |TatBlog.WebApp.Middlewares.UserActivityMiddleware.Invoke
2023-03-25 11:26:14.5137|0|INFO|TatBlog.WebApp.Middlewares.UserActivityMiddleware|2023-03-25 11:26:14 - IP: ::1 - Path: /admin |url: https://localhost/admin|action: Index|TatBlog.WebApp.Middlewares.UserActivityMiddleware.Invoke
2023-03-25 11:26:14.6022|0|INFO|TatBlog.WebApp.Middlewares.UserActivityMiddleware|2023-03-25 11:26:14 - IP: ::1 - Path: /css/main.cs |url: https://localhost/css/main.cs|action: |TatBlog.WebApp.Middlewares.UserActivityMiddleware.Invoke
2023-03-25 11:26:15.7570|0|INFO|TatBlog.WebApp.Middlewares.UserActivityMiddleware|2023-03-25 11:26:15 - IP: ::1 - Path: /admin/Tags |url: https://localhost/admin/Tags|action: Index|TatBlog.WebApp.Middlewares.UserActivityMiddleware.Invoke
2023-03-25 11:26:16.0932|0|INFO|TatBlog.WebApp.Middlewares.UserActivityMiddleware|2023-03-25 11:26:16 - IP: ::1 - Path: /css/main.cs |url: https://localhost/css/main.cs|action: |TatBlog.WebApp.Middlewares.UserActivityMiddleware.Invoke
2023-03-25 11:26:17.0447|0|INFO|TatBlog.WebApp.Middlewares.UserActivityMiddleware|2023-03-25 11:26:17 - IP: ::1 - Path: /admin/Tags/Edit/7 |url: https://localhost/admin/Tags/Edit/7|action: Edit|TatBlog.WebApp.Middlewares.UserActivityMiddleware.Invoke
2023-03-25 11:26:17.1863|0|INFO|TatBlog.WebApp.Middlewares.UserActivityMiddleware|2023-03-25 11:26:17 - IP: ::1 - Path: /css/main.cs |url: https://localhost/css/main.cs|action: |TatBlog.WebApp.Middlewares.UserActivityMiddleware.Invoke
2023-03-25 11:26:18.7047|0|INFO|TatBlog.WebApp.Middlewares.UserActivityMiddleware|2023-03-25 11:26:18 - IP: ::1 - Path: /admin/Tags/VerifyAuthorSlug |url: https://localhost/admin/Tags/VerifyAuthorSlug|action: |TatBlog.WebApp.Middlewares.UserActivityMiddleware.Invoke
2023-03-25 11:26:25.7608|0|INFO|TatBlog.WebApp.Middlewares.UserActivityMiddleware|2023-03-25 11:26:25 - IP: ::1 - Path: /css/main.cs |url: https://localhost/css/main.cs|action: |TatBlog.WebApp.Middlewares.UserActivityMiddleware.Invoke
2023-03-25 11:26:39.7327|0|INFO|TatBlog.WebApp.Middlewares.UserActivityMiddleware|2023-03-25 11:26:39 - IP: ::1 - Path: /admin/Tags |url: https://localhost/admin/Tags|action: Index|TatBlog.WebApp.Middlewares.UserActivityMiddleware.Invoke
2023-03-25 11:26:39.8047|0|INFO|TatBlog.WebApp.Middlewares.UserActivityMiddleware|2023-03-25 11:26:39 - IP: ::1 - Path: /css/main.cs |url: https://localhost/css/main.cs|action: |TatBlog.WebApp.Middlewares.UserActivityMiddleware.Invoke
2023-03-25 11:28:27.6093|0|DEBUG|Program|init main |url: |action: |Program.<Main>$
2023-03-25 11:28:31.1847|14|INFO|Microsoft.Hosting.Lifetime|Now listening on: https://localhost:7293 |url: |action: |Microsoft.AspNetCore.Hosting.GenericWebHostService.StartAsync
2023-03-25 11:28:31.1918|14|INFO|Microsoft.Hosting.Lifetime|Now listening on: http://localhost:5167 |url: |action: |Microsoft.AspNetCore.Hosting.GenericWebHostService.StartAsync
2023-03-25 11:28:31.1918|0|INFO|Microsoft.Hosting.Lifetime|Application started. Press Ctrl+C to shut down. |url: |action: |Microsoft.Extensions.Hosting.Internal.ConsoleLifetime.OnApplicationStarted
2023-03-25 11:28:31.1918|0|INFO|Microsoft.Hosting.Lifetime|Hosting environment: Development |url: |action: |Microsoft.Extensions.Hosting.Internal.ConsoleLifetime.OnApplicationStarted
2023-03-25 11:28:31.1918|0|INFO|Microsoft.Hosting.Lifetime|Content root path: C:\Users\NHTV\Desktop\PhatTrienUngDungWebNangCao\Lab\Lab01\TipsAndTricks\TatBlog.WebApp |url: |action: |Microsoft.Extensions.Hosting.Internal.ApplicationLifetime.NotifyStarted
2023-03-25 11:28:31.9536|0|INFO|TatBlog.WebApp.Middlewares.UserActivityMiddleware|2023-03-25 11:28:31 - IP: ::1 - Path: / |url: https://localhost/|action: Index|TatBlog.WebApp.Middlewares.UserActivityMiddleware.Invoke
2023-03-25 11:28:34.2179|0|INFO|TatBlog.WebApp.Middlewares.UserActivityMiddleware|2023-03-25 11:28:34 - IP: ::1 - Path: /admin |url: https://localhost/admin|action: Index|TatBlog.WebApp.Middlewares.UserActivityMiddleware.Invoke
2023-03-25 11:28:34.4676|0|INFO|TatBlog.WebApp.Middlewares.UserActivityMiddleware|2023-03-25 11:28:34 - IP: ::1 - Path: /css/main.cs |url: https://localhost/css/main.cs|action: |TatBlog.WebApp.Middlewares.UserActivityMiddleware.Invoke
2023-03-25 11:28:35.4124|0|INFO|TatBlog.WebApp.Middlewares.UserActivityMiddleware|2023-03-25 11:28:35 - IP: ::1 - Path: /admin/Tags |url: https://localhost/admin/Tags|action: Index|TatBlog.WebApp.Middlewares.UserActivityMiddleware.Invoke
2023-03-25 11:28:35.7069|0|INFO|TatBlog.WebApp.Middlewares.UserActivityMiddleware|2023-03-25 11:28:35 - IP: ::1 - Path: /css/main.cs |url: https://localhost/css/main.cs|action: |TatBlog.WebApp.Middlewares.UserActivityMiddleware.Invoke
2023-03-25 11:28:36.6859|0|INFO|TatBlog.WebApp.Middlewares.UserActivityMiddleware|2023-03-25 11:28:36 - IP: ::1 - Path: /admin/Tags/Edit/7 |url: https://localhost/admin/Tags/Edit/7|action: Edit|TatBlog.WebApp.Middlewares.UserActivityMiddleware.Invoke
2023-03-25 11:28:36.8537|0|INFO|TatBlog.WebApp.Middlewares.UserActivityMiddleware|2023-03-25 11:28:36 - IP: ::1 - Path: /css/main.cs |url: https://localhost/css/main.cs|action: |TatBlog.WebApp.Middlewares.UserActivityMiddleware.Invoke
2023-03-25 11:28:37.5146|0|INFO|TatBlog.WebApp.Middlewares.UserActivityMiddleware|2023-03-25 11:28:37 - IP: ::1 - Path: /admin/Tags/VerifyAuthorSlug |url: https://localhost/admin/Tags/VerifyAuthorSlug|action: |TatBlog.WebApp.Middlewares.UserActivityMiddleware.Invoke
2023-03-25 11:28:43.2824|0|INFO|TatBlog.WebApp.Middlewares.UserActivityMiddleware|2023-03-25 11:28:43 - IP: ::1 - Path: /css/main.cs |url: https://localhost/css/main.cs|action: |TatBlog.WebApp.Middlewares.UserActivityMiddleware.Invoke
2023-03-25 11:29:33.1578|0|INFO|TatBlog.WebApp.Middlewares.UserActivityMiddleware|2023-03-25 11:29:33 - IP: ::1 - Path: /admin/Tags |url: https://localhost/admin/Tags|action: Index|TatBlog.WebApp.Middlewares.UserActivityMiddleware.Invoke
2023-03-25 11:29:33.2609|0|INFO|TatBlog.WebApp.Middlewares.UserActivityMiddleware|2023-03-25 11:29:33 - IP: ::1 - Path: /css/main.cs |url: https://localhost/css/main.cs|action: |TatBlog.WebApp.Middlewares.UserActivityMiddleware.Invoke
2023-03-25 11:29:35.6096|0|INFO|TatBlog.WebApp.Middlewares.UserActivityMiddleware|2023-03-25 11:29:35 - IP: ::1 - Path: /admin/Tags/Edit/9 |url: https://localhost/admin/Tags/Edit/9|action: Edit|TatBlog.WebApp.Middlewares.UserActivityMiddleware.Invoke
2023-03-25 11:29:35.6725|0|INFO|TatBlog.WebApp.Middlewares.UserActivityMiddleware|2023-03-25 11:29:35 - IP: ::1 - Path: /css/main.cs |url: https://localhost/css/main.cs|action: |TatBlog.WebApp.Middlewares.UserActivityMiddleware.Invoke
2023-03-25 11:29:36.5319|0|INFO|TatBlog.WebApp.Middlewares.UserActivityMiddleware|2023-03-25 11:29:36 - IP: ::1 - Path: /admin/Tags |url: https://localhost/admin/Tags|action: Index|TatBlog.WebApp.Middlewares.UserActivityMiddleware.Invoke
2023-03-25 11:29:36.5868|0|INFO|TatBlog.WebApp.Middlewares.UserActivityMiddleware|2023-03-25 11:29:36 - IP: ::1 - Path: /css/main.cs |url: https://localhost/css/main.cs|action: |TatBlog.WebApp.Middlewares.UserActivityMiddleware.Invoke
2023-03-25 11:29:37.3056|0|INFO|TatBlog.WebApp.Middlewares.UserActivityMiddleware|2023-03-25 11:29:37 - IP: ::1 - Path: /admin/Tags/Edit/4 |url: https://localhost/admin/Tags/Edit/4|action: Edit|TatBlog.WebApp.Middlewares.UserActivityMiddleware.Invoke
2023-03-25 11:29:37.3675|0|INFO|TatBlog.WebApp.Middlewares.UserActivityMiddleware|2023-03-25 11:29:37 - IP: ::1 - Path: /css/main.cs |url: https://localhost/css/main.cs|action: |TatBlog.WebApp.Middlewares.UserActivityMiddleware.Invoke
2023-03-25 11:29:38.2109|0|INFO|TatBlog.WebApp.Middlewares.UserActivityMiddleware|2023-03-25 11:29:38 - IP: ::1 - Path: /admin/Tags |url: https://localhost/admin/Tags|action: Index|TatBlog.WebApp.Middlewares.UserActivityMiddleware.Invoke
2023-03-25 11:29:38.2885|0|INFO|TatBlog.WebApp.Middlewares.UserActivityMiddleware|2023-03-25 11:29:38 - IP: ::1 - Path: /css/main.cs |url: https://localhost/css/main.cs|action: |TatBlog.WebApp.Middlewares.UserActivityMiddleware.Invoke
2023-03-25 11:29:40.6172|0|INFO|TatBlog.WebApp.Middlewares.UserActivityMiddleware|2023-03-25 11:29:40 - IP: ::1 - Path: /admin/Tags/Edit/4 |url: https://localhost/admin/Tags/Edit/4|action: Edit|TatBlog.WebApp.Middlewares.UserActivityMiddleware.Invoke
2023-03-25 11:29:40.6717|0|INFO|TatBlog.WebApp.Middlewares.UserActivityMiddleware|2023-03-25 11:29:40 - IP: ::1 - Path: /css/main.cs |url: https://localhost/css/main.cs|action: |TatBlog.WebApp.Middlewares.UserActivityMiddleware.Invoke
2023-03-25 11:29:41.2957|0|INFO|TatBlog.WebApp.Middlewares.UserActivityMiddleware|2023-03-25 11:29:41 - IP: ::1 - Path: /admin/Tags/VerifyAuthorSlug |url: https://localhost/admin/Tags/VerifyAuthorSlug|action: |TatBlog.WebApp.Middlewares.UserActivityMiddleware.Invoke
2023-03-25 11:30:51.1352|0|DEBUG|Program|init main |url: |action: |Program.<Main>$
2023-03-25 11:30:54.8195|14|INFO|Microsoft.Hosting.Lifetime|Now listening on: https://localhost:7293 |url: |action: |Microsoft.AspNetCore.Hosting.GenericWebHostService.StartAsync
2023-03-25 11:30:54.8313|14|INFO|Microsoft.Hosting.Lifetime|Now listening on: http://localhost:5167 |url: |action: |Microsoft.AspNetCore.Hosting.GenericWebHostService.StartAsync
2023-03-25 11:30:54.8313|0|INFO|Microsoft.Hosting.Lifetime|Application started. Press Ctrl+C to shut down. |url: |action: |Microsoft.Extensions.Hosting.Internal.ConsoleLifetime.OnApplicationStarted
2023-03-25 11:30:54.8313|0|INFO|Microsoft.Hosting.Lifetime|Hosting environment: Development |url: |action: |Microsoft.Extensions.Hosting.Internal.ConsoleLifetime.OnApplicationStarted
2023-03-25 11:30:54.8313|0|INFO|Microsoft.Hosting.Lifetime|Content root path: C:\Users\NHTV\Desktop\PhatTrienUngDungWebNangCao\Lab\Lab01\TipsAndTricks\TatBlog.WebApp |url: |action: |Microsoft.Extensions.Hosting.Internal.ApplicationLifetime.NotifyStarted
2023-03-25 11:30:55.5024|0|INFO|TatBlog.WebApp.Middlewares.UserActivityMiddleware|2023-03-25 11:30:55 - IP: ::1 - Path: / |url: https://localhost/|action: Index|TatBlog.WebApp.Middlewares.UserActivityMiddleware.Invoke
2023-03-25 11:30:57.5605|0|INFO|TatBlog.WebApp.Middlewares.UserActivityMiddleware|2023-03-25 11:30:57 - IP: ::1 - Path: /admin |url: https://localhost/admin|action: Index|TatBlog.WebApp.Middlewares.UserActivityMiddleware.Invoke
2023-03-25 11:30:57.8108|0|INFO|TatBlog.WebApp.Middlewares.UserActivityMiddleware|2023-03-25 11:30:57 - IP: ::1 - Path: /css/main.cs |url: https://localhost/css/main.cs|action: |TatBlog.WebApp.Middlewares.UserActivityMiddleware.Invoke
2023-03-25 11:30:58.6856|0|INFO|TatBlog.WebApp.Middlewares.UserActivityMiddleware|2023-03-25 11:30:58 - IP: ::1 - Path: /admin/Tags |url: https://localhost/admin/Tags|action: Index|TatBlog.WebApp.Middlewares.UserActivityMiddleware.Invoke
2023-03-25 11:30:58.9637|0|INFO|TatBlog.WebApp.Middlewares.UserActivityMiddleware|2023-03-25 11:30:58 - IP: ::1 - Path: /css/main.cs |url: https://localhost/css/main.cs|action: |TatBlog.WebApp.Middlewares.UserActivityMiddleware.Invoke
2023-03-25 11:31:00.6738|0|INFO|TatBlog.WebApp.Middlewares.UserActivityMiddleware|2023-03-25 11:31:00 - IP: ::1 - Path: /admin/Tags/Edit/7 |url: https://localhost/admin/Tags/Edit/7|action: Edit|TatBlog.WebApp.Middlewares.UserActivityMiddleware.Invoke
2023-03-25 11:31:00.8642|0|INFO|TatBlog.WebApp.Middlewares.UserActivityMiddleware|2023-03-25 11:31:00 - IP: ::1 - Path: /css/main.cs |url: https://localhost/css/main.cs|action: |TatBlog.WebApp.Middlewares.UserActivityMiddleware.Invoke
2023-03-25 11:31:01.9600|0|INFO|TatBlog.WebApp.Middlewares.UserActivityMiddleware|2023-03-25 11:31:01 - IP: ::1 - Path: /admin/Tags/VerifyTagSlug |url: https://localhost/admin/Tags/VerifyTagSlug|action: VerifyTagSlug|TatBlog.WebApp.Middlewares.UserActivityMiddleware.Invoke
2023-03-25 11:31:02.6262|0|INFO|TatBlog.WebApp.Middlewares.UserActivityMiddleware|2023-03-25 11:31:02 - IP: ::1 - Path: /admin/Tags/Edit/7 |url: https://localhost/admin/Tags/Edit/7|action: Edit|TatBlog.WebApp.Middlewares.UserActivityMiddleware.Invoke
2023-03-25 11:31:09.5243|0|DEBUG|Program|init main |url: |action: |Program.<Main>$
2023-03-25 11:31:11.2449|14|INFO|Microsoft.Hosting.Lifetime|Now listening on: https://localhost:7293 |url: |action: |Microsoft.AspNetCore.Hosting.GenericWebHostService.StartAsync
2023-03-25 11:31:11.2499|14|INFO|Microsoft.Hosting.Lifetime|Now listening on: http://localhost:5167 |url: |action: |Microsoft.AspNetCore.Hosting.GenericWebHostService.StartAsync
2023-03-25 11:31:11.2499|0|INFO|Microsoft.Hosting.Lifetime|Application started. Press Ctrl+C to shut down. |url: |action: |Microsoft.Extensions.Hosting.Internal.ConsoleLifetime.OnApplicationStarted
2023-03-25 11:31:11.2499|0|INFO|Microsoft.Hosting.Lifetime|Hosting environment: Development |url: |action: |Microsoft.Extensions.Hosting.Internal.ConsoleLifetime.OnApplicationStarted
2023-03-25 11:31:11.2499|0|INFO|Microsoft.Hosting.Lifetime|Content root path: C:\Users\NHTV\Desktop\PhatTrienUngDungWebNangCao\Lab\Lab01\TipsAndTricks\TatBlog.WebApp |url: |action: |Microsoft.Extensions.Hosting.Internal.ApplicationLifetime.NotifyStarted
2023-03-25 11:31:11.7389|0|INFO|TatBlog.WebApp.Middlewares.UserActivityMiddleware|2023-03-25 11:31:11 - IP: ::1 - Path: / |url: https://localhost/|action: Index|TatBlog.WebApp.Middlewares.UserActivityMiddleware.Invoke
2023-03-25 11:31:12.9419|0|INFO|TatBlog.WebApp.Middlewares.UserActivityMiddleware|2023-03-25 11:31:12 - IP: ::1 - Path: /css/main.cs |url: https://localhost/css/main.cs|action: |TatBlog.WebApp.Middlewares.UserActivityMiddleware.Invoke
2023-03-25 11:31:16.1870|0|INFO|TatBlog.WebApp.Middlewares.UserActivityMiddleware|2023-03-25 11:31:16 - IP: ::1 - Path: /admin |url: https://localhost/admin|action: Index|TatBlog.WebApp.Middlewares.UserActivityMiddleware.Invoke
2023-03-25 11:31:16.2631|0|INFO|TatBlog.WebApp.Middlewares.UserActivityMiddleware|2023-03-25 11:31:16 - IP: ::1 - Path: /css/main.cs |url: https://localhost/css/main.cs|action: |TatBlog.WebApp.Middlewares.UserActivityMiddleware.Invoke
2023-03-25 11:31:17.3266|0|INFO|TatBlog.WebApp.Middlewares.UserActivityMiddleware|2023-03-25 11:31:17 - IP: ::1 - Path: /admin/Tags |url: https://localhost/admin/Tags|action: Index|TatBlog.WebApp.Middlewares.UserActivityMiddleware.Invoke
2023-03-25 11:31:17.5861|0|INFO|TatBlog.WebApp.Middlewares.UserActivityMiddleware|2023-03-25 11:31:17 - IP: ::1 - Path: /css/main.cs |url: https://localhost/css/main.cs|action: |TatBlog.WebApp.Middlewares.UserActivityMiddleware.Invoke
2023-03-25 11:31:18.5777|0|INFO|TatBlog.WebApp.Middlewares.UserActivityMiddleware|2023-03-25 11:31:18 - IP: ::1 - Path: /admin/Tags/Edit/7 |url: https://localhost/admin/Tags/Edit/7|action: Edit|TatBlog.WebApp.Middlewares.UserActivityMiddleware.Invoke
2023-03-25 11:31:18.7593|0|INFO|TatBlog.WebApp.Middlewares.UserActivityMiddleware|2023-03-25 11:31:18 - IP: ::1 - Path: /css/main.cs |url: https://localhost/css/main.cs|action: |TatBlog.WebApp.Middlewares.UserActivityMiddleware.Invoke
2023-03-25 11:31:20.0155|0|INFO|TatBlog.WebApp.Middlewares.UserActivityMiddleware|2023-03-25 11:31:20 - IP: ::1 - Path: /admin/Tags/VerifyTagSlug |url: https://localhost/admin/Tags/VerifyTagSlug|action: VerifyTagSlug|TatBlog.WebApp.Middlewares.UserActivityMiddleware.Invoke
2023-03-25 11:31:24.9122|0|INFO|TatBlog.WebApp.Middlewares.UserActivityMiddleware|2023-03-25 11:31:24 - IP: ::1 - Path: /admin/Tags/Edit/7 |url: https://localhost/admin/Tags/Edit/7|action: Edit|TatBlog.WebApp.Middlewares.UserActivityMiddleware.Invoke
2023-03-25 11:31:25.0609|0|INFO|TatBlog.WebApp.Middlewares.UserActivityMiddleware|2023-03-25 11:31:25 - IP: ::1 - Path: /admin/Tags |url: https://localhost/admin/Tags|action: Index|TatBlog.WebApp.Middlewares.UserActivityMiddleware.Invoke
2023-03-25 11:31:25.1314|0|INFO|TatBlog.WebApp.Middlewares.UserActivityMiddleware|2023-03-25 11:31:25 - IP: ::1 - Path: /css/main.cs |url: https://localhost/css/main.cs|action: |TatBlog.WebApp.Middlewares.UserActivityMiddleware.Invoke
2023-03-25 11:31:26.6077|0|INFO|TatBlog.WebApp.Middlewares.UserActivityMiddleware|2023-03-25 11:31:26 - IP: ::1 - Path: /admin/Tags |url: https://localhost/admin/Tags|action: Index|TatBlog.WebApp.Middlewares.UserActivityMiddleware.Invoke
2023-03-25 11:31:26.6704|0|INFO|TatBlog.WebApp.Middlewares.UserActivityMiddleware|2023-03-25 11:31:26 - IP: ::1 - Path: /css/main.cs |url: https://localhost/css/main.cs|action: |TatBlog.WebApp.Middlewares.UserActivityMiddleware.Invoke
2023-03-25 11:31:27.4825|0|INFO|TatBlog.WebApp.Middlewares.UserActivityMiddleware|2023-03-25 11:31:27 - IP: ::1 - Path: /admin/Tags |url: https://localhost/admin/Tags|action: Index|TatBlog.WebApp.Middlewares.UserActivityMiddleware.Invoke
2023-03-25 11:31:27.5213|0|INFO|TatBlog.WebApp.Middlewares.UserActivityMiddleware|2023-03-25 11:31:27 - IP: ::1 - Path: /css/main.cs |url: https://localhost/css/main.cs|action: |TatBlog.WebApp.Middlewares.UserActivityMiddleware.Invoke
2023-03-25 11:31:43.2333|0|INFO|TatBlog.WebApp.Middlewares.UserActivityMiddleware|2023-03-25 11:31:43 - IP: ::1 - Path: /admin/Tags/Filtrate |url: https://localhost/admin/Tags/Filtrate|action: Filtrate|TatBlog.WebApp.Middlewares.UserActivityMiddleware.Invoke
2023-03-25 11:31:43.3058|0|INFO|TatBlog.WebApp.Middlewares.UserActivityMiddleware|2023-03-25 11:31:43 - IP: ::1 - Path: /css/main.cs |url: https://localhost/css/main.cs|action: |TatBlog.WebApp.Middlewares.UserActivityMiddleware.Invoke
2023-03-25 11:31:44.6026|0|INFO|TatBlog.WebApp.Middlewares.UserActivityMiddleware|2023-03-25 11:31:44 - IP: ::1 - Path: /admin/Tags |url: https://localhost/admin/Tags|action: Index|TatBlog.WebApp.Middlewares.UserActivityMiddleware.Invoke
2023-03-25 11:31:44.6555|0|INFO|TatBlog.WebApp.Middlewares.UserActivityMiddleware|2023-03-25 11:31:44 - IP: ::1 - Path: /css/main.cs |url: https://localhost/css/main.cs|action: |TatBlog.WebApp.Middlewares.UserActivityMiddleware.Invoke
2023-03-25 11:31:46.6507|0|INFO|TatBlog.WebApp.Middlewares.UserActivityMiddleware|2023-03-25 11:31:46 - IP: ::1 - Path: /admin/Tags |url: https://localhost/admin/Tags|action: Index|TatBlog.WebApp.Middlewares.UserActivityMiddleware.Invoke
2023-03-25 11:31:46.7123|0|INFO|TatBlog.WebApp.Middlewares.UserActivityMiddleware|2023-03-25 11:31:46 - IP: ::1 - Path: /css/main.cs |url: https://localhost/css/main.cs|action: |TatBlog.WebApp.Middlewares.UserActivityMiddleware.Invoke
2023-03-25 11:31:48.1410|0|INFO|TatBlog.WebApp.Middlewares.UserActivityMiddleware|2023-03-25 11:31:48 - IP: ::1 - Path: /admin/Tags/Filtrate |url: https://localhost/admin/Tags/Filtrate|action: Filtrate|TatBlog.WebApp.Middlewares.UserActivityMiddleware.Invoke
2023-03-25 11:31:48.2015|0|INFO|TatBlog.WebApp.Middlewares.UserActivityMiddleware|2023-03-25 11:31:48 - IP: ::1 - Path: /css/main.cs |url: https://localhost/css/main.cs|action: |TatBlog.WebApp.Middlewares.UserActivityMiddleware.Invoke
2023-03-25 11:31:49.7875|0|INFO|TatBlog.WebApp.Middlewares.UserActivityMiddleware|2023-03-25 11:31:49 - IP: ::1 - Path: /admin/Tags |url: https://localhost/admin/Tags|action: Index|TatBlog.WebApp.Middlewares.UserActivityMiddleware.Invoke
2023-03-25 11:31:49.8394|0|INFO|TatBlog.WebApp.Middlewares.UserActivityMiddleware|2023-03-25 11:31:49 - IP: ::1 - Path: /css/main.cs |url: https://localhost/css/main.cs|action: |TatBlog.WebApp.Middlewares.UserActivityMiddleware.Invoke
2023-03-25 11:31:51.0582|0|INFO|TatBlog.WebApp.Middlewares.UserActivityMiddleware|2023-03-25 11:31:51 - IP: ::1 - Path: /admin/Tags |url: https://localhost/admin/Tags|action: Index|TatBlog.WebApp.Middlewares.UserActivityMiddleware.Invoke
2023-03-25 11:31:51.1061|0|INFO|TatBlog.WebApp.Middlewares.UserActivityMiddleware|2023-03-25 11:31:51 - IP: ::1 - Path: /css/main.cs |url: https://localhost/css/main.cs|action: |TatBlog.WebApp.Middlewares.UserActivityMiddleware.Invoke
2023-03-25 11:31:52.5832|0|INFO|TatBlog.WebApp.Middlewares.UserActivityMiddleware|2023-03-25 11:31:52 - IP: ::1 - Path: /admin/Tags/Filtrate |url: https://localhost/admin/Tags/Filtrate|action: Filtrate|TatBlog.WebApp.Middlewares.UserActivityMiddleware.Invoke
2023-03-25 11:31:52.6388|0|INFO|TatBlog.WebApp.Middlewares.UserActivityMiddleware|2023-03-25 11:31:52 - IP: ::1 - Path: /css/main.cs |url: https://localhost/css/main.cs|action: |TatBlog.WebApp.Middlewares.UserActivityMiddleware.Invoke
2023-03-25 11:31:54.7480|0|INFO|TatBlog.WebApp.Middlewares.UserActivityMiddleware|2023-03-25 11:31:54 - IP: ::1 - Path: /admin/Tags |url: https://localhost/admin/Tags|action: Index|TatBlog.WebApp.Middlewares.UserActivityMiddleware.Invoke
2023-03-25 11:31:54.7967|0|INFO|TatBlog.WebApp.Middlewares.UserActivityMiddleware|2023-03-25 11:31:54 - IP: ::1 - Path: /css/main.cs |url: https://localhost/css/main.cs|action: |TatBlog.WebApp.Middlewares.UserActivityMiddleware.Invoke
2023-03-25 11:31:55.7068|0|INFO|TatBlog.WebApp.Middlewares.UserActivityMiddleware|2023-03-25 11:31:55 - IP: ::1 - Path: /admin/Tags |url: https://localhost/admin/Tags|action: Index|TatBlog.WebApp.Middlewares.UserActivityMiddleware.Invoke
2023-03-25 11:31:55.7501|0|INFO|TatBlog.WebApp.Middlewares.UserActivityMiddleware|2023-03-25 11:31:55 - IP: ::1 - Path: /css/main.cs |url: https://localhost/css/main.cs|action: |TatBlog.WebApp.Middlewares.UserActivityMiddleware.Invoke
2023-03-25 11:32:16.0366|0|INFO|TatBlog.WebApp.Middlewares.UserActivityMiddleware|2023-03-25 11:32:16 - IP: ::1 - Path: /admin/Tags/Filtrate |url: https://localhost/admin/Tags/Filtrate|action: Filtrate|TatBlog.WebApp.Middlewares.UserActivityMiddleware.Invoke
2023-03-25 11:32:16.0889|0|INFO|TatBlog.WebApp.Middlewares.UserActivityMiddleware|2023-03-25 11:32:16 - IP: ::1 - Path: /css/main.cs |url: https://localhost/css/main.cs|action: |TatBlog.WebApp.Middlewares.UserActivityMiddleware.Invoke
2023-03-25 11:32:20.7173|0|INFO|TatBlog.WebApp.Middlewares.UserActivityMiddleware|2023-03-25 11:32:20 - IP: ::1 - Path: /admin/Tags/Filtrate |url: https://localhost/admin/Tags/Filtrate|action: Filtrate|TatBlog.WebApp.Middlewares.UserActivityMiddleware.Invoke
2023-03-25 11:32:20.7606|0|INFO|TatBlog.WebApp.Middlewares.UserActivityMiddleware|2023-03-25 11:32:20 - IP: ::1 - Path: /css/main.cs |url: https://localhost/css/main.cs|action: |TatBlog.WebApp.Middlewares.UserActivityMiddleware.Invoke
2023-03-25 11:32:23.3795|0|INFO|TatBlog.WebApp.Middlewares.UserActivityMiddleware|2023-03-25 11:32:23 - IP: ::1 - Path: /admin/Tags/Filtrate |url: https://localhost/admin/Tags/Filtrate|action: Filtrate|TatBlog.WebApp.Middlewares.UserActivityMiddleware.Invoke
2023-03-25 11:32:23.4241|0|INFO|TatBlog.WebApp.Middlewares.UserActivityMiddleware|2023-03-25 11:32:23 - IP: ::1 - Path: /css/main.cs |url: https://localhost/css/main.cs|action: |TatBlog.WebApp.Middlewares.UserActivityMiddleware.Invoke
2023-03-25 11:32:28.2459|0|INFO|TatBlog.WebApp.Middlewares.UserActivityMiddleware|2023-03-25 11:32:28 - IP: ::1 - Path: /admin/Tags/Filtrate |url: https://localhost/admin/Tags/Filtrate|action: Filtrate|TatBlog.WebApp.Middlewares.UserActivityMiddleware.Invoke
2023-03-25 11:32:28.2892|0|INFO|TatBlog.WebApp.Middlewares.UserActivityMiddleware|2023-03-25 11:32:28 - IP: ::1 - Path: /css/main.cs |url: https://localhost/css/main.cs|action: |TatBlog.WebApp.Middlewares.UserActivityMiddleware.Invoke
2023-03-25 11:32:31.8284|0|INFO|TatBlog.WebApp.Middlewares.UserActivityMiddleware|2023-03-25 11:32:31 - IP: ::1 - Path: /admin/Tags/Filtrate |url: https://localhost/admin/Tags/Filtrate|action: Filtrate|TatBlog.WebApp.Middlewares.UserActivityMiddleware.Invoke
2023-03-25 11:32:31.8742|0|INFO|TatBlog.WebApp.Middlewares.UserActivityMiddleware|2023-03-25 11:32:31 - IP: ::1 - Path: /css/main.cs |url: https://localhost/css/main.cs|action: |TatBlog.WebApp.Middlewares.UserActivityMiddleware.Invoke
2023-03-25 11:32:35.9750|0|INFO|TatBlog.WebApp.Middlewares.UserActivityMiddleware|2023-03-25 11:32:35 - IP: ::1 - Path: /admin/Tags/Filtrate |url: https://localhost/admin/Tags/Filtrate|action: Filtrate|TatBlog.WebApp.Middlewares.UserActivityMiddleware.Invoke
2023-03-25 11:32:36.0359|0|INFO|TatBlog.WebApp.Middlewares.UserActivityMiddleware|2023-03-25 11:32:36 - IP: ::1 - Path: /css/main.cs |url: https://localhost/css/main.cs|action: |TatBlog.WebApp.Middlewares.UserActivityMiddleware.Invoke
2023-03-25 11:32:41.1093|0|INFO|TatBlog.WebApp.Middlewares.UserActivityMiddleware|2023-03-25 11:32:41 - IP: ::1 - Path: /admin/Tags/Filtrate |url: https://localhost/admin/Tags/Filtrate|action: Filtrate|TatBlog.WebApp.Middlewares.UserActivityMiddleware.Invoke
2023-03-25 11:32:41.1627|0|INFO|TatBlog.WebApp.Middlewares.UserActivityMiddleware|2023-03-25 11:32:41 - IP: ::1 - Path: /css/main.cs |url: https://localhost/css/main.cs|action: |TatBlog.WebApp.Middlewares.UserActivityMiddleware.Invoke
2023-03-25 11:32:44.0971|0|INFO|TatBlog.WebApp.Middlewares.UserActivityMiddleware|2023-03-25 11:32:44 - IP: ::1 - Path: /admin/Tags/Edit |url: https://localhost/admin/Tags/Edit|action: Edit|TatBlog.WebApp.Middlewares.UserActivityMiddleware.Invoke
2023-03-25 11:32:44.1460|0|INFO|TatBlog.WebApp.Middlewares.UserActivityMiddleware|2023-03-25 11:32:44 - IP: ::1 - Path: /css/main.cs |url: https://localhost/css/main.cs|action: |TatBlog.WebApp.Middlewares.UserActivityMiddleware.Invoke
2023-03-25 11:32:51.9409|0|INFO|TatBlog.WebApp.Middlewares.UserActivityMiddleware|2023-03-25 11:32:51 - IP: ::1 - Path: /admin/Tags/VerifyTagSlug |url: https://localhost/admin/Tags/VerifyTagSlug|action: VerifyTagSlug|TatBlog.WebApp.Middlewares.UserActivityMiddleware.Invoke
2023-03-25 11:33:02.7827|0|INFO|TatBlog.WebApp.Middlewares.UserActivityMiddleware|2023-03-25 11:33:02 - IP: ::1 - Path: /admin/Tags/VerifyTagSlug |url: https://localhost/admin/Tags/VerifyTagSlug|action: VerifyTagSlug|TatBlog.WebApp.Middlewares.UserActivityMiddleware.Invoke
2023-03-25 11:33:12.8428|0|INFO|TatBlog.WebApp.Middlewares.UserActivityMiddleware|2023-03-25 11:33:12 - IP: ::1 - Path: /admin/Tags/Edit |url: https://localhost/admin/Tags/Edit|action: Edit|TatBlog.WebApp.Middlewares.UserActivityMiddleware.Invoke
2023-03-25 11:33:12.9215|0|INFO|TatBlog.WebApp.Middlewares.UserActivityMiddleware|2023-03-25 11:33:12 - IP: ::1 - Path: /admin/Tags |url: https://localhost/admin/Tags|action: Index|TatBlog.WebApp.Middlewares.UserActivityMiddleware.Invoke
2023-03-25 11:33:12.9804|0|INFO|TatBlog.WebApp.Middlewares.UserActivityMiddleware|2023-03-25 11:33:12 - IP: ::1 - Path: /css/main.cs |url: https://localhost/css/main.cs|action: |TatBlog.WebApp.Middlewares.UserActivityMiddleware.Invoke
2023-03-25 11:33:14.2026|0|INFO|TatBlog.WebApp.Middlewares.UserActivityMiddleware|2023-03-25 11:33:14 - IP: ::1 - Path: /admin/Tags |url: https://localhost/admin/Tags|action: Index|TatBlog.WebApp.Middlewares.UserActivityMiddleware.Invoke
2023-03-25 11:33:14.2739|0|INFO|TatBlog.WebApp.Middlewares.UserActivityMiddleware|2023-03-25 11:33:14 - IP: ::1 - Path: /css/main.cs |url: https://localhost/css/main.cs|action: |TatBlog.WebApp.Middlewares.UserActivityMiddleware.Invoke
2023-03-25 11:35:28.1843|0|DEBUG|Program|init main |url: |action: |Program.<Main>$
2023-03-25 11:35:32.3589|14|INFO|Microsoft.Hosting.Lifetime|Now listening on: https://localhost:7293 |url: |action: |Microsoft.AspNetCore.Hosting.GenericWebHostService.StartAsync
2023-03-25 11:35:32.3589|14|INFO|Microsoft.Hosting.Lifetime|Now listening on: http://localhost:5167 |url: |action: |Microsoft.AspNetCore.Hosting.GenericWebHostService.StartAsync
2023-03-25 11:35:32.3589|0|INFO|Microsoft.Hosting.Lifetime|Application started. Press Ctrl+C to shut down. |url: |action: |Microsoft.Extensions.Hosting.Internal.ConsoleLifetime.OnApplicationStarted
2023-03-25 11:35:32.3589|0|INFO|Microsoft.Hosting.Lifetime|Hosting environment: Development |url: |action: |Microsoft.Extensions.Hosting.Internal.ConsoleLifetime.OnApplicationStarted
2023-03-25 11:35:32.3589|0|INFO|Microsoft.Hosting.Lifetime|Content root path: C:\Users\NHTV\Desktop\PhatTrienUngDungWebNangCao\Lab\Lab01\TipsAndTricks\TatBlog.WebApp |url: |action: |Microsoft.Extensions.Hosting.Internal.ApplicationLifetime.NotifyStarted
2023-03-25 11:35:33.3232|0|INFO|TatBlog.WebApp.Middlewares.UserActivityMiddleware|2023-03-25 11:35:33 - IP: ::1 - Path: / |url: https://localhost/|action: Index|TatBlog.WebApp.Middlewares.UserActivityMiddleware.Invoke
2023-03-25 11:35:35.6405|0|INFO|TatBlog.WebApp.Middlewares.UserActivityMiddleware|2023-03-25 11:35:35 - IP: ::1 - Path: /admin |url: https://localhost/admin|action: Index|TatBlog.WebApp.Middlewares.UserActivityMiddleware.Invoke
2023-03-25 11:35:36.1244|0|INFO|TatBlog.WebApp.Middlewares.UserActivityMiddleware|2023-03-25 11:35:36 - IP: ::1 - Path: /css/main.cs |url: https://localhost/css/main.cs|action: |TatBlog.WebApp.Middlewares.UserActivityMiddleware.Invoke
2023-03-25 11:35:37.2335|0|INFO|TatBlog.WebApp.Middlewares.UserActivityMiddleware|2023-03-25 11:35:37 - IP: ::1 - Path: /admin/Authors |url: https://localhost/admin/Authors|action: Index|TatBlog.WebApp.Middlewares.UserActivityMiddleware.Invoke
2023-03-25 11:35:37.7011|0|INFO|TatBlog.WebApp.Middlewares.UserActivityMiddleware|2023-03-25 11:35:37 - IP: ::1 - Path: /css/main.cs |url: https://localhost/css/main.cs|action: |TatBlog.WebApp.Middlewares.UserActivityMiddleware.Invoke
2023-03-25 11:35:38.2349|0|INFO|TatBlog.WebApp.Middlewares.UserActivityMiddleware|2023-03-25 11:35:38 - IP: ::1 - Path: /admin/Tags |url: https://localhost/admin/Tags|action: Index|TatBlog.WebApp.Middlewares.UserActivityMiddleware.Invoke
2023-03-25 11:35:38.6956|0|INFO|TatBlog.WebApp.Middlewares.UserActivityMiddleware|2023-03-25 11:35:38 - IP: ::1 - Path: /css/main.cs |url: https://localhost/css/main.cs|action: |TatBlog.WebApp.Middlewares.UserActivityMiddleware.Invoke
2023-03-25 11:36:05.1871|0|INFO|TatBlog.WebApp.Middlewares.UserActivityMiddleware|2023-03-25 11:36:05 - IP: ::1 - Path: /admin/Tags/Delete/7 |url: https://localhost/admin/Tags/Delete/7|action: Delete|TatBlog.WebApp.Middlewares.UserActivityMiddleware.Invoke
2023-03-25 11:36:05.2483|0|INFO|TatBlog.WebApp.Middlewares.UserActivityMiddleware|2023-03-25 11:36:05 - IP: ::1 - Path: /admin/Tags |url: https://localhost/admin/Tags|action: Index|TatBlog.WebApp.Middlewares.UserActivityMiddleware.Invoke
2023-03-25 11:36:05.3252|0|INFO|TatBlog.WebApp.Middlewares.UserActivityMiddleware|2023-03-25 11:36:05 - IP: ::1 - Path: /css/main.cs |url: https://localhost/css/main.cs|action: |TatBlog.WebApp.Middlewares.UserActivityMiddleware.Invoke
2023-03-25 11:36:16.9842|0|INFO|TatBlog.WebApp.Middlewares.UserActivityMiddleware|2023-03-25 11:36:16 - IP: ::1 - Path: /admin/Tags/Edit |url: https://localhost/admin/Tags/Edit|action: Edit|TatBlog.WebApp.Middlewares.UserActivityMiddleware.Invoke
2023-03-25 11:36:17.1690|0|INFO|TatBlog.WebApp.Middlewares.UserActivityMiddleware|2023-03-25 11:36:17 - IP: ::1 - Path: /css/main.cs |url: https://localhost/css/main.cs|action: |TatBlog.WebApp.Middlewares.UserActivityMiddleware.Invoke
2023-03-25 11:36:18.2960|0|INFO|TatBlog.WebApp.Middlewares.UserActivityMiddleware|2023-03-25 11:36:18 - IP: ::1 - Path: /admin/Tags |url: https://localhost/admin/Tags|action: Index|TatBlog.WebApp.Middlewares.UserActivityMiddleware.Invoke
2023-03-25 11:36:18.9099|0|INFO|TatBlog.WebApp.Middlewares.UserActivityMiddleware|2023-03-25 11:36:18 - IP: ::1 - Path: /css/main.cs |url: https://localhost/css/main.cs|action: |TatBlog.WebApp.Middlewares.UserActivityMiddleware.Invoke
2023-03-25 11:36:20.0137|0|INFO|TatBlog.WebApp.Middlewares.UserActivityMiddleware|2023-03-25 11:36:20 - IP: ::1 - Path: /admin/Tags/Edit |url: https://localhost/admin/Tags/Edit|action: Edit|TatBlog.WebApp.Middlewares.UserActivityMiddleware.Invoke
2023-03-25 11:36:20.0671|0|INFO|TatBlog.WebApp.Middlewares.UserActivityMiddleware|2023-03-25 11:36:20 - IP: ::1 - Path: /css/main.cs |url: https://localhost/css/main.cs|action: |TatBlog.WebApp.Middlewares.UserActivityMiddleware.Invoke
2023-03-25 11:36:27.6558|0|INFO|TatBlog.WebApp.Middlewares.UserActivityMiddleware|2023-03-25 11:36:27 - IP: ::1 - Path: /admin/Tags/VerifyTagSlug |url: https://localhost/admin/Tags/VerifyTagSlug|action: VerifyTagSlug|TatBlog.WebApp.Middlewares.UserActivityMiddleware.Invoke
2023-03-25 11:36:42.4871|0|INFO|TatBlog.WebApp.Middlewares.UserActivityMiddleware|2023-03-25 11:36:42 - IP: ::1 - Path: /admin/Tags/Edit |url: https://localhost/admin/Tags/Edit|action: Edit|TatBlog.WebApp.Middlewares.UserActivityMiddleware.Invoke
2023-03-25 11:36:42.7329|0|INFO|TatBlog.WebApp.Middlewares.UserActivityMiddleware|2023-03-25 11:36:42 - IP: ::1 - Path: /admin/Tags |url: https://localhost/admin/Tags|action: Index|TatBlog.WebApp.Middlewares.UserActivityMiddleware.Invoke
2023-03-25 11:36:42.8029|0|INFO|TatBlog.WebApp.Middlewares.UserActivityMiddleware|2023-03-25 11:36:42 - IP: ::1 - Path: /css/main.cs |url: https://localhost/css/main.cs|action: |TatBlog.WebApp.Middlewares.UserActivityMiddleware.Invoke
2023-03-25 11:36:43.8056|0|INFO|TatBlog.WebApp.Middlewares.UserActivityMiddleware|2023-03-25 11:36:43 - IP: ::1 - Path: /admin/Tags |url: https://localhost/admin/Tags|action: Index|TatBlog.WebApp.Middlewares.UserActivityMiddleware.Invoke
2023-03-25 11:36:43.8827|0|INFO|TatBlog.WebApp.Middlewares.UserActivityMiddleware|2023-03-25 11:36:43 - IP: ::1 - Path: /css/main.cs |url: https://localhost/css/main.cs|action: |TatBlog.WebApp.Middlewares.UserActivityMiddleware.Invoke
2023-03-25 11:36:55.7331|0|INFO|TatBlog.WebApp.Middlewares.UserActivityMiddleware|2023-03-25 11:36:55 - IP: ::1 - Path: /admin/Tags |url: https://localhost/admin/Tags|action: Index|TatBlog.WebApp.Middlewares.UserActivityMiddleware.Invoke
2023-03-25 11:36:55.8069|0|INFO|TatBlog.WebApp.Middlewares.UserActivityMiddleware|2023-03-25 11:36:55 - IP: ::1 - Path: /css/main.cs |url: https://localhost/css/main.cs|action: |TatBlog.WebApp.Middlewares.UserActivityMiddleware.Invoke
2023-03-25 11:36:56.4581|0|INFO|TatBlog.WebApp.Middlewares.UserActivityMiddleware|2023-03-25 11:36:56 - IP: ::1 - Path: /admin/Tags |url: https://localhost/admin/Tags|action: Index|TatBlog.WebApp.Middlewares.UserActivityMiddleware.Invoke
2023-03-25 11:36:56.5194|0|INFO|TatBlog.WebApp.Middlewares.UserActivityMiddleware|2023-03-25 11:36:56 - IP: ::1 - Path: /css/main.cs |url: https://localhost/css/main.cs|action: |TatBlog.WebApp.Middlewares.UserActivityMiddleware.Invoke
2023-03-25 11:36:58.0143|0|INFO|TatBlog.WebApp.Middlewares.UserActivityMiddleware|2023-03-25 11:36:58 - IP: ::1 - Path: /admin/Tags |url: https://localhost/admin/Tags|action: Index|TatBlog.WebApp.Middlewares.UserActivityMiddleware.Invoke
2023-03-25 11:36:58.0680|0|INFO|TatBlog.WebApp.Middlewares.UserActivityMiddleware|2023-03-25 11:36:58 - IP: ::1 - Path: /css/main.cs |url: https://localhost/css/main.cs|action: |TatBlog.WebApp.Middlewares.UserActivityMiddleware.Invoke
2023-03-25 11:37:02.5618|0|INFO|TatBlog.WebApp.Middlewares.UserActivityMiddleware|2023-03-25 11:37:02 - IP: ::1 - Path: /admin/Tags |url: https://localhost/admin/Tags|action: Index|TatBlog.WebApp.Middlewares.UserActivityMiddleware.Invoke
2023-03-25 11:37:02.6290|0|INFO|TatBlog.WebApp.Middlewares.UserActivityMiddleware|2023-03-25 11:37:02 - IP: ::1 - Path: /css/main.cs |url: https://localhost/css/main.cs|action: |TatBlog.WebApp.Middlewares.UserActivityMiddleware.Invoke
