2023-04-07 00:06:29.9263|0|INFO|Microsoft.Hosting.Lifetime|Application is shutting down... |url: |action: |Microsoft.Extensions.Hosting.Internal.ApplicationLifetime.StopApplication
2023-04-07 16:33:11.5130|0|DEBUG|Program|init main |url: |action: |Program.<Main>$
2023-04-07 16:33:12.0195|14|INFO|Microsoft.Hosting.Lifetime|Now listening on: https://localhost:7115 |url: |action: |Microsoft.AspNetCore.Hosting.GenericWebHostService.StartAsync
2023-04-07 16:33:12.0299|14|INFO|Microsoft.Hosting.Lifetime|Now listening on: http://localhost:5134 |url: |action: |Microsoft.AspNetCore.Hosting.GenericWebHostService.StartAsync
2023-04-07 16:33:12.0299|0|INFO|Microsoft.Hosting.Lifetime|Application started. Press Ctrl+C to shut down. |url: |action: |Microsoft.Extensions.Hosting.Internal.ConsoleLifetime.OnApplicationStarted
2023-04-07 16:33:12.0299|0|INFO|Microsoft.Hosting.Lifetime|Hosting environment: Development |url: |action: |Microsoft.Extensions.Hosting.Internal.ConsoleLifetime.OnApplicationStarted
2023-04-07 16:33:12.0299|0|INFO|Microsoft.Hosting.Lifetime|Content root path: C:\Users\NHTV\Desktop\PhatTrienUngDungWebNangCao\Lab\Lab01\TipsAndTricks\TatBlog.WebApi |url: |action: |Microsoft.Extensions.Hosting.Internal.ApplicationLifetime.NotifyStarted
2023-04-07 16:33:28.7975|10100|ERROR|Microsoft.EntityFrameworkCore.Query|An exception occurred while iterating over the results of a query for context type 'TatBlog.Data.Contexts.BlogDbContext'.
Microsoft.Data.SqlClient.SqlException (0x80131904): The offset specified in a OFFSET clause may not be negative.
   at Microsoft.Data.SqlClient.SqlConnection.OnError(SqlException exception, Boolean breakConnection, Action`1 wrapCloseInAction)
   at Microsoft.Data.SqlClient.SqlInternalConnection.OnError(SqlException exception, Boolean breakConnection, Action`1 wrapCloseInAction)
   at Microsoft.Data.SqlClient.TdsParser.ThrowExceptionAndWarning(TdsParserStateObject stateObj, Boolean callerHasConnectionLock, Boolean asyncClose)
   at Microsoft.Data.SqlClient.TdsParser.TryRun(RunBehavior runBehavior, SqlCommand cmdHandler, SqlDataReader dataStream, BulkCopySimpleResultSet bulkCopyHandler, TdsParserStateObject stateObj, Boolean& dataReady)
   at Microsoft.Data.SqlClient.SqlDataReader.TryHasMoreRows(Boolean& moreRows)
   at Microsoft.Data.SqlClient.SqlDataReader.TryReadInternal(Boolean setTimeout, Boolean& more)
   at Microsoft.Data.SqlClient.SqlDataReader.ReadAsyncExecute(Task task, Object state)
   at Microsoft.Data.SqlClient.SqlDataReader.InvokeAsyncCall[T](SqlDataReaderAsyncCallContext`1 context)
--- End of stack trace from previous location ---
   at Microsoft.EntityFrameworkCore.Query.Internal.SingleQueryingEnumerable`1.AsyncEnumerator.MoveNextAsync()
ClientConnectionId:2c184e43-5071-48a6-abcb-5bd1cb08b601
Error Number:10742,State:1,Class:15 Microsoft.Data.SqlClient.SqlException (0x80131904): The offset specified in a OFFSET clause may not be negative.
   at Microsoft.Data.SqlClient.SqlConnection.OnError(SqlException exception, Boolean breakConnection, Action`1 wrapCloseInAction)
   at Microsoft.Data.SqlClient.SqlInternalConnection.OnError(SqlException exception, Boolean breakConnection, Action`1 wrapCloseInAction)
   at Microsoft.Data.SqlClient.TdsParser.ThrowExceptionAndWarning(TdsParserStateObject stateObj, Boolean callerHasConnectionLock, Boolean asyncClose)
   at Microsoft.Data.SqlClient.TdsParser.TryRun(RunBehavior runBehavior, SqlCommand cmdHandler, SqlDataReader dataStream, BulkCopySimpleResultSet bulkCopyHandler, TdsParserStateObject stateObj, Boolean& dataReady)
   at Microsoft.Data.SqlClient.SqlDataReader.TryHasMoreRows(Boolean& moreRows)
   at Microsoft.Data.SqlClient.SqlDataReader.TryReadInternal(Boolean setTimeout, Boolean& more)
   at Microsoft.Data.SqlClient.SqlDataReader.ReadAsyncExecute(Task task, Object state)
   at Microsoft.Data.SqlClient.SqlDataReader.InvokeAsyncCall[T](SqlDataReaderAsyncCallContext`1 context)
--- End of stack trace from previous location ---
   at Microsoft.EntityFrameworkCore.Query.Internal.SingleQueryingEnumerable`1.AsyncEnumerator.MoveNextAsync()
ClientConnectionId:2c184e43-5071-48a6-abcb-5bd1cb08b601
Error Number:10742,State:1,Class:15|url: https://localhost/api/posts|action: |Microsoft.EntityFrameworkCore.Diagnostics.EventDefinition`3.Log
2023-04-07 16:33:28.7975|1|ERROR|Microsoft.AspNetCore.Diagnostics.DeveloperExceptionPageMiddleware|An unhandled exception has occurred while executing the request. Microsoft.Data.SqlClient.SqlException (0x80131904): The offset specified in a OFFSET clause may not be negative.
   at Microsoft.Data.SqlClient.SqlConnection.OnError(SqlException exception, Boolean breakConnection, Action`1 wrapCloseInAction)
   at Microsoft.Data.SqlClient.SqlInternalConnection.OnError(SqlException exception, Boolean breakConnection, Action`1 wrapCloseInAction)
   at Microsoft.Data.SqlClient.TdsParser.ThrowExceptionAndWarning(TdsParserStateObject stateObj, Boolean callerHasConnectionLock, Boolean asyncClose)
   at Microsoft.Data.SqlClient.TdsParser.TryRun(RunBehavior runBehavior, SqlCommand cmdHandler, SqlDataReader dataStream, BulkCopySimpleResultSet bulkCopyHandler, TdsParserStateObject stateObj, Boolean& dataReady)
   at Microsoft.Data.SqlClient.SqlDataReader.TryHasMoreRows(Boolean& moreRows)
   at Microsoft.Data.SqlClient.SqlDataReader.TryReadInternal(Boolean setTimeout, Boolean& more)
   at Microsoft.Data.SqlClient.SqlDataReader.ReadAsyncExecute(Task task, Object state)
   at Microsoft.Data.SqlClient.SqlDataReader.InvokeAsyncCall[T](SqlDataReaderAsyncCallContext`1 context)
--- End of stack trace from previous location ---
   at Microsoft.EntityFrameworkCore.Query.Internal.SingleQueryingEnumerable`1.AsyncEnumerator.MoveNextAsync()
   at Microsoft.EntityFrameworkCore.EntityFrameworkQueryableExtensions.ToListAsync[TSource](IQueryable`1 source, CancellationToken cancellationToken)
   at Microsoft.EntityFrameworkCore.EntityFrameworkQueryableExtensions.ToListAsync[TSource](IQueryable`1 source, CancellationToken cancellationToken)
   at TatBlog.Services.Extensions.PagedListExtensions.ToPagedListAsync[T](IQueryable`1 source, IPagingParams pagingParams, CancellationToken cancellationToken)
   at TatBlog.Services.Blogs.PostRepository.GetPagedPostsAsync(PostQuery query, IPagingParams pagingParams, CancellationToken cancellationToken) in C:\Users\NHTV\Desktop\PhatTrienUngDungWebNangCao\Lab\Lab01\TipsAndTricks\TatBlog.Services\Blogs\PostRepository.cs:line 194
   at TatBlog.WebApi.Endpoints.PostEndpoints.GetPosts(PostFilterModel model, IPostRepository postRepository) in C:\Users\NHTV\Desktop\PhatTrienUngDungWebNangCao\Lab\Lab01\TipsAndTricks\TatBlog.WebApi\Endpoints\PostEndpoints.cs:line 93
   at Microsoft.AspNetCore.Http.RequestDelegateFactory.ExecuteTaskResult[T](Task`1 task, HttpContext httpContext)
   at Microsoft.AspNetCore.Routing.EndpointMiddleware.<Invoke>g__AwaitRequestTask|6_0(Endpoint endpoint, Task requestTask, ILogger logger)
   at Swashbuckle.AspNetCore.SwaggerUI.SwaggerUIMiddleware.Invoke(HttpContext httpContext)
   at Swashbuckle.AspNetCore.Swagger.SwaggerMiddleware.Invoke(HttpContext httpContext, ISwaggerProvider swaggerProvider)
   at Microsoft.AspNetCore.Diagnostics.DeveloperExceptionPageMiddlewareImpl.Invoke(HttpContext context)
ClientConnectionId:2c184e43-5071-48a6-abcb-5bd1cb08b601
Error Number:10742,State:1,Class:15|url: https://localhost/api/posts|action: |Microsoft.AspNetCore.Diagnostics.DeveloperExceptionPageMiddlewareImpl.Invoke
2023-04-07 16:38:54.1558|0|INFO|Microsoft.Hosting.Lifetime|Application is shutting down... |url: |action: |Microsoft.Extensions.Hosting.Internal.ApplicationLifetime.StopApplication
2023-04-07 16:40:51.2817|0|DEBUG|Program|init main |url: |action: |Program.<Main>$
2023-04-07 16:40:51.7955|14|INFO|Microsoft.Hosting.Lifetime|Now listening on: https://localhost:7115 |url: |action: |Microsoft.AspNetCore.Hosting.GenericWebHostService.StartAsync
2023-04-07 16:40:51.7955|14|INFO|Microsoft.Hosting.Lifetime|Now listening on: http://localhost:5134 |url: |action: |Microsoft.AspNetCore.Hosting.GenericWebHostService.StartAsync
2023-04-07 16:40:51.7955|0|INFO|Microsoft.Hosting.Lifetime|Application started. Press Ctrl+C to shut down. |url: |action: |Microsoft.Extensions.Hosting.Internal.ConsoleLifetime.OnApplicationStarted
2023-04-07 16:40:51.7955|0|INFO|Microsoft.Hosting.Lifetime|Hosting environment: Development |url: |action: |Microsoft.Extensions.Hosting.Internal.ConsoleLifetime.OnApplicationStarted
2023-04-07 16:40:51.7955|0|INFO|Microsoft.Hosting.Lifetime|Content root path: C:\Users\NHTV\Desktop\PhatTrienUngDungWebNangCao\Lab\Lab01\TipsAndTricks\TatBlog.WebApi |url: |action: |Microsoft.Extensions.Hosting.Internal.ApplicationLifetime.NotifyStarted
2023-04-07 16:41:29.9545|0|DEBUG|Program|init main |url: |action: |Program.<Main>$
2023-04-07 16:41:30.3231|14|INFO|Microsoft.Hosting.Lifetime|Now listening on: https://localhost:7115 |url: |action: |Microsoft.AspNetCore.Hosting.GenericWebHostService.StartAsync
2023-04-07 16:41:30.3314|14|INFO|Microsoft.Hosting.Lifetime|Now listening on: http://localhost:5134 |url: |action: |Microsoft.AspNetCore.Hosting.GenericWebHostService.StartAsync
2023-04-07 16:41:30.3314|0|INFO|Microsoft.Hosting.Lifetime|Application started. Press Ctrl+C to shut down. |url: |action: |Microsoft.Extensions.Hosting.Internal.ConsoleLifetime.OnApplicationStarted
2023-04-07 16:41:30.3314|0|INFO|Microsoft.Hosting.Lifetime|Hosting environment: Development |url: |action: |Microsoft.Extensions.Hosting.Internal.ConsoleLifetime.OnApplicationStarted
2023-04-07 16:41:30.3314|0|INFO|Microsoft.Hosting.Lifetime|Content root path: C:\Users\NHTV\Desktop\PhatTrienUngDungWebNangCao\Lab\Lab01\TipsAndTricks\TatBlog.WebApi |url: |action: |Microsoft.Extensions.Hosting.Internal.ApplicationLifetime.NotifyStarted
2023-04-07 16:52:38.9897|10100|ERROR|Microsoft.EntityFrameworkCore.Query|An exception occurred while iterating over the results of a query for context type 'TatBlog.Data.Contexts.BlogDbContext'.
Microsoft.Data.SqlClient.SqlException (0x80131904): The offset specified in a OFFSET clause may not be negative.
   at Microsoft.Data.SqlClient.SqlConnection.OnError(SqlException exception, Boolean breakConnection, Action`1 wrapCloseInAction)
   at Microsoft.Data.SqlClient.SqlInternalConnection.OnError(SqlException exception, Boolean breakConnection, Action`1 wrapCloseInAction)
   at Microsoft.Data.SqlClient.TdsParser.ThrowExceptionAndWarning(TdsParserStateObject stateObj, Boolean callerHasConnectionLock, Boolean asyncClose)
   at Microsoft.Data.SqlClient.TdsParser.TryRun(RunBehavior runBehavior, SqlCommand cmdHandler, SqlDataReader dataStream, BulkCopySimpleResultSet bulkCopyHandler, TdsParserStateObject stateObj, Boolean& dataReady)
   at Microsoft.Data.SqlClient.SqlDataReader.TryHasMoreRows(Boolean& moreRows)
   at Microsoft.Data.SqlClient.SqlDataReader.TryReadInternal(Boolean setTimeout, Boolean& more)
   at Microsoft.Data.SqlClient.SqlDataReader.ReadAsyncExecute(Task task, Object state)
   at Microsoft.Data.SqlClient.SqlDataReader.InvokeAsyncCall[T](SqlDataReaderAsyncCallContext`1 context)
--- End of stack trace from previous location ---
   at Microsoft.EntityFrameworkCore.Query.Internal.SingleQueryingEnumerable`1.AsyncEnumerator.MoveNextAsync()
ClientConnectionId:8110ffc8-ab0f-4145-8986-3f691925e609
Error Number:10742,State:1,Class:15 Microsoft.Data.SqlClient.SqlException (0x80131904): The offset specified in a OFFSET clause may not be negative.
   at Microsoft.Data.SqlClient.SqlConnection.OnError(SqlException exception, Boolean breakConnection, Action`1 wrapCloseInAction)
   at Microsoft.Data.SqlClient.SqlInternalConnection.OnError(SqlException exception, Boolean breakConnection, Action`1 wrapCloseInAction)
   at Microsoft.Data.SqlClient.TdsParser.ThrowExceptionAndWarning(TdsParserStateObject stateObj, Boolean callerHasConnectionLock, Boolean asyncClose)
   at Microsoft.Data.SqlClient.TdsParser.TryRun(RunBehavior runBehavior, SqlCommand cmdHandler, SqlDataReader dataStream, BulkCopySimpleResultSet bulkCopyHandler, TdsParserStateObject stateObj, Boolean& dataReady)
   at Microsoft.Data.SqlClient.SqlDataReader.TryHasMoreRows(Boolean& moreRows)
   at Microsoft.Data.SqlClient.SqlDataReader.TryReadInternal(Boolean setTimeout, Boolean& more)
   at Microsoft.Data.SqlClient.SqlDataReader.ReadAsyncExecute(Task task, Object state)
   at Microsoft.Data.SqlClient.SqlDataReader.InvokeAsyncCall[T](SqlDataReaderAsyncCallContext`1 context)
--- End of stack trace from previous location ---
   at Microsoft.EntityFrameworkCore.Query.Internal.SingleQueryingEnumerable`1.AsyncEnumerator.MoveNextAsync()
ClientConnectionId:8110ffc8-ab0f-4145-8986-3f691925e609
Error Number:10742,State:1,Class:15|url: https://localhost/api/posts|action: |Microsoft.EntityFrameworkCore.Diagnostics.EventDefinition`3.Log
2023-04-07 16:52:39.0456|1|ERROR|Microsoft.AspNetCore.Diagnostics.DeveloperExceptionPageMiddleware|An unhandled exception has occurred while executing the request. Microsoft.Data.SqlClient.SqlException (0x80131904): The offset specified in a OFFSET clause may not be negative.
   at Microsoft.Data.SqlClient.SqlConnection.OnError(SqlException exception, Boolean breakConnection, Action`1 wrapCloseInAction)
   at Microsoft.Data.SqlClient.SqlInternalConnection.OnError(SqlException exception, Boolean breakConnection, Action`1 wrapCloseInAction)
   at Microsoft.Data.SqlClient.TdsParser.ThrowExceptionAndWarning(TdsParserStateObject stateObj, Boolean callerHasConnectionLock, Boolean asyncClose)
   at Microsoft.Data.SqlClient.TdsParser.TryRun(RunBehavior runBehavior, SqlCommand cmdHandler, SqlDataReader dataStream, BulkCopySimpleResultSet bulkCopyHandler, TdsParserStateObject stateObj, Boolean& dataReady)
   at Microsoft.Data.SqlClient.SqlDataReader.TryHasMoreRows(Boolean& moreRows)
   at Microsoft.Data.SqlClient.SqlDataReader.TryReadInternal(Boolean setTimeout, Boolean& more)
   at Microsoft.Data.SqlClient.SqlDataReader.ReadAsyncExecute(Task task, Object state)
   at Microsoft.Data.SqlClient.SqlDataReader.InvokeAsyncCall[T](SqlDataReaderAsyncCallContext`1 context)
--- End of stack trace from previous location ---
   at Microsoft.EntityFrameworkCore.Query.Internal.SingleQueryingEnumerable`1.AsyncEnumerator.MoveNextAsync()
   at Microsoft.EntityFrameworkCore.EntityFrameworkQueryableExtensions.ToListAsync[TSource](IQueryable`1 source, CancellationToken cancellationToken)
   at Microsoft.EntityFrameworkCore.EntityFrameworkQueryableExtensions.ToListAsync[TSource](IQueryable`1 source, CancellationToken cancellationToken)
   at TatBlog.Services.Extensions.PagedListExtensions.ToPagedListAsync[T](IQueryable`1 source, IPagingParams pagingParams, CancellationToken cancellationToken)
   at TatBlog.Services.Blogs.PostRepository.GetPagedPostsAsync(PostQuery query, IPagingParams pagingParams, CancellationToken cancellationToken) in C:\Users\NHTV\Desktop\PhatTrienUngDungWebNangCao\Lab\Lab01\TipsAndTricks\TatBlog.Services\Blogs\PostRepository.cs:line 194
   at TatBlog.WebApi.Endpoints.PostEndpoints.GetPosts(PostFilterModel model, IPostRepository postRepository) in C:\Users\NHTV\Desktop\PhatTrienUngDungWebNangCao\Lab\Lab01\TipsAndTricks\TatBlog.WebApi\Endpoints\PostEndpoints.cs:line 93
   at Microsoft.AspNetCore.Http.RequestDelegateFactory.ExecuteTaskResult[T](Task`1 task, HttpContext httpContext)
   at Microsoft.AspNetCore.Routing.EndpointMiddleware.<Invoke>g__AwaitRequestTask|6_0(Endpoint endpoint, Task requestTask, ILogger logger)
   at Swashbuckle.AspNetCore.SwaggerUI.SwaggerUIMiddleware.Invoke(HttpContext httpContext)
   at Swashbuckle.AspNetCore.Swagger.SwaggerMiddleware.Invoke(HttpContext httpContext, ISwaggerProvider swaggerProvider)
   at Microsoft.AspNetCore.Diagnostics.DeveloperExceptionPageMiddlewareImpl.Invoke(HttpContext context)
ClientConnectionId:8110ffc8-ab0f-4145-8986-3f691925e609
Error Number:10742,State:1,Class:15|url: https://localhost/api/posts|action: |Microsoft.AspNetCore.Diagnostics.DeveloperExceptionPageMiddlewareImpl.Invoke
2023-04-07 16:54:03.3789|10100|ERROR|Microsoft.EntityFrameworkCore.Query|An exception occurred while iterating over the results of a query for context type 'TatBlog.Data.Contexts.BlogDbContext'.
Microsoft.Data.SqlClient.SqlException (0x80131904): The offset specified in a OFFSET clause may not be negative.
   at Microsoft.Data.SqlClient.SqlConnection.OnError(SqlException exception, Boolean breakConnection, Action`1 wrapCloseInAction)
   at Microsoft.Data.SqlClient.SqlInternalConnection.OnError(SqlException exception, Boolean breakConnection, Action`1 wrapCloseInAction)
   at Microsoft.Data.SqlClient.TdsParser.ThrowExceptionAndWarning(TdsParserStateObject stateObj, Boolean callerHasConnectionLock, Boolean asyncClose)
   at Microsoft.Data.SqlClient.TdsParser.TryRun(RunBehavior runBehavior, SqlCommand cmdHandler, SqlDataReader dataStream, BulkCopySimpleResultSet bulkCopyHandler, TdsParserStateObject stateObj, Boolean& dataReady)
   at Microsoft.Data.SqlClient.SqlDataReader.TryHasMoreRows(Boolean& moreRows)
   at Microsoft.Data.SqlClient.SqlDataReader.TryReadInternal(Boolean setTimeout, Boolean& more)
   at Microsoft.Data.SqlClient.SqlDataReader.ReadAsyncExecute(Task task, Object state)
   at Microsoft.Data.SqlClient.SqlDataReader.InvokeAsyncCall[T](SqlDataReaderAsyncCallContext`1 context)
--- End of stack trace from previous location ---
   at Microsoft.EntityFrameworkCore.Query.Internal.SingleQueryingEnumerable`1.AsyncEnumerator.MoveNextAsync()
ClientConnectionId:5db1ee32-22a2-455f-ae62-0af94d08980c
Error Number:10742,State:1,Class:15 Microsoft.Data.SqlClient.SqlException (0x80131904): The offset specified in a OFFSET clause may not be negative.
   at Microsoft.Data.SqlClient.SqlConnection.OnError(SqlException exception, Boolean breakConnection, Action`1 wrapCloseInAction)
   at Microsoft.Data.SqlClient.SqlInternalConnection.OnError(SqlException exception, Boolean breakConnection, Action`1 wrapCloseInAction)
   at Microsoft.Data.SqlClient.TdsParser.ThrowExceptionAndWarning(TdsParserStateObject stateObj, Boolean callerHasConnectionLock, Boolean asyncClose)
   at Microsoft.Data.SqlClient.TdsParser.TryRun(RunBehavior runBehavior, SqlCommand cmdHandler, SqlDataReader dataStream, BulkCopySimpleResultSet bulkCopyHandler, TdsParserStateObject stateObj, Boolean& dataReady)
   at Microsoft.Data.SqlClient.SqlDataReader.TryHasMoreRows(Boolean& moreRows)
   at Microsoft.Data.SqlClient.SqlDataReader.TryReadInternal(Boolean setTimeout, Boolean& more)
   at Microsoft.Data.SqlClient.SqlDataReader.ReadAsyncExecute(Task task, Object state)
   at Microsoft.Data.SqlClient.SqlDataReader.InvokeAsyncCall[T](SqlDataReaderAsyncCallContext`1 context)
--- End of stack trace from previous location ---
   at Microsoft.EntityFrameworkCore.Query.Internal.SingleQueryingEnumerable`1.AsyncEnumerator.MoveNextAsync()
ClientConnectionId:5db1ee32-22a2-455f-ae62-0af94d08980c
Error Number:10742,State:1,Class:15|url: https://localhost/api/posts|action: |Microsoft.EntityFrameworkCore.Diagnostics.EventDefinition`3.Log
2023-04-07 16:54:03.3789|1|ERROR|Microsoft.AspNetCore.Diagnostics.DeveloperExceptionPageMiddleware|An unhandled exception has occurred while executing the request. Microsoft.Data.SqlClient.SqlException (0x80131904): The offset specified in a OFFSET clause may not be negative.
   at Microsoft.Data.SqlClient.SqlConnection.OnError(SqlException exception, Boolean breakConnection, Action`1 wrapCloseInAction)
   at Microsoft.Data.SqlClient.SqlInternalConnection.OnError(SqlException exception, Boolean breakConnection, Action`1 wrapCloseInAction)
   at Microsoft.Data.SqlClient.TdsParser.ThrowExceptionAndWarning(TdsParserStateObject stateObj, Boolean callerHasConnectionLock, Boolean asyncClose)
   at Microsoft.Data.SqlClient.TdsParser.TryRun(RunBehavior runBehavior, SqlCommand cmdHandler, SqlDataReader dataStream, BulkCopySimpleResultSet bulkCopyHandler, TdsParserStateObject stateObj, Boolean& dataReady)
   at Microsoft.Data.SqlClient.SqlDataReader.TryHasMoreRows(Boolean& moreRows)
   at Microsoft.Data.SqlClient.SqlDataReader.TryReadInternal(Boolean setTimeout, Boolean& more)
   at Microsoft.Data.SqlClient.SqlDataReader.ReadAsyncExecute(Task task, Object state)
   at Microsoft.Data.SqlClient.SqlDataReader.InvokeAsyncCall[T](SqlDataReaderAsyncCallContext`1 context)
--- End of stack trace from previous location ---
   at Microsoft.EntityFrameworkCore.Query.Internal.SingleQueryingEnumerable`1.AsyncEnumerator.MoveNextAsync()
   at Microsoft.EntityFrameworkCore.EntityFrameworkQueryableExtensions.ToListAsync[TSource](IQueryable`1 source, CancellationToken cancellationToken)
   at Microsoft.EntityFrameworkCore.EntityFrameworkQueryableExtensions.ToListAsync[TSource](IQueryable`1 source, CancellationToken cancellationToken)
   at TatBlog.Services.Extensions.PagedListExtensions.ToPagedListAsync[T](IQueryable`1 source, IPagingParams pagingParams, CancellationToken cancellationToken)
   at TatBlog.Services.Blogs.PostRepository.GetPagedPostsAsync(PostQuery query, IPagingParams pagingParams, CancellationToken cancellationToken) in C:\Users\NHTV\Desktop\PhatTrienUngDungWebNangCao\Lab\Lab01\TipsAndTricks\TatBlog.Services\Blogs\PostRepository.cs:line 194
   at TatBlog.WebApi.Endpoints.PostEndpoints.GetPosts(PostFilterModel model, IPostRepository postRepository) in C:\Users\NHTV\Desktop\PhatTrienUngDungWebNangCao\Lab\Lab01\TipsAndTricks\TatBlog.WebApi\Endpoints\PostEndpoints.cs:line 93
   at Microsoft.AspNetCore.Http.RequestDelegateFactory.ExecuteTaskResult[T](Task`1 task, HttpContext httpContext)
   at Microsoft.AspNetCore.Routing.EndpointMiddleware.<Invoke>g__AwaitRequestTask|6_0(Endpoint endpoint, Task requestTask, ILogger logger)
   at Swashbuckle.AspNetCore.SwaggerUI.SwaggerUIMiddleware.Invoke(HttpContext httpContext)
   at Swashbuckle.AspNetCore.Swagger.SwaggerMiddleware.Invoke(HttpContext httpContext, ISwaggerProvider swaggerProvider)
   at Microsoft.AspNetCore.Diagnostics.DeveloperExceptionPageMiddlewareImpl.Invoke(HttpContext context)
ClientConnectionId:5db1ee32-22a2-455f-ae62-0af94d08980c
Error Number:10742,State:1,Class:15|url: https://localhost/api/posts|action: |Microsoft.AspNetCore.Diagnostics.DeveloperExceptionPageMiddlewareImpl.Invoke
2023-04-07 17:03:46.5997|0|INFO|Microsoft.Hosting.Lifetime|Application is shutting down... |url: |action: |Microsoft.Extensions.Hosting.Internal.ApplicationLifetime.StopApplication
2023-04-07 17:05:38.2649|0|DEBUG|Program|init main |url: |action: |Program.<Main>$
2023-04-07 17:05:38.9993|14|INFO|Microsoft.Hosting.Lifetime|Now listening on: https://localhost:7115 |url: |action: |Microsoft.AspNetCore.Hosting.GenericWebHostService.StartAsync
2023-04-07 17:05:39.0065|14|INFO|Microsoft.Hosting.Lifetime|Now listening on: http://localhost:5134 |url: |action: |Microsoft.AspNetCore.Hosting.GenericWebHostService.StartAsync
2023-04-07 17:05:39.0065|0|INFO|Microsoft.Hosting.Lifetime|Application started. Press Ctrl+C to shut down. |url: |action: |Microsoft.Extensions.Hosting.Internal.ConsoleLifetime.OnApplicationStarted
2023-04-07 17:05:39.0065|0|INFO|Microsoft.Hosting.Lifetime|Hosting environment: Development |url: |action: |Microsoft.Extensions.Hosting.Internal.ConsoleLifetime.OnApplicationStarted
2023-04-07 17:05:39.0065|0|INFO|Microsoft.Hosting.Lifetime|Content root path: C:\Users\NHTV\Desktop\PhatTrienUngDungWebNangCao\Lab\Lab01\TipsAndTricks\TatBlog.WebApi |url: |action: |Microsoft.Extensions.Hosting.Internal.ApplicationLifetime.NotifyStarted
2023-04-07 17:05:50.5756|0|INFO|Microsoft.Hosting.Lifetime|Application is shutting down... |url: |action: |Microsoft.Extensions.Hosting.Internal.ApplicationLifetime.StopApplication
2023-04-07 17:06:04.7066|0|DEBUG|Program|init main |url: |action: |Program.<Main>$
2023-04-07 17:06:05.0423|14|INFO|Microsoft.Hosting.Lifetime|Now listening on: https://localhost:7115 |url: |action: |Microsoft.AspNetCore.Hosting.GenericWebHostService.StartAsync
2023-04-07 17:06:05.0477|14|INFO|Microsoft.Hosting.Lifetime|Now listening on: http://localhost:5134 |url: |action: |Microsoft.AspNetCore.Hosting.GenericWebHostService.StartAsync
2023-04-07 17:06:05.0477|0|INFO|Microsoft.Hosting.Lifetime|Application started. Press Ctrl+C to shut down. |url: |action: |Microsoft.Extensions.Hosting.Internal.ConsoleLifetime.OnApplicationStarted
2023-04-07 17:06:05.0477|0|INFO|Microsoft.Hosting.Lifetime|Hosting environment: Development |url: |action: |Microsoft.Extensions.Hosting.Internal.ConsoleLifetime.OnApplicationStarted
2023-04-07 17:06:05.0477|0|INFO|Microsoft.Hosting.Lifetime|Content root path: C:\Users\NHTV\Desktop\PhatTrienUngDungWebNangCao\Lab\Lab01\TipsAndTricks\TatBlog.WebApi |url: |action: |Microsoft.Extensions.Hosting.Internal.ApplicationLifetime.NotifyStarted
2023-04-07 17:06:27.2462|0|INFO|Microsoft.Hosting.Lifetime|Application is shutting down... |url: |action: |Microsoft.Extensions.Hosting.Internal.ApplicationLifetime.StopApplication
2023-04-07 17:06:31.1810|0|DEBUG|Program|init main |url: |action: |Program.<Main>$
2023-04-07 17:06:31.4881|14|INFO|Microsoft.Hosting.Lifetime|Now listening on: https://localhost:7115 |url: |action: |Microsoft.AspNetCore.Hosting.GenericWebHostService.StartAsync
2023-04-07 17:06:31.4936|14|INFO|Microsoft.Hosting.Lifetime|Now listening on: http://localhost:5134 |url: |action: |Microsoft.AspNetCore.Hosting.GenericWebHostService.StartAsync
2023-04-07 17:06:31.4936|0|INFO|Microsoft.Hosting.Lifetime|Application started. Press Ctrl+C to shut down. |url: |action: |Microsoft.Extensions.Hosting.Internal.ConsoleLifetime.OnApplicationStarted
2023-04-07 17:06:31.4936|0|INFO|Microsoft.Hosting.Lifetime|Hosting environment: Development |url: |action: |Microsoft.Extensions.Hosting.Internal.ConsoleLifetime.OnApplicationStarted
2023-04-07 17:06:31.4936|0|INFO|Microsoft.Hosting.Lifetime|Content root path: C:\Users\NHTV\Desktop\PhatTrienUngDungWebNangCao\Lab\Lab01\TipsAndTricks\TatBlog.WebApi |url: |action: |Microsoft.Extensions.Hosting.Internal.ApplicationLifetime.NotifyStarted
2023-04-07 17:37:54.3965|0|INFO|Microsoft.Hosting.Lifetime|Application is shutting down... |url: |action: |Microsoft.Extensions.Hosting.Internal.ApplicationLifetime.StopApplication
2023-04-07 22:49:28.7648|0|DEBUG|Program|init main |url: |action: |Program.<Main>$
2023-04-07 22:49:29.8395|14|INFO|Microsoft.Hosting.Lifetime|Now listening on: https://localhost:7115 |url: |action: |Microsoft.AspNetCore.Hosting.GenericWebHostService.StartAsync
2023-04-07 22:49:29.8500|14|INFO|Microsoft.Hosting.Lifetime|Now listening on: http://localhost:5134 |url: |action: |Microsoft.AspNetCore.Hosting.GenericWebHostService.StartAsync
2023-04-07 22:49:29.8500|0|INFO|Microsoft.Hosting.Lifetime|Application started. Press Ctrl+C to shut down. |url: |action: |Microsoft.Extensions.Hosting.Internal.ConsoleLifetime.OnApplicationStarted
2023-04-07 22:49:29.8500|0|INFO|Microsoft.Hosting.Lifetime|Hosting environment: Development |url: |action: |Microsoft.Extensions.Hosting.Internal.ConsoleLifetime.OnApplicationStarted
2023-04-07 22:49:29.8500|0|INFO|Microsoft.Hosting.Lifetime|Content root path: C:\Users\NHTV\Desktop\PhatTrienUngDungWebNangCao\Lab\Lab01\TipsAndTricks\TatBlog.WebApi |url: |action: |Microsoft.Extensions.Hosting.Internal.ApplicationLifetime.NotifyStarted
2023-04-07 23:11:06.8082|0|INFO|Microsoft.Hosting.Lifetime|Application is shutting down... |url: |action: |Microsoft.Extensions.Hosting.Internal.ApplicationLifetime.StopApplication
