2023-04-21 19:53:01.2137|0|DEBUG|Program|init main |url: |action: |Program.<Main>$
2023-04-21 19:53:03.9119|14|INFO|Microsoft.Hosting.Lifetime|Now listening on: https://localhost:7115 |url: |action: |Microsoft.AspNetCore.Hosting.GenericWebHostService.StartAsync
2023-04-21 19:53:03.9363|14|INFO|Microsoft.Hosting.Lifetime|Now listening on: http://localhost:5134 |url: |action: |Microsoft.AspNetCore.Hosting.GenericWebHostService.StartAsync
2023-04-21 19:53:03.9363|0|INFO|Microsoft.Hosting.Lifetime|Application started. Press Ctrl+C to shut down. |url: |action: |Microsoft.Extensions.Hosting.Internal.ConsoleLifetime.OnApplicationStarted
2023-04-21 19:53:03.9363|0|INFO|Microsoft.Hosting.Lifetime|Hosting environment: Development |url: |action: |Microsoft.Extensions.Hosting.Internal.ConsoleLifetime.OnApplicationStarted
2023-04-21 19:53:03.9363|0|INFO|Microsoft.Hosting.Lifetime|Content root path: C:\Users\NHTV\Desktop\PhatTrienUngDungWebNangCao\Lab\Lab01\TipsAndTricks\TatBlog.WebApi |url: |action: |Microsoft.Extensions.Hosting.Internal.ApplicationLifetime.NotifyStarted
2023-04-21 19:53:06.9535|1|ERROR|Microsoft.AspNetCore.Diagnostics.DeveloperExceptionPageMiddleware|An unhandled exception has occurred while executing the request. System.ArgumentException: An item with the same key has already been added. Key: PageSize
   at System.Collections.Generic.Dictionary`2.TryInsert(TKey key, TValue value, InsertionBehavior behavior)
   at System.Collections.Generic.Dictionary`2.Add(TKey key, TValue value)
   at Microsoft.AspNetCore.Http.RequestDelegateFactory.CreateArgument(ParameterInfo parameter, RequestDelegateFactoryContext factoryContext)
   at Microsoft.AspNetCore.Http.RequestDelegateFactory.BindParameterFromProperties(ParameterInfo parameter, RequestDelegateFactoryContext factoryContext)
   at Microsoft.AspNetCore.Http.RequestDelegateFactory.CreateArgument(ParameterInfo parameter, RequestDelegateFactoryContext factoryContext)
   at Microsoft.AspNetCore.Http.RequestDelegateFactory.CreateArguments(ParameterInfo[] parameters, RequestDelegateFactoryContext factoryContext)
   at Microsoft.AspNetCore.Http.RequestDelegateFactory.CreateArgumentsAndInferMetadata(MethodInfo methodInfo, RequestDelegateFactoryContext factoryContext)
   at Microsoft.AspNetCore.Http.RequestDelegateFactory.InferMetadata(MethodInfo methodInfo, RequestDelegateFactoryOptions options)
   at Microsoft.AspNetCore.Routing.RouteEndpointDataSource.CreateRouteEndpointBuilder(RouteEntry entry, RoutePattern groupPrefix, IReadOnlyList`1 groupConventions, IReadOnlyList`1 groupFinallyConventions)
   at Microsoft.AspNetCore.Routing.RouteEndpointDataSource.GetGroupedEndpoints(RouteGroupContext context)
   at Microsoft.AspNetCore.Routing.RouteGroupBuilder.GroupEndpointDataSource.GetGroupedEndpointsWithNullablePrefix(RoutePattern prefix, IReadOnlyList`1 conventions, IReadOnlyList`1 finallyConventions, IServiceProvider applicationServices)
   at Microsoft.AspNetCore.Routing.RouteGroupBuilder.GroupEndpointDataSource.get_Endpoints()
   at Microsoft.AspNetCore.Routing.CompositeEndpointDataSource.CreateEndpointsUnsynchronized()
   at Microsoft.AspNetCore.Routing.CompositeEndpointDataSource.EnsureEndpointsInitialized()
   at Microsoft.AspNetCore.Routing.DataSourceDependentCache`1.Initialize()
   at System.Threading.LazyInitializer.EnsureInitializedCore[T](T& target, Boolean& initialized, Object& syncLock, Func`1 valueFactory)
   at Microsoft.AspNetCore.Routing.Matching.DataSourceDependentMatcher..ctor(EndpointDataSource dataSource, Lifetime lifetime, Func`1 matcherBuilderFactory)
   at Microsoft.AspNetCore.Routing.Matching.DfaMatcherFactory.CreateMatcher(EndpointDataSource dataSource)
   at Microsoft.AspNetCore.Routing.EndpointRoutingMiddleware.InitializeCoreAsync()
--- End of stack trace from previous location ---
   at Microsoft.AspNetCore.Routing.EndpointRoutingMiddleware.<Invoke>g__AwaitMatcher|8_0(EndpointRoutingMiddleware middleware, HttpContext httpContext, Task`1 matcherTask)
   at Microsoft.AspNetCore.Diagnostics.DeveloperExceptionPageMiddlewareImpl.Invoke(HttpContext context)|url: https://localhost/swagger|action: |Microsoft.AspNetCore.Diagnostics.DeveloperExceptionPageMiddlewareImpl.Invoke
2023-04-21 19:53:07.5971|1|ERROR|Microsoft.AspNetCore.Diagnostics.DeveloperExceptionPageMiddleware|An unhandled exception has occurred while executing the request. System.ArgumentException: An item with the same key has already been added. Key: PageSize
   at System.Collections.Generic.Dictionary`2.TryInsert(TKey key, TValue value, InsertionBehavior behavior)
   at System.Collections.Generic.Dictionary`2.Add(TKey key, TValue value)
   at Microsoft.AspNetCore.Http.RequestDelegateFactory.CreateArgument(ParameterInfo parameter, RequestDelegateFactoryContext factoryContext)
   at Microsoft.AspNetCore.Http.RequestDelegateFactory.BindParameterFromProperties(ParameterInfo parameter, RequestDelegateFactoryContext factoryContext)
   at Microsoft.AspNetCore.Http.RequestDelegateFactory.CreateArgument(ParameterInfo parameter, RequestDelegateFactoryContext factoryContext)
   at Microsoft.AspNetCore.Http.RequestDelegateFactory.CreateArguments(ParameterInfo[] parameters, RequestDelegateFactoryContext factoryContext)
   at Microsoft.AspNetCore.Http.RequestDelegateFactory.CreateArgumentsAndInferMetadata(MethodInfo methodInfo, RequestDelegateFactoryContext factoryContext)
   at Microsoft.AspNetCore.Http.RequestDelegateFactory.InferMetadata(MethodInfo methodInfo, RequestDelegateFactoryOptions options)
   at Microsoft.AspNetCore.Routing.RouteEndpointDataSource.CreateRouteEndpointBuilder(RouteEntry entry, RoutePattern groupPrefix, IReadOnlyList`1 groupConventions, IReadOnlyList`1 groupFinallyConventions)
   at Microsoft.AspNetCore.Routing.RouteEndpointDataSource.GetGroupedEndpoints(RouteGroupContext context)
   at Microsoft.AspNetCore.Routing.RouteGroupBuilder.GroupEndpointDataSource.GetGroupedEndpointsWithNullablePrefix(RoutePattern prefix, IReadOnlyList`1 conventions, IReadOnlyList`1 finallyConventions, IServiceProvider applicationServices)
   at Microsoft.AspNetCore.Routing.RouteGroupBuilder.GroupEndpointDataSource.get_Endpoints()
   at Microsoft.AspNetCore.Routing.CompositeEndpointDataSource.CreateEndpointsUnsynchronized()
   at Microsoft.AspNetCore.Routing.CompositeEndpointDataSource.EnsureEndpointsInitialized()
   at Microsoft.AspNetCore.Routing.DataSourceDependentCache`1.Initialize()
   at System.Threading.LazyInitializer.EnsureInitializedCore[T](T& target, Boolean& initialized, Object& syncLock, Func`1 valueFactory)
   at Microsoft.AspNetCore.Routing.Matching.DataSourceDependentMatcher..ctor(EndpointDataSource dataSource, Lifetime lifetime, Func`1 matcherBuilderFactory)
   at Microsoft.AspNetCore.Routing.Matching.DfaMatcherFactory.CreateMatcher(EndpointDataSource dataSource)
   at Microsoft.AspNetCore.Routing.EndpointRoutingMiddleware.InitializeCoreAsync()
--- End of stack trace from previous location ---
   at Microsoft.AspNetCore.Routing.EndpointRoutingMiddleware.<Invoke>g__AwaitMatcher|8_0(EndpointRoutingMiddleware middleware, HttpContext httpContext, Task`1 matcherTask)
   at Microsoft.AspNetCore.Diagnostics.DeveloperExceptionPageMiddlewareImpl.Invoke(HttpContext context)|url: https://localhost/favicon.ico|action: |Microsoft.AspNetCore.Diagnostics.DeveloperExceptionPageMiddlewareImpl.Invoke
2023-04-21 19:53:55.4124|0|INFO|Microsoft.Hosting.Lifetime|Application is shutting down... |url: |action: |Microsoft.Extensions.Hosting.Internal.ApplicationLifetime.StopApplication
2023-04-21 19:56:42.4300|0|DEBUG|Program|init main |url: |action: |Program.<Main>$
2023-04-21 19:56:43.8131|14|INFO|Microsoft.Hosting.Lifetime|Now listening on: https://localhost:7115 |url: |action: |Microsoft.AspNetCore.Hosting.GenericWebHostService.StartAsync
2023-04-21 19:56:43.8230|14|INFO|Microsoft.Hosting.Lifetime|Now listening on: http://localhost:5134 |url: |action: |Microsoft.AspNetCore.Hosting.GenericWebHostService.StartAsync
2023-04-21 19:56:43.8230|0|INFO|Microsoft.Hosting.Lifetime|Application started. Press Ctrl+C to shut down. |url: |action: |Microsoft.Extensions.Hosting.Internal.ConsoleLifetime.OnApplicationStarted
2023-04-21 19:56:43.8230|0|INFO|Microsoft.Hosting.Lifetime|Hosting environment: Development |url: |action: |Microsoft.Extensions.Hosting.Internal.ConsoleLifetime.OnApplicationStarted
2023-04-21 19:56:43.8230|0|INFO|Microsoft.Hosting.Lifetime|Content root path: C:\Users\NHTV\Desktop\PhatTrienUngDungWebNangCao\Lab\Lab01\TipsAndTricks\TatBlog.WebApi |url: |action: |Microsoft.Extensions.Hosting.Internal.ApplicationLifetime.NotifyStarted
2023-04-21 20:03:00.5701|0|DEBUG|Program|init main |url: |action: |Program.<Main>$
2023-04-21 20:03:02.2567|14|INFO|Microsoft.Hosting.Lifetime|Now listening on: https://localhost:7115 |url: |action: |Microsoft.AspNetCore.Hosting.GenericWebHostService.StartAsync
2023-04-21 20:03:02.2567|14|INFO|Microsoft.Hosting.Lifetime|Now listening on: http://localhost:5134 |url: |action: |Microsoft.AspNetCore.Hosting.GenericWebHostService.StartAsync
2023-04-21 20:03:02.2567|0|INFO|Microsoft.Hosting.Lifetime|Application started. Press Ctrl+C to shut down. |url: |action: |Microsoft.Extensions.Hosting.Internal.ConsoleLifetime.OnApplicationStarted
2023-04-21 20:03:02.2567|0|INFO|Microsoft.Hosting.Lifetime|Hosting environment: Development |url: |action: |Microsoft.Extensions.Hosting.Internal.ConsoleLifetime.OnApplicationStarted
2023-04-21 20:03:02.2567|0|INFO|Microsoft.Hosting.Lifetime|Content root path: C:\Users\NHTV\Desktop\PhatTrienUngDungWebNangCao\Lab\Lab01\TipsAndTricks\TatBlog.WebApi |url: |action: |Microsoft.Extensions.Hosting.Internal.ApplicationLifetime.NotifyStarted
2023-04-21 20:14:24.8009|0|DEBUG|Program|init main |url: |action: |Program.<Main>$
2023-04-21 20:14:26.8786|14|INFO|Microsoft.Hosting.Lifetime|Now listening on: https://localhost:7115 |url: |action: |Microsoft.AspNetCore.Hosting.GenericWebHostService.StartAsync
2023-04-21 20:14:26.8899|14|INFO|Microsoft.Hosting.Lifetime|Now listening on: http://localhost:5134 |url: |action: |Microsoft.AspNetCore.Hosting.GenericWebHostService.StartAsync
2023-04-21 20:14:26.8899|0|INFO|Microsoft.Hosting.Lifetime|Application started. Press Ctrl+C to shut down. |url: |action: |Microsoft.Extensions.Hosting.Internal.ConsoleLifetime.OnApplicationStarted
2023-04-21 20:14:26.8899|0|INFO|Microsoft.Hosting.Lifetime|Hosting environment: Development |url: |action: |Microsoft.Extensions.Hosting.Internal.ConsoleLifetime.OnApplicationStarted
2023-04-21 20:14:26.8899|0|INFO|Microsoft.Hosting.Lifetime|Content root path: C:\Users\NHTV\Desktop\PhatTrienUngDungWebNangCao\Lab\Lab01\TipsAndTricks\TatBlog.WebApi |url: |action: |Microsoft.Extensions.Hosting.Internal.ApplicationLifetime.NotifyStarted
2023-04-21 20:14:28.1502|1|ERROR|Microsoft.AspNetCore.Diagnostics.DeveloperExceptionPageMiddleware|An unhandled exception has occurred while executing the request. System.ArgumentException: An item with the same key has already been added. Key: PageSize
   at System.Collections.Generic.Dictionary`2.TryInsert(TKey key, TValue value, InsertionBehavior behavior)
   at System.Collections.Generic.Dictionary`2.Add(TKey key, TValue value)
   at Microsoft.AspNetCore.Http.RequestDelegateFactory.CreateArgument(ParameterInfo parameter, RequestDelegateFactoryContext factoryContext)
   at Microsoft.AspNetCore.Http.RequestDelegateFactory.BindParameterFromProperties(ParameterInfo parameter, RequestDelegateFactoryContext factoryContext)
   at Microsoft.AspNetCore.Http.RequestDelegateFactory.CreateArgument(ParameterInfo parameter, RequestDelegateFactoryContext factoryContext)
   at Microsoft.AspNetCore.Http.RequestDelegateFactory.CreateArguments(ParameterInfo[] parameters, RequestDelegateFactoryContext factoryContext)
   at Microsoft.AspNetCore.Http.RequestDelegateFactory.CreateArgumentsAndInferMetadata(MethodInfo methodInfo, RequestDelegateFactoryContext factoryContext)
   at Microsoft.AspNetCore.Http.RequestDelegateFactory.InferMetadata(MethodInfo methodInfo, RequestDelegateFactoryOptions options)
   at Microsoft.AspNetCore.Routing.RouteEndpointDataSource.CreateRouteEndpointBuilder(RouteEntry entry, RoutePattern groupPrefix, IReadOnlyList`1 groupConventions, IReadOnlyList`1 groupFinallyConventions)
   at Microsoft.AspNetCore.Routing.RouteEndpointDataSource.GetGroupedEndpoints(RouteGroupContext context)
   at Microsoft.AspNetCore.Routing.RouteGroupBuilder.GroupEndpointDataSource.GetGroupedEndpointsWithNullablePrefix(RoutePattern prefix, IReadOnlyList`1 conventions, IReadOnlyList`1 finallyConventions, IServiceProvider applicationServices)
   at Microsoft.AspNetCore.Routing.RouteGroupBuilder.GroupEndpointDataSource.get_Endpoints()
   at Microsoft.AspNetCore.Routing.CompositeEndpointDataSource.CreateEndpointsUnsynchronized()
   at Microsoft.AspNetCore.Routing.CompositeEndpointDataSource.EnsureEndpointsInitialized()
   at Microsoft.AspNetCore.Routing.DataSourceDependentCache`1.Initialize()
   at System.Threading.LazyInitializer.EnsureInitializedCore[T](T& target, Boolean& initialized, Object& syncLock, Func`1 valueFactory)
   at Microsoft.AspNetCore.Routing.Matching.DataSourceDependentMatcher..ctor(EndpointDataSource dataSource, Lifetime lifetime, Func`1 matcherBuilderFactory)
   at Microsoft.AspNetCore.Routing.Matching.DfaMatcherFactory.CreateMatcher(EndpointDataSource dataSource)
   at Microsoft.AspNetCore.Routing.EndpointRoutingMiddleware.InitializeCoreAsync()
--- End of stack trace from previous location ---
   at Microsoft.AspNetCore.Routing.EndpointRoutingMiddleware.<Invoke>g__AwaitMatcher|8_0(EndpointRoutingMiddleware middleware, HttpContext httpContext, Task`1 matcherTask)
   at Microsoft.AspNetCore.Diagnostics.DeveloperExceptionPageMiddlewareImpl.Invoke(HttpContext context)|url: https://localhost/swagger/index.html|action: |Microsoft.AspNetCore.Diagnostics.DeveloperExceptionPageMiddlewareImpl.Invoke
2023-04-21 20:14:28.5398|1|ERROR|Microsoft.AspNetCore.Diagnostics.DeveloperExceptionPageMiddleware|An unhandled exception has occurred while executing the request. System.ArgumentException: An item with the same key has already been added. Key: PageSize
   at System.Collections.Generic.Dictionary`2.TryInsert(TKey key, TValue value, InsertionBehavior behavior)
   at System.Collections.Generic.Dictionary`2.Add(TKey key, TValue value)
   at Microsoft.AspNetCore.Http.RequestDelegateFactory.CreateArgument(ParameterInfo parameter, RequestDelegateFactoryContext factoryContext)
   at Microsoft.AspNetCore.Http.RequestDelegateFactory.BindParameterFromProperties(ParameterInfo parameter, RequestDelegateFactoryContext factoryContext)
   at Microsoft.AspNetCore.Http.RequestDelegateFactory.CreateArgument(ParameterInfo parameter, RequestDelegateFactoryContext factoryContext)
   at Microsoft.AspNetCore.Http.RequestDelegateFactory.CreateArguments(ParameterInfo[] parameters, RequestDelegateFactoryContext factoryContext)
   at Microsoft.AspNetCore.Http.RequestDelegateFactory.CreateArgumentsAndInferMetadata(MethodInfo methodInfo, RequestDelegateFactoryContext factoryContext)
   at Microsoft.AspNetCore.Http.RequestDelegateFactory.InferMetadata(MethodInfo methodInfo, RequestDelegateFactoryOptions options)
   at Microsoft.AspNetCore.Routing.RouteEndpointDataSource.CreateRouteEndpointBuilder(RouteEntry entry, RoutePattern groupPrefix, IReadOnlyList`1 groupConventions, IReadOnlyList`1 groupFinallyConventions)
   at Microsoft.AspNetCore.Routing.RouteEndpointDataSource.GetGroupedEndpoints(RouteGroupContext context)
   at Microsoft.AspNetCore.Routing.RouteGroupBuilder.GroupEndpointDataSource.GetGroupedEndpointsWithNullablePrefix(RoutePattern prefix, IReadOnlyList`1 conventions, IReadOnlyList`1 finallyConventions, IServiceProvider applicationServices)
   at Microsoft.AspNetCore.Routing.RouteGroupBuilder.GroupEndpointDataSource.get_Endpoints()
   at Microsoft.AspNetCore.Routing.CompositeEndpointDataSource.CreateEndpointsUnsynchronized()
   at Microsoft.AspNetCore.Routing.CompositeEndpointDataSource.EnsureEndpointsInitialized()
   at Microsoft.AspNetCore.Routing.DataSourceDependentCache`1.Initialize()
   at System.Threading.LazyInitializer.EnsureInitializedCore[T](T& target, Boolean& initialized, Object& syncLock, Func`1 valueFactory)
   at Microsoft.AspNetCore.Routing.Matching.DataSourceDependentMatcher..ctor(EndpointDataSource dataSource, Lifetime lifetime, Func`1 matcherBuilderFactory)
   at Microsoft.AspNetCore.Routing.Matching.DfaMatcherFactory.CreateMatcher(EndpointDataSource dataSource)
   at Microsoft.AspNetCore.Routing.EndpointRoutingMiddleware.InitializeCoreAsync()
--- End of stack trace from previous location ---
   at Microsoft.AspNetCore.Routing.EndpointRoutingMiddleware.<Invoke>g__AwaitMatcher|8_0(EndpointRoutingMiddleware middleware, HttpContext httpContext, Task`1 matcherTask)
   at Microsoft.AspNetCore.Diagnostics.DeveloperExceptionPageMiddlewareImpl.Invoke(HttpContext context)|url: https://localhost/favicon.ico|action: |Microsoft.AspNetCore.Diagnostics.DeveloperExceptionPageMiddlewareImpl.Invoke
2023-04-21 20:17:10.2481|0|DEBUG|Program|init main |url: |action: |Program.<Main>$
2023-04-21 20:17:11.6997|14|INFO|Microsoft.Hosting.Lifetime|Now listening on: https://localhost:7115 |url: |action: |Microsoft.AspNetCore.Hosting.GenericWebHostService.StartAsync
2023-04-21 20:17:11.6997|14|INFO|Microsoft.Hosting.Lifetime|Now listening on: http://localhost:5134 |url: |action: |Microsoft.AspNetCore.Hosting.GenericWebHostService.StartAsync
2023-04-21 20:17:11.7085|0|INFO|Microsoft.Hosting.Lifetime|Application started. Press Ctrl+C to shut down. |url: |action: |Microsoft.Extensions.Hosting.Internal.ConsoleLifetime.OnApplicationStarted
2023-04-21 20:17:11.7085|0|INFO|Microsoft.Hosting.Lifetime|Hosting environment: Development |url: |action: |Microsoft.Extensions.Hosting.Internal.ConsoleLifetime.OnApplicationStarted
2023-04-21 20:17:11.7085|0|INFO|Microsoft.Hosting.Lifetime|Content root path: C:\Users\NHTV\Desktop\PhatTrienUngDungWebNangCao\Lab\Lab01\TipsAndTricks\TatBlog.WebApi |url: |action: |Microsoft.Extensions.Hosting.Internal.ApplicationLifetime.NotifyStarted
2023-04-21 20:17:12.4823|1|ERROR|Microsoft.AspNetCore.Diagnostics.DeveloperExceptionPageMiddleware|An unhandled exception has occurred while executing the request. System.ArgumentException: An item with the same key has already been added. Key: PageSize
   at System.Collections.Generic.Dictionary`2.TryInsert(TKey key, TValue value, InsertionBehavior behavior)
   at System.Collections.Generic.Dictionary`2.Add(TKey key, TValue value)
   at Microsoft.AspNetCore.Http.RequestDelegateFactory.CreateArgument(ParameterInfo parameter, RequestDelegateFactoryContext factoryContext)
   at Microsoft.AspNetCore.Http.RequestDelegateFactory.BindParameterFromProperties(ParameterInfo parameter, RequestDelegateFactoryContext factoryContext)
   at Microsoft.AspNetCore.Http.RequestDelegateFactory.CreateArgument(ParameterInfo parameter, RequestDelegateFactoryContext factoryContext)
   at Microsoft.AspNetCore.Http.RequestDelegateFactory.CreateArguments(ParameterInfo[] parameters, RequestDelegateFactoryContext factoryContext)
   at Microsoft.AspNetCore.Http.RequestDelegateFactory.CreateArgumentsAndInferMetadata(MethodInfo methodInfo, RequestDelegateFactoryContext factoryContext)
   at Microsoft.AspNetCore.Http.RequestDelegateFactory.InferMetadata(MethodInfo methodInfo, RequestDelegateFactoryOptions options)
   at Microsoft.AspNetCore.Routing.RouteEndpointDataSource.CreateRouteEndpointBuilder(RouteEntry entry, RoutePattern groupPrefix, IReadOnlyList`1 groupConventions, IReadOnlyList`1 groupFinallyConventions)
   at Microsoft.AspNetCore.Routing.RouteEndpointDataSource.GetGroupedEndpoints(RouteGroupContext context)
   at Microsoft.AspNetCore.Routing.RouteGroupBuilder.GroupEndpointDataSource.GetGroupedEndpointsWithNullablePrefix(RoutePattern prefix, IReadOnlyList`1 conventions, IReadOnlyList`1 finallyConventions, IServiceProvider applicationServices)
   at Microsoft.AspNetCore.Routing.RouteGroupBuilder.GroupEndpointDataSource.get_Endpoints()
   at Microsoft.AspNetCore.Routing.CompositeEndpointDataSource.CreateEndpointsUnsynchronized()
   at Microsoft.AspNetCore.Routing.CompositeEndpointDataSource.EnsureEndpointsInitialized()
   at Microsoft.AspNetCore.Routing.DataSourceDependentCache`1.Initialize()
   at System.Threading.LazyInitializer.EnsureInitializedCore[T](T& target, Boolean& initialized, Object& syncLock, Func`1 valueFactory)
   at Microsoft.AspNetCore.Routing.Matching.DataSourceDependentMatcher..ctor(EndpointDataSource dataSource, Lifetime lifetime, Func`1 matcherBuilderFactory)
   at Microsoft.AspNetCore.Routing.Matching.DfaMatcherFactory.CreateMatcher(EndpointDataSource dataSource)
   at Microsoft.AspNetCore.Routing.EndpointRoutingMiddleware.InitializeCoreAsync()
--- End of stack trace from previous location ---
   at Microsoft.AspNetCore.Routing.EndpointRoutingMiddleware.<Invoke>g__AwaitMatcher|8_0(EndpointRoutingMiddleware middleware, HttpContext httpContext, Task`1 matcherTask)
   at Microsoft.AspNetCore.Diagnostics.DeveloperExceptionPageMiddlewareImpl.Invoke(HttpContext context)|url: https://localhost/swagger/index.html|action: |Microsoft.AspNetCore.Diagnostics.DeveloperExceptionPageMiddlewareImpl.Invoke
2023-04-21 20:17:12.8632|1|ERROR|Microsoft.AspNetCore.Diagnostics.DeveloperExceptionPageMiddleware|An unhandled exception has occurred while executing the request. System.ArgumentException: An item with the same key has already been added. Key: PageSize
   at System.Collections.Generic.Dictionary`2.TryInsert(TKey key, TValue value, InsertionBehavior behavior)
   at System.Collections.Generic.Dictionary`2.Add(TKey key, TValue value)
   at Microsoft.AspNetCore.Http.RequestDelegateFactory.CreateArgument(ParameterInfo parameter, RequestDelegateFactoryContext factoryContext)
   at Microsoft.AspNetCore.Http.RequestDelegateFactory.BindParameterFromProperties(ParameterInfo parameter, RequestDelegateFactoryContext factoryContext)
   at Microsoft.AspNetCore.Http.RequestDelegateFactory.CreateArgument(ParameterInfo parameter, RequestDelegateFactoryContext factoryContext)
   at Microsoft.AspNetCore.Http.RequestDelegateFactory.CreateArguments(ParameterInfo[] parameters, RequestDelegateFactoryContext factoryContext)
   at Microsoft.AspNetCore.Http.RequestDelegateFactory.CreateArgumentsAndInferMetadata(MethodInfo methodInfo, RequestDelegateFactoryContext factoryContext)
   at Microsoft.AspNetCore.Http.RequestDelegateFactory.InferMetadata(MethodInfo methodInfo, RequestDelegateFactoryOptions options)
   at Microsoft.AspNetCore.Routing.RouteEndpointDataSource.CreateRouteEndpointBuilder(RouteEntry entry, RoutePattern groupPrefix, IReadOnlyList`1 groupConventions, IReadOnlyList`1 groupFinallyConventions)
   at Microsoft.AspNetCore.Routing.RouteEndpointDataSource.GetGroupedEndpoints(RouteGroupContext context)
   at Microsoft.AspNetCore.Routing.RouteGroupBuilder.GroupEndpointDataSource.GetGroupedEndpointsWithNullablePrefix(RoutePattern prefix, IReadOnlyList`1 conventions, IReadOnlyList`1 finallyConventions, IServiceProvider applicationServices)
   at Microsoft.AspNetCore.Routing.RouteGroupBuilder.GroupEndpointDataSource.get_Endpoints()
   at Microsoft.AspNetCore.Routing.CompositeEndpointDataSource.CreateEndpointsUnsynchronized()
   at Microsoft.AspNetCore.Routing.CompositeEndpointDataSource.EnsureEndpointsInitialized()
   at Microsoft.AspNetCore.Routing.DataSourceDependentCache`1.Initialize()
   at System.Threading.LazyInitializer.EnsureInitializedCore[T](T& target, Boolean& initialized, Object& syncLock, Func`1 valueFactory)
   at Microsoft.AspNetCore.Routing.Matching.DataSourceDependentMatcher..ctor(EndpointDataSource dataSource, Lifetime lifetime, Func`1 matcherBuilderFactory)
   at Microsoft.AspNetCore.Routing.Matching.DfaMatcherFactory.CreateMatcher(EndpointDataSource dataSource)
   at Microsoft.AspNetCore.Routing.EndpointRoutingMiddleware.InitializeCoreAsync()
--- End of stack trace from previous location ---
   at Microsoft.AspNetCore.Routing.EndpointRoutingMiddleware.<Invoke>g__AwaitMatcher|8_0(EndpointRoutingMiddleware middleware, HttpContext httpContext, Task`1 matcherTask)
   at Microsoft.AspNetCore.Diagnostics.DeveloperExceptionPageMiddlewareImpl.Invoke(HttpContext context)|url: https://localhost/favicon.ico|action: |Microsoft.AspNetCore.Diagnostics.DeveloperExceptionPageMiddlewareImpl.Invoke
2023-04-21 20:19:35.4439|0|DEBUG|Program|init main |url: |action: |Program.<Main>$
2023-04-21 20:19:36.9161|14|INFO|Microsoft.Hosting.Lifetime|Now listening on: https://localhost:7115 |url: |action: |Microsoft.AspNetCore.Hosting.GenericWebHostService.StartAsync
2023-04-21 20:19:36.9161|14|INFO|Microsoft.Hosting.Lifetime|Now listening on: http://localhost:5134 |url: |action: |Microsoft.AspNetCore.Hosting.GenericWebHostService.StartAsync
2023-04-21 20:19:36.9161|0|INFO|Microsoft.Hosting.Lifetime|Application started. Press Ctrl+C to shut down. |url: |action: |Microsoft.Extensions.Hosting.Internal.ConsoleLifetime.OnApplicationStarted
2023-04-21 20:19:36.9161|0|INFO|Microsoft.Hosting.Lifetime|Hosting environment: Development |url: |action: |Microsoft.Extensions.Hosting.Internal.ConsoleLifetime.OnApplicationStarted
2023-04-21 20:19:36.9161|0|INFO|Microsoft.Hosting.Lifetime|Content root path: C:\Users\NHTV\Desktop\PhatTrienUngDungWebNangCao\Lab\Lab01\TipsAndTricks\TatBlog.WebApi |url: |action: |Microsoft.Extensions.Hosting.Internal.ApplicationLifetime.NotifyStarted
2023-04-21 20:20:18.8215|0|DEBUG|Program|init main |url: |action: |Program.<Main>$
2023-04-21 20:20:20.6599|14|INFO|Microsoft.Hosting.Lifetime|Now listening on: https://localhost:7115 |url: |action: |Microsoft.AspNetCore.Hosting.GenericWebHostService.StartAsync
2023-04-21 20:20:20.6599|14|INFO|Microsoft.Hosting.Lifetime|Now listening on: http://localhost:5134 |url: |action: |Microsoft.AspNetCore.Hosting.GenericWebHostService.StartAsync
2023-04-21 20:20:20.6599|0|INFO|Microsoft.Hosting.Lifetime|Application started. Press Ctrl+C to shut down. |url: |action: |Microsoft.Extensions.Hosting.Internal.ConsoleLifetime.OnApplicationStarted
2023-04-21 20:20:20.6599|0|INFO|Microsoft.Hosting.Lifetime|Hosting environment: Development |url: |action: |Microsoft.Extensions.Hosting.Internal.ConsoleLifetime.OnApplicationStarted
2023-04-21 20:20:20.6599|0|INFO|Microsoft.Hosting.Lifetime|Content root path: C:\Users\NHTV\Desktop\PhatTrienUngDungWebNangCao\Lab\Lab01\TipsAndTricks\TatBlog.WebApi |url: |action: |Microsoft.Extensions.Hosting.Internal.ApplicationLifetime.NotifyStarted
2023-04-21 20:20:34.8415|1|ERROR|Microsoft.AspNetCore.Diagnostics.DeveloperExceptionPageMiddleware|An unhandled exception has occurred while executing the request. System.InvalidOperationException: Nullable object must have a value.
   at System.Nullable`1.get_Value()
   at TatBlog.WebApi.Endpoints.PostEndpoints.GetPosts(PostFilterModel model, IPostRepository postRepository) in C:\Users\NHTV\Desktop\PhatTrienUngDungWebNangCao\Lab\Lab01\TipsAndTricks\TatBlog.WebApi\Endpoints\PostEndpoints.cs:line 97
   at Microsoft.AspNetCore.Http.RequestDelegateFactory.ExecuteTaskResult[T](Task`1 task, HttpContext httpContext)
   at Microsoft.AspNetCore.Routing.EndpointMiddleware.<Invoke>g__AwaitRequestTask|6_0(Endpoint endpoint, Task requestTask, ILogger logger)
   at Swashbuckle.AspNetCore.SwaggerUI.SwaggerUIMiddleware.Invoke(HttpContext httpContext)
   at Swashbuckle.AspNetCore.Swagger.SwaggerMiddleware.Invoke(HttpContext httpContext, ISwaggerProvider swaggerProvider)
   at Microsoft.AspNetCore.Diagnostics.DeveloperExceptionPageMiddlewareImpl.Invoke(HttpContext context)|url: https://localhost/api/posts|action: |Microsoft.AspNetCore.Diagnostics.DeveloperExceptionPageMiddlewareImpl.Invoke
2023-04-21 20:23:52.9138|0|DEBUG|Program|init main |url: |action: |Program.<Main>$
2023-04-21 20:23:55.0270|14|INFO|Microsoft.Hosting.Lifetime|Now listening on: https://localhost:7115 |url: |action: |Microsoft.AspNetCore.Hosting.GenericWebHostService.StartAsync
2023-04-21 20:23:55.0378|14|INFO|Microsoft.Hosting.Lifetime|Now listening on: http://localhost:5134 |url: |action: |Microsoft.AspNetCore.Hosting.GenericWebHostService.StartAsync
2023-04-21 20:23:55.0378|0|INFO|Microsoft.Hosting.Lifetime|Application started. Press Ctrl+C to shut down. |url: |action: |Microsoft.Extensions.Hosting.Internal.ConsoleLifetime.OnApplicationStarted
2023-04-21 20:23:55.0378|0|INFO|Microsoft.Hosting.Lifetime|Hosting environment: Development |url: |action: |Microsoft.Extensions.Hosting.Internal.ConsoleLifetime.OnApplicationStarted
2023-04-21 20:23:55.0378|0|INFO|Microsoft.Hosting.Lifetime|Content root path: C:\Users\NHTV\Desktop\PhatTrienUngDungWebNangCao\Lab\Lab01\TipsAndTricks\TatBlog.WebApi |url: |action: |Microsoft.Extensions.Hosting.Internal.ApplicationLifetime.NotifyStarted
2023-04-21 20:30:15.3909|0|DEBUG|Program|init main |url: |action: |Program.<Main>$
2023-04-21 20:30:16.9798|14|INFO|Microsoft.Hosting.Lifetime|Now listening on: https://localhost:7115 |url: |action: |Microsoft.AspNetCore.Hosting.GenericWebHostService.StartAsync
2023-04-21 20:30:16.9798|14|INFO|Microsoft.Hosting.Lifetime|Now listening on: http://localhost:5134 |url: |action: |Microsoft.AspNetCore.Hosting.GenericWebHostService.StartAsync
2023-04-21 20:30:16.9798|0|INFO|Microsoft.Hosting.Lifetime|Application started. Press Ctrl+C to shut down. |url: |action: |Microsoft.Extensions.Hosting.Internal.ConsoleLifetime.OnApplicationStarted
2023-04-21 20:30:16.9798|0|INFO|Microsoft.Hosting.Lifetime|Hosting environment: Development |url: |action: |Microsoft.Extensions.Hosting.Internal.ConsoleLifetime.OnApplicationStarted
2023-04-21 20:30:16.9798|0|INFO|Microsoft.Hosting.Lifetime|Content root path: C:\Users\NHTV\Desktop\PhatTrienUngDungWebNangCao\Lab\Lab01\TipsAndTricks\TatBlog.WebApi |url: |action: |Microsoft.Extensions.Hosting.Internal.ApplicationLifetime.NotifyStarted
2023-04-21 20:30:18.2210|1|ERROR|Microsoft.AspNetCore.Diagnostics.DeveloperExceptionPageMiddleware|An unhandled exception has occurred while executing the request. System.ArgumentException: An item with the same key has already been added. Key: PageSize
   at System.Collections.Generic.Dictionary`2.TryInsert(TKey key, TValue value, InsertionBehavior behavior)
   at System.Collections.Generic.Dictionary`2.Add(TKey key, TValue value)
   at Microsoft.AspNetCore.Http.RequestDelegateFactory.CreateArgument(ParameterInfo parameter, RequestDelegateFactoryContext factoryContext)
   at Microsoft.AspNetCore.Http.RequestDelegateFactory.BindParameterFromProperties(ParameterInfo parameter, RequestDelegateFactoryContext factoryContext)
   at Microsoft.AspNetCore.Http.RequestDelegateFactory.CreateArgument(ParameterInfo parameter, RequestDelegateFactoryContext factoryContext)
   at Microsoft.AspNetCore.Http.RequestDelegateFactory.CreateArguments(ParameterInfo[] parameters, RequestDelegateFactoryContext factoryContext)
   at Microsoft.AspNetCore.Http.RequestDelegateFactory.CreateArgumentsAndInferMetadata(MethodInfo methodInfo, RequestDelegateFactoryContext factoryContext)
   at Microsoft.AspNetCore.Http.RequestDelegateFactory.InferMetadata(MethodInfo methodInfo, RequestDelegateFactoryOptions options)
   at Microsoft.AspNetCore.Routing.RouteEndpointDataSource.CreateRouteEndpointBuilder(RouteEntry entry, RoutePattern groupPrefix, IReadOnlyList`1 groupConventions, IReadOnlyList`1 groupFinallyConventions)
   at Microsoft.AspNetCore.Routing.RouteEndpointDataSource.GetGroupedEndpoints(RouteGroupContext context)
   at Microsoft.AspNetCore.Routing.RouteGroupBuilder.GroupEndpointDataSource.GetGroupedEndpointsWithNullablePrefix(RoutePattern prefix, IReadOnlyList`1 conventions, IReadOnlyList`1 finallyConventions, IServiceProvider applicationServices)
   at Microsoft.AspNetCore.Routing.RouteGroupBuilder.GroupEndpointDataSource.get_Endpoints()
   at Microsoft.AspNetCore.Routing.CompositeEndpointDataSource.CreateEndpointsUnsynchronized()
   at Microsoft.AspNetCore.Routing.CompositeEndpointDataSource.EnsureEndpointsInitialized()
   at Microsoft.AspNetCore.Routing.DataSourceDependentCache`1.Initialize()
   at System.Threading.LazyInitializer.EnsureInitializedCore[T](T& target, Boolean& initialized, Object& syncLock, Func`1 valueFactory)
   at Microsoft.AspNetCore.Routing.Matching.DataSourceDependentMatcher..ctor(EndpointDataSource dataSource, Lifetime lifetime, Func`1 matcherBuilderFactory)
   at Microsoft.AspNetCore.Routing.Matching.DfaMatcherFactory.CreateMatcher(EndpointDataSource dataSource)
   at Microsoft.AspNetCore.Routing.EndpointRoutingMiddleware.InitializeCoreAsync()
--- End of stack trace from previous location ---
   at Microsoft.AspNetCore.Routing.EndpointRoutingMiddleware.<Invoke>g__AwaitMatcher|8_0(EndpointRoutingMiddleware middleware, HttpContext httpContext, Task`1 matcherTask)
   at Microsoft.AspNetCore.Diagnostics.DeveloperExceptionPageMiddlewareImpl.Invoke(HttpContext context)|url: https://localhost/swagger/index.html|action: |Microsoft.AspNetCore.Diagnostics.DeveloperExceptionPageMiddlewareImpl.Invoke
2023-04-21 20:30:18.6055|1|ERROR|Microsoft.AspNetCore.Diagnostics.DeveloperExceptionPageMiddleware|An unhandled exception has occurred while executing the request. System.ArgumentException: An item with the same key has already been added. Key: PageSize
   at System.Collections.Generic.Dictionary`2.TryInsert(TKey key, TValue value, InsertionBehavior behavior)
   at System.Collections.Generic.Dictionary`2.Add(TKey key, TValue value)
   at Microsoft.AspNetCore.Http.RequestDelegateFactory.CreateArgument(ParameterInfo parameter, RequestDelegateFactoryContext factoryContext)
   at Microsoft.AspNetCore.Http.RequestDelegateFactory.BindParameterFromProperties(ParameterInfo parameter, RequestDelegateFactoryContext factoryContext)
   at Microsoft.AspNetCore.Http.RequestDelegateFactory.CreateArgument(ParameterInfo parameter, RequestDelegateFactoryContext factoryContext)
   at Microsoft.AspNetCore.Http.RequestDelegateFactory.CreateArguments(ParameterInfo[] parameters, RequestDelegateFactoryContext factoryContext)
   at Microsoft.AspNetCore.Http.RequestDelegateFactory.CreateArgumentsAndInferMetadata(MethodInfo methodInfo, RequestDelegateFactoryContext factoryContext)
   at Microsoft.AspNetCore.Http.RequestDelegateFactory.InferMetadata(MethodInfo methodInfo, RequestDelegateFactoryOptions options)
   at Microsoft.AspNetCore.Routing.RouteEndpointDataSource.CreateRouteEndpointBuilder(RouteEntry entry, RoutePattern groupPrefix, IReadOnlyList`1 groupConventions, IReadOnlyList`1 groupFinallyConventions)
   at Microsoft.AspNetCore.Routing.RouteEndpointDataSource.GetGroupedEndpoints(RouteGroupContext context)
   at Microsoft.AspNetCore.Routing.RouteGroupBuilder.GroupEndpointDataSource.GetGroupedEndpointsWithNullablePrefix(RoutePattern prefix, IReadOnlyList`1 conventions, IReadOnlyList`1 finallyConventions, IServiceProvider applicationServices)
   at Microsoft.AspNetCore.Routing.RouteGroupBuilder.GroupEndpointDataSource.get_Endpoints()
   at Microsoft.AspNetCore.Routing.CompositeEndpointDataSource.CreateEndpointsUnsynchronized()
   at Microsoft.AspNetCore.Routing.CompositeEndpointDataSource.EnsureEndpointsInitialized()
   at Microsoft.AspNetCore.Routing.DataSourceDependentCache`1.Initialize()
   at System.Threading.LazyInitializer.EnsureInitializedCore[T](T& target, Boolean& initialized, Object& syncLock, Func`1 valueFactory)
   at Microsoft.AspNetCore.Routing.Matching.DataSourceDependentMatcher..ctor(EndpointDataSource dataSource, Lifetime lifetime, Func`1 matcherBuilderFactory)
   at Microsoft.AspNetCore.Routing.Matching.DfaMatcherFactory.CreateMatcher(EndpointDataSource dataSource)
   at Microsoft.AspNetCore.Routing.EndpointRoutingMiddleware.InitializeCoreAsync()
--- End of stack trace from previous location ---
   at Microsoft.AspNetCore.Routing.EndpointRoutingMiddleware.<Invoke>g__AwaitMatcher|8_0(EndpointRoutingMiddleware middleware, HttpContext httpContext, Task`1 matcherTask)
   at Microsoft.AspNetCore.Diagnostics.DeveloperExceptionPageMiddlewareImpl.Invoke(HttpContext context)|url: https://localhost/favicon.ico|action: |Microsoft.AspNetCore.Diagnostics.DeveloperExceptionPageMiddlewareImpl.Invoke
2023-04-21 20:39:20.5169|0|DEBUG|Program|init main |url: |action: |Program.<Main>$
2023-04-21 20:39:22.0515|14|INFO|Microsoft.Hosting.Lifetime|Now listening on: https://localhost:7115 |url: |action: |Microsoft.AspNetCore.Hosting.GenericWebHostService.StartAsync
2023-04-21 20:39:22.0573|14|INFO|Microsoft.Hosting.Lifetime|Now listening on: http://localhost:5134 |url: |action: |Microsoft.AspNetCore.Hosting.GenericWebHostService.StartAsync
2023-04-21 20:39:22.0573|0|INFO|Microsoft.Hosting.Lifetime|Application started. Press Ctrl+C to shut down. |url: |action: |Microsoft.Extensions.Hosting.Internal.ConsoleLifetime.OnApplicationStarted
2023-04-21 20:39:22.0573|0|INFO|Microsoft.Hosting.Lifetime|Hosting environment: Development |url: |action: |Microsoft.Extensions.Hosting.Internal.ConsoleLifetime.OnApplicationStarted
2023-04-21 20:39:22.0573|0|INFO|Microsoft.Hosting.Lifetime|Content root path: C:\Users\NHTV\Desktop\PhatTrienUngDungWebNangCao\Lab\Lab01\TipsAndTricks\TatBlog.WebApi |url: |action: |Microsoft.Extensions.Hosting.Internal.ApplicationLifetime.NotifyStarted
2023-04-21 20:40:01.6971|1|ERROR|Microsoft.AspNetCore.Diagnostics.DeveloperExceptionPageMiddleware|An unhandled exception has occurred while executing the request. System.InvalidOperationException: Nullable object must have a value.
   at System.Nullable`1.get_Value()
   at TatBlog.WebApi.Endpoints.PostEndpoints.GetFilteredPosts(PostFilterModel model, IBlogRepository blogRepository) in C:\Users\NHTV\Desktop\PhatTrienUngDungWebNangCao\Lab\Lab01\TipsAndTricks\TatBlog.WebApi\Endpoints\PostEndpoints.cs:line 254
   at Microsoft.AspNetCore.Http.RequestDelegateFactory.ExecuteTaskResult[T](Task`1 task, HttpContext httpContext)
   at Microsoft.AspNetCore.Routing.EndpointMiddleware.<Invoke>g__AwaitRequestTask|6_0(Endpoint endpoint, Task requestTask, ILogger logger)
   at Swashbuckle.AspNetCore.SwaggerUI.SwaggerUIMiddleware.Invoke(HttpContext httpContext)
   at Swashbuckle.AspNetCore.Swagger.SwaggerMiddleware.Invoke(HttpContext httpContext, ISwaggerProvider swaggerProvider)
   at Microsoft.AspNetCore.Diagnostics.DeveloperExceptionPageMiddlewareImpl.Invoke(HttpContext context)|url: https://localhost/api/posts/get-posts-filter|action: |Microsoft.AspNetCore.Diagnostics.DeveloperExceptionPageMiddlewareImpl.Invoke
2023-04-21 20:40:43.4518|0|DEBUG|Program|init main |url: |action: |Program.<Main>$
2023-04-21 20:40:44.8493|14|INFO|Microsoft.Hosting.Lifetime|Now listening on: https://localhost:7115 |url: |action: |Microsoft.AspNetCore.Hosting.GenericWebHostService.StartAsync
2023-04-21 20:40:44.8493|14|INFO|Microsoft.Hosting.Lifetime|Now listening on: http://localhost:5134 |url: |action: |Microsoft.AspNetCore.Hosting.GenericWebHostService.StartAsync
2023-04-21 20:40:44.8493|0|INFO|Microsoft.Hosting.Lifetime|Application started. Press Ctrl+C to shut down. |url: |action: |Microsoft.Extensions.Hosting.Internal.ConsoleLifetime.OnApplicationStarted
2023-04-21 20:40:44.8493|0|INFO|Microsoft.Hosting.Lifetime|Hosting environment: Development |url: |action: |Microsoft.Extensions.Hosting.Internal.ConsoleLifetime.OnApplicationStarted
2023-04-21 20:40:44.8493|0|INFO|Microsoft.Hosting.Lifetime|Content root path: C:\Users\NHTV\Desktop\PhatTrienUngDungWebNangCao\Lab\Lab01\TipsAndTricks\TatBlog.WebApi |url: |action: |Microsoft.Extensions.Hosting.Internal.ApplicationLifetime.NotifyStarted
2023-04-21 20:45:26.3642|0|DEBUG|Program|init main |url: |action: |Program.<Main>$
2023-04-21 20:45:27.6986|14|INFO|Microsoft.Hosting.Lifetime|Now listening on: https://localhost:7115 |url: |action: |Microsoft.AspNetCore.Hosting.GenericWebHostService.StartAsync
2023-04-21 20:45:27.6986|14|INFO|Microsoft.Hosting.Lifetime|Now listening on: http://localhost:5134 |url: |action: |Microsoft.AspNetCore.Hosting.GenericWebHostService.StartAsync
2023-04-21 20:45:27.6986|0|INFO|Microsoft.Hosting.Lifetime|Application started. Press Ctrl+C to shut down. |url: |action: |Microsoft.Extensions.Hosting.Internal.ConsoleLifetime.OnApplicationStarted
2023-04-21 20:45:27.6986|0|INFO|Microsoft.Hosting.Lifetime|Hosting environment: Development |url: |action: |Microsoft.Extensions.Hosting.Internal.ConsoleLifetime.OnApplicationStarted
2023-04-21 20:45:27.6986|0|INFO|Microsoft.Hosting.Lifetime|Content root path: C:\Users\NHTV\Desktop\PhatTrienUngDungWebNangCao\Lab\Lab01\TipsAndTricks\TatBlog.WebApi |url: |action: |Microsoft.Extensions.Hosting.Internal.ApplicationLifetime.NotifyStarted
2023-04-21 20:50:40.9417|0|DEBUG|Program|init main |url: |action: |Program.<Main>$
2023-04-21 20:50:42.5268|14|INFO|Microsoft.Hosting.Lifetime|Now listening on: https://localhost:7115 |url: |action: |Microsoft.AspNetCore.Hosting.GenericWebHostService.StartAsync
2023-04-21 20:50:42.5268|14|INFO|Microsoft.Hosting.Lifetime|Now listening on: http://localhost:5134 |url: |action: |Microsoft.AspNetCore.Hosting.GenericWebHostService.StartAsync
2023-04-21 20:50:42.5268|0|INFO|Microsoft.Hosting.Lifetime|Application started. Press Ctrl+C to shut down. |url: |action: |Microsoft.Extensions.Hosting.Internal.ConsoleLifetime.OnApplicationStarted
2023-04-21 20:50:42.5268|0|INFO|Microsoft.Hosting.Lifetime|Hosting environment: Development |url: |action: |Microsoft.Extensions.Hosting.Internal.ConsoleLifetime.OnApplicationStarted
2023-04-21 20:50:42.5268|0|INFO|Microsoft.Hosting.Lifetime|Content root path: C:\Users\NHTV\Desktop\PhatTrienUngDungWebNangCao\Lab\Lab01\TipsAndTricks\TatBlog.WebApi |url: |action: |Microsoft.Extensions.Hosting.Internal.ApplicationLifetime.NotifyStarted
2023-04-21 21:01:37.8476|1|ERROR|Microsoft.AspNetCore.Diagnostics.DeveloperExceptionPageMiddleware|An unhandled exception has occurred while executing the request. System.FormatException: The input string '' was not in a correct format.
   at System.Number.ThrowOverflowOrFormatException(ParsingStatus status, ReadOnlySpan`1 value, TypeCode type)
   at System.Int32.Parse(String s)
   at TatBlog.WebApi.Models.PostEditModel.BindAsync(HttpContext context) in C:\Users\NHTV\Desktop\PhatTrienUngDungWebNangCao\Lab\Lab01\TipsAndTricks\TatBlog.WebApi\Models\PostEditModel.cs:line 87
   at TatBlog.WebApi.Endpoints.PostEndpoints.AddPost(HttpContext context, IBlogRepository blogRepository, IMapper mapper, IMediaManager mediaManager) in C:\Users\NHTV\Desktop\PhatTrienUngDungWebNangCao\Lab\Lab01\TipsAndTricks\TatBlog.WebApi\Endpoints\PostEndpoints.cs:line 272
   at Microsoft.AspNetCore.Http.RequestDelegateFactory.ExecuteTaskResult[T](Task`1 task, HttpContext httpContext)
   at Microsoft.AspNetCore.Routing.EndpointMiddleware.<Invoke>g__AwaitRequestTask|6_0(Endpoint endpoint, Task requestTask, ILogger logger)
   at Swashbuckle.AspNetCore.SwaggerUI.SwaggerUIMiddleware.Invoke(HttpContext httpContext)
   at Swashbuckle.AspNetCore.Swagger.SwaggerMiddleware.Invoke(HttpContext httpContext, ISwaggerProvider swaggerProvider)
   at Microsoft.AspNetCore.Diagnostics.DeveloperExceptionPageMiddlewareImpl.Invoke(HttpContext context)|url: https://localhost/api/posts|action: |Microsoft.AspNetCore.Diagnostics.DeveloperExceptionPageMiddlewareImpl.Invoke
2023-04-21 21:02:09.5761|1|ERROR|Microsoft.AspNetCore.Diagnostics.DeveloperExceptionPageMiddleware|An unhandled exception has occurred while executing the request. System.FormatException: The input string '' was not in a correct format.
   at System.Number.ThrowOverflowOrFormatException(ParsingStatus status, ReadOnlySpan`1 value, TypeCode type)
   at System.Int32.Parse(String s)
   at TatBlog.WebApi.Models.PostEditModel.BindAsync(HttpContext context) in C:\Users\NHTV\Desktop\PhatTrienUngDungWebNangCao\Lab\Lab01\TipsAndTricks\TatBlog.WebApi\Models\PostEditModel.cs:line 87
   at TatBlog.WebApi.Endpoints.PostEndpoints.AddPost(HttpContext context, IBlogRepository blogRepository, IMapper mapper, IMediaManager mediaManager) in C:\Users\NHTV\Desktop\PhatTrienUngDungWebNangCao\Lab\Lab01\TipsAndTricks\TatBlog.WebApi\Endpoints\PostEndpoints.cs:line 272
   at Microsoft.AspNetCore.Http.RequestDelegateFactory.ExecuteTaskResult[T](Task`1 task, HttpContext httpContext)
   at Microsoft.AspNetCore.Routing.EndpointMiddleware.<Invoke>g__AwaitRequestTask|6_0(Endpoint endpoint, Task requestTask, ILogger logger)
   at Swashbuckle.AspNetCore.SwaggerUI.SwaggerUIMiddleware.Invoke(HttpContext httpContext)
   at Swashbuckle.AspNetCore.Swagger.SwaggerMiddleware.Invoke(HttpContext httpContext, ISwaggerProvider swaggerProvider)
   at Microsoft.AspNetCore.Diagnostics.DeveloperExceptionPageMiddlewareImpl.Invoke(HttpContext context)|url: https://localhost/api/posts|action: |Microsoft.AspNetCore.Diagnostics.DeveloperExceptionPageMiddlewareImpl.Invoke
2023-04-21 21:04:13.6558|1|ERROR|Microsoft.AspNetCore.Diagnostics.DeveloperExceptionPageMiddleware|An unhandled exception has occurred while executing the request. System.FormatException: The input string '' was not in a correct format.
   at System.Number.ThrowOverflowOrFormatException(ParsingStatus status, ReadOnlySpan`1 value, TypeCode type)
   at System.Int32.Parse(String s)
   at TatBlog.WebApi.Models.PostEditModel.BindAsync(HttpContext context) in C:\Users\NHTV\Desktop\PhatTrienUngDungWebNangCao\Lab\Lab01\TipsAndTricks\TatBlog.WebApi\Models\PostEditModel.cs:line 87
   at TatBlog.WebApi.Endpoints.PostEndpoints.AddPost(HttpContext context, IBlogRepository blogRepository, IMapper mapper, IMediaManager mediaManager) in C:\Users\NHTV\Desktop\PhatTrienUngDungWebNangCao\Lab\Lab01\TipsAndTricks\TatBlog.WebApi\Endpoints\PostEndpoints.cs:line 272
   at Microsoft.AspNetCore.Http.RequestDelegateFactory.ExecuteTaskResult[T](Task`1 task, HttpContext httpContext)
   at Microsoft.AspNetCore.Routing.EndpointMiddleware.<Invoke>g__AwaitRequestTask|6_0(Endpoint endpoint, Task requestTask, ILogger logger)
   at Swashbuckle.AspNetCore.SwaggerUI.SwaggerUIMiddleware.Invoke(HttpContext httpContext)
   at Swashbuckle.AspNetCore.Swagger.SwaggerMiddleware.Invoke(HttpContext httpContext, ISwaggerProvider swaggerProvider)
   at Microsoft.AspNetCore.Diagnostics.DeveloperExceptionPageMiddlewareImpl.Invoke(HttpContext context)|url: https://localhost/api/posts|action: |Microsoft.AspNetCore.Diagnostics.DeveloperExceptionPageMiddlewareImpl.Invoke
2023-04-21 21:06:26.9209|1|ERROR|Microsoft.AspNetCore.Diagnostics.DeveloperExceptionPageMiddleware|An unhandled exception has occurred while executing the request. System.FormatException: The input string '' was not in a correct format.
   at System.Number.ThrowOverflowOrFormatException(ParsingStatus status, ReadOnlySpan`1 value, TypeCode type)
   at System.Int32.Parse(String s)
   at TatBlog.WebApi.Models.PostEditModel.BindAsync(HttpContext context) in C:\Users\NHTV\Desktop\PhatTrienUngDungWebNangCao\Lab\Lab01\TipsAndTricks\TatBlog.WebApi\Models\PostEditModel.cs:line 87
   at TatBlog.WebApi.Endpoints.PostEndpoints.AddPost(HttpContext context, IBlogRepository blogRepository, IMapper mapper, IMediaManager mediaManager) in C:\Users\NHTV\Desktop\PhatTrienUngDungWebNangCao\Lab\Lab01\TipsAndTricks\TatBlog.WebApi\Endpoints\PostEndpoints.cs:line 272
   at Microsoft.AspNetCore.Http.RequestDelegateFactory.ExecuteTaskResult[T](Task`1 task, HttpContext httpContext)
   at Microsoft.AspNetCore.Routing.EndpointMiddleware.<Invoke>g__AwaitRequestTask|6_0(Endpoint endpoint, Task requestTask, ILogger logger)
   at Swashbuckle.AspNetCore.SwaggerUI.SwaggerUIMiddleware.Invoke(HttpContext httpContext)
   at Swashbuckle.AspNetCore.Swagger.SwaggerMiddleware.Invoke(HttpContext httpContext, ISwaggerProvider swaggerProvider)
   at Microsoft.AspNetCore.Diagnostics.DeveloperExceptionPageMiddlewareImpl.Invoke(HttpContext context)|url: https://localhost/api/posts|action: |Microsoft.AspNetCore.Diagnostics.DeveloperExceptionPageMiddlewareImpl.Invoke
2023-04-21 21:09:13.4139|1|ERROR|Microsoft.AspNetCore.Diagnostics.DeveloperExceptionPageMiddleware|An unhandled exception has occurred while executing the request. System.ArgumentException: 'Cyrillic' is not a supported encoding name. For information on defining a custom encoding, see the documentation for the Encoding.RegisterProvider method. (Parameter 'name')
   at System.Text.EncodingTable.InternalGetCodePageFromName(String name)
   at System.Text.EncodingTable.GetCodePageFromName(String name)
   at System.Text.Encoding.GetEncoding(String name)
   at TatBlog.Services.Blogs.ExtensionMethods.RemoveAccent(String txt) in C:\Users\NHTV\Desktop\PhatTrienUngDungWebNangCao\Lab\Lab01\TipsAndTricks\TatBlog.Services\Blogs\ExtensionMethods.cs:line 26
   at TatBlog.Services.Blogs.ExtensionMethods.GenerateSlug(String phrase) in C:\Users\NHTV\Desktop\PhatTrienUngDungWebNangCao\Lab\Lab01\TipsAndTricks\TatBlog.Services\Blogs\ExtensionMethods.cs:line 9
   at TatBlog.WebApi.Endpoints.PostEndpoints.AddPost(HttpContext context, IBlogRepository blogRepository, IMapper mapper, IMediaManager mediaManager) in C:\Users\NHTV\Desktop\PhatTrienUngDungWebNangCao\Lab\Lab01\TipsAndTricks\TatBlog.WebApi\Endpoints\PostEndpoints.cs:line 273
   at Microsoft.AspNetCore.Http.RequestDelegateFactory.ExecuteTaskResult[T](Task`1 task, HttpContext httpContext)
   at Microsoft.AspNetCore.Routing.EndpointMiddleware.<Invoke>g__AwaitRequestTask|6_0(Endpoint endpoint, Task requestTask, ILogger logger)
   at Swashbuckle.AspNetCore.SwaggerUI.SwaggerUIMiddleware.Invoke(HttpContext httpContext)
   at Swashbuckle.AspNetCore.Swagger.SwaggerMiddleware.Invoke(HttpContext httpContext, ISwaggerProvider swaggerProvider)
   at Microsoft.AspNetCore.Diagnostics.DeveloperExceptionPageMiddlewareImpl.Invoke(HttpContext context)|url: https://localhost/api/posts|action: |Microsoft.AspNetCore.Diagnostics.DeveloperExceptionPageMiddlewareImpl.Invoke
2023-04-21 21:12:52.6424|1|ERROR|Microsoft.AspNetCore.Diagnostics.DeveloperExceptionPageMiddleware|An unhandled exception has occurred while executing the request. System.ArgumentException: 'Cyrillic' is not a supported encoding name. For information on defining a custom encoding, see the documentation for the Encoding.RegisterProvider method. (Parameter 'name')
   at System.Text.EncodingTable.InternalGetCodePageFromName(String name)
   at System.Text.EncodingTable.GetCodePageFromName(String name)
   at System.Text.Encoding.GetEncoding(String name)
   at TatBlog.Services.Blogs.ExtensionMethods.RemoveAccent(String txt) in C:\Users\NHTV\Desktop\PhatTrienUngDungWebNangCao\Lab\Lab01\TipsAndTricks\TatBlog.Services\Blogs\ExtensionMethods.cs:line 26
   at TatBlog.Services.Blogs.ExtensionMethods.GenerateSlug(String phrase) in C:\Users\NHTV\Desktop\PhatTrienUngDungWebNangCao\Lab\Lab01\TipsAndTricks\TatBlog.Services\Blogs\ExtensionMethods.cs:line 9
   at TatBlog.WebApi.Endpoints.PostEndpoints.AddPost(HttpContext context, IBlogRepository blogRepository, IMapper mapper, IMediaManager mediaManager) in C:\Users\NHTV\Desktop\PhatTrienUngDungWebNangCao\Lab\Lab01\TipsAndTricks\TatBlog.WebApi\Endpoints\PostEndpoints.cs:line 273
   at Microsoft.AspNetCore.Http.RequestDelegateFactory.ExecuteTaskResult[T](Task`1 task, HttpContext httpContext)
   at Microsoft.AspNetCore.Routing.EndpointMiddleware.<Invoke>g__AwaitRequestTask|6_0(Endpoint endpoint, Task requestTask, ILogger logger)
   at Swashbuckle.AspNetCore.SwaggerUI.SwaggerUIMiddleware.Invoke(HttpContext httpContext)
   at Swashbuckle.AspNetCore.Swagger.SwaggerMiddleware.Invoke(HttpContext httpContext, ISwaggerProvider swaggerProvider)
   at Microsoft.AspNetCore.Diagnostics.DeveloperExceptionPageMiddlewareImpl.Invoke(HttpContext context)|url: https://localhost/api/posts|action: |Microsoft.AspNetCore.Diagnostics.DeveloperExceptionPageMiddlewareImpl.Invoke
2023-04-21 21:15:59.9866|0|DEBUG|Program|init main |url: |action: |Program.<Main>$
2023-04-21 21:16:02.3801|14|INFO|Microsoft.Hosting.Lifetime|Now listening on: https://localhost:7115 |url: |action: |Microsoft.AspNetCore.Hosting.GenericWebHostService.StartAsync
2023-04-21 21:16:02.3801|14|INFO|Microsoft.Hosting.Lifetime|Now listening on: http://localhost:5134 |url: |action: |Microsoft.AspNetCore.Hosting.GenericWebHostService.StartAsync
2023-04-21 21:16:02.3801|0|INFO|Microsoft.Hosting.Lifetime|Application started. Press Ctrl+C to shut down. |url: |action: |Microsoft.Extensions.Hosting.Internal.ConsoleLifetime.OnApplicationStarted
2023-04-21 21:16:02.3801|0|INFO|Microsoft.Hosting.Lifetime|Hosting environment: Development |url: |action: |Microsoft.Extensions.Hosting.Internal.ConsoleLifetime.OnApplicationStarted
2023-04-21 21:16:02.3801|0|INFO|Microsoft.Hosting.Lifetime|Content root path: C:\Users\NHTV\Desktop\PhatTrienUngDungWebNangCao\Lab\Lab01\TipsAndTricks\TatBlog.WebApi |url: |action: |Microsoft.Extensions.Hosting.Internal.ApplicationLifetime.NotifyStarted
2023-04-21 21:17:41.1726|0|DEBUG|Program|init main |url: |action: |Program.<Main>$
2023-04-21 21:17:42.5400|14|INFO|Microsoft.Hosting.Lifetime|Now listening on: https://localhost:7115 |url: |action: |Microsoft.AspNetCore.Hosting.GenericWebHostService.StartAsync
2023-04-21 21:17:42.5400|14|INFO|Microsoft.Hosting.Lifetime|Now listening on: http://localhost:5134 |url: |action: |Microsoft.AspNetCore.Hosting.GenericWebHostService.StartAsync
2023-04-21 21:17:42.5400|0|INFO|Microsoft.Hosting.Lifetime|Application started. Press Ctrl+C to shut down. |url: |action: |Microsoft.Extensions.Hosting.Internal.ConsoleLifetime.OnApplicationStarted
2023-04-21 21:17:42.5400|0|INFO|Microsoft.Hosting.Lifetime|Hosting environment: Development |url: |action: |Microsoft.Extensions.Hosting.Internal.ConsoleLifetime.OnApplicationStarted
2023-04-21 21:17:42.5400|0|INFO|Microsoft.Hosting.Lifetime|Content root path: C:\Users\NHTV\Desktop\PhatTrienUngDungWebNangCao\Lab\Lab01\TipsAndTricks\TatBlog.WebApi |url: |action: |Microsoft.Extensions.Hosting.Internal.ApplicationLifetime.NotifyStarted
2023-04-21 21:19:01.0731|1|ERROR|Microsoft.AspNetCore.Diagnostics.DeveloperExceptionPageMiddleware|An unhandled exception has occurred while executing the request. System.FormatException: The input string '' was not in a correct format.
   at System.Number.ThrowOverflowOrFormatException(ParsingStatus status, ReadOnlySpan`1 value, TypeCode type)
   at System.Int32.Parse(String s)
   at TatBlog.WebApi.Models.PostEditModel.BindAsync(HttpContext context) in C:\Users\NHTV\Desktop\PhatTrienUngDungWebNangCao\Lab\Lab01\TipsAndTricks\TatBlog.WebApi\Models\PostEditModel.cs:line 87
   at TatBlog.WebApi.Endpoints.PostEndpoints.AddPost(HttpContext context, IBlogRepository blogRepository, IMapper mapper, IMediaManager mediaManager) in C:\Users\NHTV\Desktop\PhatTrienUngDungWebNangCao\Lab\Lab01\TipsAndTricks\TatBlog.WebApi\Endpoints\PostEndpoints.cs:line 272
   at Microsoft.AspNetCore.Http.RequestDelegateFactory.ExecuteTaskResult[T](Task`1 task, HttpContext httpContext)
   at Microsoft.AspNetCore.Routing.EndpointMiddleware.<Invoke>g__AwaitRequestTask|6_0(Endpoint endpoint, Task requestTask, ILogger logger)
   at Swashbuckle.AspNetCore.SwaggerUI.SwaggerUIMiddleware.Invoke(HttpContext httpContext)
   at Swashbuckle.AspNetCore.Swagger.SwaggerMiddleware.Invoke(HttpContext httpContext, ISwaggerProvider swaggerProvider)
   at Microsoft.AspNetCore.Diagnostics.DeveloperExceptionPageMiddlewareImpl.Invoke(HttpContext context)|url: https://localhost/api/posts|action: |Microsoft.AspNetCore.Diagnostics.DeveloperExceptionPageMiddlewareImpl.Invoke
2023-04-21 21:30:03.4634|0|DEBUG|Program|init main |url: |action: |Program.<Main>$
2023-04-21 21:30:05.1085|14|INFO|Microsoft.Hosting.Lifetime|Now listening on: https://localhost:7115 |url: |action: |Microsoft.AspNetCore.Hosting.GenericWebHostService.StartAsync
2023-04-21 21:30:05.1274|14|INFO|Microsoft.Hosting.Lifetime|Now listening on: http://localhost:5134 |url: |action: |Microsoft.AspNetCore.Hosting.GenericWebHostService.StartAsync
2023-04-21 21:30:05.1274|0|INFO|Microsoft.Hosting.Lifetime|Application started. Press Ctrl+C to shut down. |url: |action: |Microsoft.Extensions.Hosting.Internal.ConsoleLifetime.OnApplicationStarted
2023-04-21 21:30:05.1274|0|INFO|Microsoft.Hosting.Lifetime|Hosting environment: Development |url: |action: |Microsoft.Extensions.Hosting.Internal.ConsoleLifetime.OnApplicationStarted
2023-04-21 21:30:05.1274|0|INFO|Microsoft.Hosting.Lifetime|Content root path: C:\Users\NHTV\Desktop\PhatTrienUngDungWebNangCao\Lab\Lab01\TipsAndTricks\TatBlog.WebApi |url: |action: |Microsoft.Extensions.Hosting.Internal.ApplicationLifetime.NotifyStarted
2023-04-21 21:33:02.7791|0|INFO|Microsoft.Hosting.Lifetime|Application is shutting down... |url: |action: |Microsoft.Extensions.Hosting.Internal.ApplicationLifetime.StopApplication
