2023-04-19 19:49:50.0997|0|DEBUG|Program|init main |url: |action: |Program.<Main>$
2023-04-19 19:49:50.9326|14|INFO|Microsoft.Hosting.Lifetime|Now listening on: http://localhost:5000 |url: |action: |Microsoft.AspNetCore.Hosting.GenericWebHostService.StartAsync
2023-04-19 19:49:50.9326|0|INFO|Microsoft.Hosting.Lifetime|Application started. Press Ctrl+C to shut down. |url: |action: |Microsoft.Extensions.Hosting.Internal.ConsoleLifetime.OnApplicationStarted
2023-04-19 19:49:50.9326|0|INFO|Microsoft.Hosting.Lifetime|Hosting environment: Production |url: |action: |Microsoft.Extensions.Hosting.Internal.ConsoleLifetime.OnApplicationStarted
2023-04-19 19:49:50.9326|0|INFO|Microsoft.Hosting.Lifetime|Content root path: C:\Users\NHTV\Desktop\PhatTrienUngDungWebNangCao\Lab\Lab01\TipsAndTricks\TatBlog.WebApi\bin\Debug\net7.0 |url: |action: |Microsoft.Extensions.Hosting.Internal.ApplicationLifetime.NotifyStarted
2023-04-19 19:51:39.7868|3|WARN|Microsoft.AspNetCore.HttpsPolicy.HttpsRedirectionMiddleware|Failed to determine the https port for redirect. |url: http://localhost/|action: |Microsoft.AspNetCore.HttpsPolicy.HttpsRedirectionMiddleware.TryGetHttpsPort
2023-04-19 19:52:18.6406|0|INFO|Microsoft.Hosting.Lifetime|Application is shutting down... |url: |action: |Microsoft.Extensions.Hosting.Internal.ApplicationLifetime.StopApplication
2023-04-19 20:30:21.7495|0|DEBUG|Program|init main |url: |action: |Program.<Main>$
2023-04-19 20:30:22.9605|14|INFO|Microsoft.Hosting.Lifetime|Now listening on: https://localhost:7115 |url: |action: |Microsoft.AspNetCore.Hosting.GenericWebHostService.StartAsync
2023-04-19 20:30:22.9605|14|INFO|Microsoft.Hosting.Lifetime|Now listening on: http://localhost:5134 |url: |action: |Microsoft.AspNetCore.Hosting.GenericWebHostService.StartAsync
2023-04-19 20:30:22.9605|0|INFO|Microsoft.Hosting.Lifetime|Application started. Press Ctrl+C to shut down. |url: |action: |Microsoft.Extensions.Hosting.Internal.ConsoleLifetime.OnApplicationStarted
2023-04-19 20:30:22.9744|0|INFO|Microsoft.Hosting.Lifetime|Hosting environment: Development |url: |action: |Microsoft.Extensions.Hosting.Internal.ConsoleLifetime.OnApplicationStarted
2023-04-19 20:30:22.9744|0|INFO|Microsoft.Hosting.Lifetime|Content root path: C:\Users\NHTV\Desktop\PhatTrienUngDungWebNangCao\Lab\Lab01\TipsAndTricks\TatBlog.WebApi |url: |action: |Microsoft.Extensions.Hosting.Internal.ApplicationLifetime.NotifyStarted
2023-04-19 20:50:31.2069|10100|ERROR|Microsoft.EntityFrameworkCore.Query|An exception occurred while iterating over the results of a query for context type 'TatBlog.Data.Contexts.BlogDbContext'.
Microsoft.Data.SqlClient.SqlException (0x80131904): The offset specified in a OFFSET clause may not be negative.
   at Microsoft.Data.SqlClient.SqlConnection.OnError(SqlException exception, Boolean breakConnection, Action`1 wrapCloseInAction)
   at Microsoft.Data.SqlClient.SqlInternalConnection.OnError(SqlException exception, Boolean breakConnection, Action`1 wrapCloseInAction)
   at Microsoft.Data.SqlClient.TdsParser.ThrowExceptionAndWarning(TdsParserStateObject stateObj, Boolean callerHasConnectionLock, Boolean asyncClose)
   at Microsoft.Data.SqlClient.TdsParser.TryRun(RunBehavior runBehavior, SqlCommand cmdHandler, SqlDataReader dataStream, BulkCopySimpleResultSet bulkCopyHandler, TdsParserStateObject stateObj, Boolean& dataReady)
   at Microsoft.Data.SqlClient.SqlDataReader.TryHasMoreRows(Boolean& moreRows)
   at Microsoft.Data.SqlClient.SqlDataReader.TryReadInternal(Boolean setTimeout, Boolean& more)
   at Microsoft.Data.SqlClient.SqlDataReader.ReadAsyncExecute(Task task, Object state)
   at Microsoft.Data.SqlClient.SqlDataReader.InvokeAsyncCall[T](SqlDataReaderAsyncCallContext`1 context)
--- End of stack trace from previous location ---
   at Microsoft.EntityFrameworkCore.Query.Internal.SingleQueryingEnumerable`1.AsyncEnumerator.MoveNextAsync()
ClientConnectionId:1bfdf637-46a9-4445-8592-2e3929bad9f5
Error Number:10742,State:1,Class:15 Microsoft.Data.SqlClient.SqlException (0x80131904): The offset specified in a OFFSET clause may not be negative.
   at Microsoft.Data.SqlClient.SqlConnection.OnError(SqlException exception, Boolean breakConnection, Action`1 wrapCloseInAction)
   at Microsoft.Data.SqlClient.SqlInternalConnection.OnError(SqlException exception, Boolean breakConnection, Action`1 wrapCloseInAction)
   at Microsoft.Data.SqlClient.TdsParser.ThrowExceptionAndWarning(TdsParserStateObject stateObj, Boolean callerHasConnectionLock, Boolean asyncClose)
   at Microsoft.Data.SqlClient.TdsParser.TryRun(RunBehavior runBehavior, SqlCommand cmdHandler, SqlDataReader dataStream, BulkCopySimpleResultSet bulkCopyHandler, TdsParserStateObject stateObj, Boolean& dataReady)
   at Microsoft.Data.SqlClient.SqlDataReader.TryHasMoreRows(Boolean& moreRows)
   at Microsoft.Data.SqlClient.SqlDataReader.TryReadInternal(Boolean setTimeout, Boolean& more)
   at Microsoft.Data.SqlClient.SqlDataReader.ReadAsyncExecute(Task task, Object state)
   at Microsoft.Data.SqlClient.SqlDataReader.InvokeAsyncCall[T](SqlDataReaderAsyncCallContext`1 context)
--- End of stack trace from previous location ---
   at Microsoft.EntityFrameworkCore.Query.Internal.SingleQueryingEnumerable`1.AsyncEnumerator.MoveNextAsync()
ClientConnectionId:1bfdf637-46a9-4445-8592-2e3929bad9f5
Error Number:10742,State:1,Class:15|url: https://localhost/api/posts|action: |Microsoft.EntityFrameworkCore.Diagnostics.EventDefinition`3.Log
2023-04-19 20:50:31.2131|1|ERROR|Microsoft.AspNetCore.Diagnostics.DeveloperExceptionPageMiddleware|An unhandled exception has occurred while executing the request. Microsoft.Data.SqlClient.SqlException (0x80131904): The offset specified in a OFFSET clause may not be negative.
   at Microsoft.Data.SqlClient.SqlConnection.OnError(SqlException exception, Boolean breakConnection, Action`1 wrapCloseInAction)
   at Microsoft.Data.SqlClient.SqlInternalConnection.OnError(SqlException exception, Boolean breakConnection, Action`1 wrapCloseInAction)
   at Microsoft.Data.SqlClient.TdsParser.ThrowExceptionAndWarning(TdsParserStateObject stateObj, Boolean callerHasConnectionLock, Boolean asyncClose)
   at Microsoft.Data.SqlClient.TdsParser.TryRun(RunBehavior runBehavior, SqlCommand cmdHandler, SqlDataReader dataStream, BulkCopySimpleResultSet bulkCopyHandler, TdsParserStateObject stateObj, Boolean& dataReady)
   at Microsoft.Data.SqlClient.SqlDataReader.TryHasMoreRows(Boolean& moreRows)
   at Microsoft.Data.SqlClient.SqlDataReader.TryReadInternal(Boolean setTimeout, Boolean& more)
   at Microsoft.Data.SqlClient.SqlDataReader.ReadAsyncExecute(Task task, Object state)
   at Microsoft.Data.SqlClient.SqlDataReader.InvokeAsyncCall[T](SqlDataReaderAsyncCallContext`1 context)
--- End of stack trace from previous location ---
   at Microsoft.EntityFrameworkCore.Query.Internal.SingleQueryingEnumerable`1.AsyncEnumerator.MoveNextAsync()
   at Microsoft.EntityFrameworkCore.EntityFrameworkQueryableExtensions.ToListAsync[TSource](IQueryable`1 source, CancellationToken cancellationToken)
   at Microsoft.EntityFrameworkCore.EntityFrameworkQueryableExtensions.ToListAsync[TSource](IQueryable`1 source, CancellationToken cancellationToken)
   at TatBlog.Services.Extensions.PagedListExtensions.ToPagedListAsync[T](IQueryable`1 source, IPagingParams pagingParams, CancellationToken cancellationToken)
   at TatBlog.Services.Blogs.PostRepository.GetPagedPostsAsync(PostQuery query, IPagingParams pagingParams, CancellationToken cancellationToken) in C:\Users\NHTV\Desktop\PhatTrienUngDungWebNangCao\Lab\Lab01\TipsAndTricks\TatBlog.Services\Blogs\PostRepository.cs:line 194
   at TatBlog.WebApi.Endpoints.PostEndpoints.GetPosts(PostFilterModel model, IPostRepository postRepository) in C:\Users\NHTV\Desktop\PhatTrienUngDungWebNangCao\Lab\Lab01\TipsAndTricks\TatBlog.WebApi\Endpoints\PostEndpoints.cs:line 93
   at Microsoft.AspNetCore.Http.RequestDelegateFactory.ExecuteTaskResult[T](Task`1 task, HttpContext httpContext)
   at Microsoft.AspNetCore.Routing.EndpointMiddleware.<Invoke>g__AwaitRequestTask|6_0(Endpoint endpoint, Task requestTask, ILogger logger)
   at Swashbuckle.AspNetCore.SwaggerUI.SwaggerUIMiddleware.Invoke(HttpContext httpContext)
   at Swashbuckle.AspNetCore.Swagger.SwaggerMiddleware.Invoke(HttpContext httpContext, ISwaggerProvider swaggerProvider)
   at Microsoft.AspNetCore.Diagnostics.DeveloperExceptionPageMiddlewareImpl.Invoke(HttpContext context)
ClientConnectionId:1bfdf637-46a9-4445-8592-2e3929bad9f5
Error Number:10742,State:1,Class:15|url: https://localhost/api/posts|action: |Microsoft.AspNetCore.Diagnostics.DeveloperExceptionPageMiddlewareImpl.Invoke
2023-04-19 20:50:36.9435|10100|ERROR|Microsoft.EntityFrameworkCore.Query|An exception occurred while iterating over the results of a query for context type 'TatBlog.Data.Contexts.BlogDbContext'.
Microsoft.Data.SqlClient.SqlException (0x80131904): The offset specified in a OFFSET clause may not be negative.
   at Microsoft.Data.SqlClient.SqlConnection.OnError(SqlException exception, Boolean breakConnection, Action`1 wrapCloseInAction)
   at Microsoft.Data.SqlClient.SqlInternalConnection.OnError(SqlException exception, Boolean breakConnection, Action`1 wrapCloseInAction)
   at Microsoft.Data.SqlClient.TdsParser.ThrowExceptionAndWarning(TdsParserStateObject stateObj, Boolean callerHasConnectionLock, Boolean asyncClose)
   at Microsoft.Data.SqlClient.TdsParser.TryRun(RunBehavior runBehavior, SqlCommand cmdHandler, SqlDataReader dataStream, BulkCopySimpleResultSet bulkCopyHandler, TdsParserStateObject stateObj, Boolean& dataReady)
   at Microsoft.Data.SqlClient.SqlDataReader.TryHasMoreRows(Boolean& moreRows)
   at Microsoft.Data.SqlClient.SqlDataReader.TryReadInternal(Boolean setTimeout, Boolean& more)
   at Microsoft.Data.SqlClient.SqlDataReader.ReadAsyncExecute(Task task, Object state)
   at Microsoft.Data.SqlClient.SqlDataReader.InvokeAsyncCall[T](SqlDataReaderAsyncCallContext`1 context)
--- End of stack trace from previous location ---
   at Microsoft.EntityFrameworkCore.Query.Internal.SingleQueryingEnumerable`1.AsyncEnumerator.MoveNextAsync()
ClientConnectionId:1bfdf637-46a9-4445-8592-2e3929bad9f5
Error Number:10742,State:1,Class:15 Microsoft.Data.SqlClient.SqlException (0x80131904): The offset specified in a OFFSET clause may not be negative.
   at Microsoft.Data.SqlClient.SqlConnection.OnError(SqlException exception, Boolean breakConnection, Action`1 wrapCloseInAction)
   at Microsoft.Data.SqlClient.SqlInternalConnection.OnError(SqlException exception, Boolean breakConnection, Action`1 wrapCloseInAction)
   at Microsoft.Data.SqlClient.TdsParser.ThrowExceptionAndWarning(TdsParserStateObject stateObj, Boolean callerHasConnectionLock, Boolean asyncClose)
   at Microsoft.Data.SqlClient.TdsParser.TryRun(RunBehavior runBehavior, SqlCommand cmdHandler, SqlDataReader dataStream, BulkCopySimpleResultSet bulkCopyHandler, TdsParserStateObject stateObj, Boolean& dataReady)
   at Microsoft.Data.SqlClient.SqlDataReader.TryHasMoreRows(Boolean& moreRows)
   at Microsoft.Data.SqlClient.SqlDataReader.TryReadInternal(Boolean setTimeout, Boolean& more)
   at Microsoft.Data.SqlClient.SqlDataReader.ReadAsyncExecute(Task task, Object state)
   at Microsoft.Data.SqlClient.SqlDataReader.InvokeAsyncCall[T](SqlDataReaderAsyncCallContext`1 context)
--- End of stack trace from previous location ---
   at Microsoft.EntityFrameworkCore.Query.Internal.SingleQueryingEnumerable`1.AsyncEnumerator.MoveNextAsync()
ClientConnectionId:1bfdf637-46a9-4445-8592-2e3929bad9f5
Error Number:10742,State:1,Class:15|url: https://localhost/api/posts|action: |Microsoft.EntityFrameworkCore.Diagnostics.EventDefinition`3.Log
2023-04-19 20:50:36.9435|1|ERROR|Microsoft.AspNetCore.Diagnostics.DeveloperExceptionPageMiddleware|An unhandled exception has occurred while executing the request. Microsoft.Data.SqlClient.SqlException (0x80131904): The offset specified in a OFFSET clause may not be negative.
   at Microsoft.Data.SqlClient.SqlConnection.OnError(SqlException exception, Boolean breakConnection, Action`1 wrapCloseInAction)
   at Microsoft.Data.SqlClient.SqlInternalConnection.OnError(SqlException exception, Boolean breakConnection, Action`1 wrapCloseInAction)
   at Microsoft.Data.SqlClient.TdsParser.ThrowExceptionAndWarning(TdsParserStateObject stateObj, Boolean callerHasConnectionLock, Boolean asyncClose)
   at Microsoft.Data.SqlClient.TdsParser.TryRun(RunBehavior runBehavior, SqlCommand cmdHandler, SqlDataReader dataStream, BulkCopySimpleResultSet bulkCopyHandler, TdsParserStateObject stateObj, Boolean& dataReady)
   at Microsoft.Data.SqlClient.SqlDataReader.TryHasMoreRows(Boolean& moreRows)
   at Microsoft.Data.SqlClient.SqlDataReader.TryReadInternal(Boolean setTimeout, Boolean& more)
   at Microsoft.Data.SqlClient.SqlDataReader.ReadAsyncExecute(Task task, Object state)
   at Microsoft.Data.SqlClient.SqlDataReader.InvokeAsyncCall[T](SqlDataReaderAsyncCallContext`1 context)
--- End of stack trace from previous location ---
   at Microsoft.EntityFrameworkCore.Query.Internal.SingleQueryingEnumerable`1.AsyncEnumerator.MoveNextAsync()
   at Microsoft.EntityFrameworkCore.EntityFrameworkQueryableExtensions.ToListAsync[TSource](IQueryable`1 source, CancellationToken cancellationToken)
   at Microsoft.EntityFrameworkCore.EntityFrameworkQueryableExtensions.ToListAsync[TSource](IQueryable`1 source, CancellationToken cancellationToken)
   at TatBlog.Services.Extensions.PagedListExtensions.ToPagedListAsync[T](IQueryable`1 source, IPagingParams pagingParams, CancellationToken cancellationToken)
   at TatBlog.Services.Blogs.PostRepository.GetPagedPostsAsync(PostQuery query, IPagingParams pagingParams, CancellationToken cancellationToken) in C:\Users\NHTV\Desktop\PhatTrienUngDungWebNangCao\Lab\Lab01\TipsAndTricks\TatBlog.Services\Blogs\PostRepository.cs:line 194
   at TatBlog.WebApi.Endpoints.PostEndpoints.GetPosts(PostFilterModel model, IPostRepository postRepository) in C:\Users\NHTV\Desktop\PhatTrienUngDungWebNangCao\Lab\Lab01\TipsAndTricks\TatBlog.WebApi\Endpoints\PostEndpoints.cs:line 93
   at Microsoft.AspNetCore.Http.RequestDelegateFactory.ExecuteTaskResult[T](Task`1 task, HttpContext httpContext)
   at Microsoft.AspNetCore.Routing.EndpointMiddleware.<Invoke>g__AwaitRequestTask|6_0(Endpoint endpoint, Task requestTask, ILogger logger)
   at Swashbuckle.AspNetCore.SwaggerUI.SwaggerUIMiddleware.Invoke(HttpContext httpContext)
   at Swashbuckle.AspNetCore.Swagger.SwaggerMiddleware.Invoke(HttpContext httpContext, ISwaggerProvider swaggerProvider)
   at Microsoft.AspNetCore.Diagnostics.DeveloperExceptionPageMiddlewareImpl.Invoke(HttpContext context)
ClientConnectionId:1bfdf637-46a9-4445-8592-2e3929bad9f5
Error Number:10742,State:1,Class:15|url: https://localhost/api/posts|action: |Microsoft.AspNetCore.Diagnostics.DeveloperExceptionPageMiddlewareImpl.Invoke
2023-04-19 21:35:58.4586|1|ERROR|Microsoft.AspNetCore.Diagnostics.DeveloperExceptionPageMiddleware|An unhandled exception has occurred while executing the request. Microsoft.AspNetCore.Http.BadHttpRequestException: Failed to bind parameter "int PageSize" from "".
   at lambda_method27(Closure, Object, HttpContext)
   at Microsoft.AspNetCore.Routing.EndpointMiddleware.Invoke(HttpContext httpContext)
--- End of stack trace from previous location ---
   at Swashbuckle.AspNetCore.SwaggerUI.SwaggerUIMiddleware.Invoke(HttpContext httpContext)
   at Swashbuckle.AspNetCore.Swagger.SwaggerMiddleware.Invoke(HttpContext httpContext, ISwaggerProvider swaggerProvider)
   at Microsoft.AspNetCore.Diagnostics.DeveloperExceptionPageMiddlewareImpl.Invoke(HttpContext context)|url: https://localhost/api/posts|action: |Microsoft.AspNetCore.Diagnostics.DeveloperExceptionPageMiddlewareImpl.Invoke
2023-04-19 22:13:52.6106|0|INFO|Microsoft.Hosting.Lifetime|Application is shutting down... |url: |action: |Microsoft.Extensions.Hosting.Internal.ApplicationLifetime.StopApplication
